Watching for file changes with StatReloader
C:\Users\busle\PycharmProjects\pythonProject3\myproject\myproject\settings.py changed, reloading.
Watching for file changes with StatReloader
"GET / HTTP/1.1" 200 13
"GET /dice/ HTTP/1.1" 200 1
"GET /dice/ HTTP/1.1" 200 1
"GET /dice/ HTTP/1.1" 200 1
"GET /dice/ HTTP/1.1" 200 1
"GET /dice/ HTTP/1.1" 200 1
"GET /dice/ HTTP/1.1" 200 1
"GET /dice/ HTTP/1.1" 200 1
C:\Users\busle\PycharmProjects\pythonProject3\myproject\myproject\settings.py changed, reloading.
Watching for file changes with StatReloader
"GET / HTTP/1.1" 200 13
1
"GET /dice/ HTTP/1.1" 200 1
5
"GET /dice/ HTTP/1.1" 200 1
6
"GET /dice/ HTTP/1.1" 200 1
2
"GET /dice/ HTTP/1.1" 200 1
1
"GET /dice/ HTTP/1.1" 200 1
5
"GET /dice/ HTTP/1.1" 200 1
5
"GET /dice/ HTTP/1.1" 200 1
3
"GET /dice/ HTTP/1.1" 200 1
5
"GET /dice/ HTTP/1.1" 200 1
4
"GET /dice/ HTTP/1.1" 200 1
C:\Users\busle\PycharmProjects\pythonProject3\myproject\myapp\views.py changed, reloading.
Watching for file changes with StatReloader
"GET / HTTP/1.1" 200 165
C:\Users\busle\PycharmProjects\pythonProject3\myproject\myapp\views.py changed, reloading.
Watching for file changes with StatReloader
"GET / HTTP/1.1" 200 186
"GET / HTTP/1.1" 200 186
"GET / HTTP/1.1" 200 186
"GET / HTTP/1.1" 200 186
"GET / HTTP/1.1" 200 186
C:\Users\busle\PycharmProjects\pythonProject3\myproject\myapp\views.py changed, reloading.
Watching for file changes with StatReloader
"GET / HTTP/1.1" 200 195
"GET / HTTP/1.1" 200 195
C:\Users\busle\PycharmProjects\pythonProject3\myproject\myapp\views.py changed, reloading.
Watching for file changes with StatReloader
"GET / HTTP/1.1" 200 208
"GET /about HTTP/1.1" 301 0
"GET /about/ HTTP/1.1" 200 8
"GET /about/ HTTP/1.1" 200 8
Watching for file changes with StatReloader
Watching for file changes with StatReloader
Watching for file changes with StatReloader
Watching for file changes with StatReloader
Watching for file changes with StatReloader
Watching for file changes with StatReloader
Watching for file changes with StatReloader
C:\Users\busle\PycharmProjects\pythonProject3\myproject\dice\views.py changed, reloading.
Watching for file changes with StatReloader
"GET / HTTP/1.1" 200 208
Not Found: /favicon.ico
"GET /favicon.ico HTTP/1.1" 404 2942
"GET / HTTP/1.1" 200 208
C:\Users\busle\PycharmProjects\pythonProject3\myproject\dice\views.py changed, reloading.
Watching for file changes with StatReloader
"GET / HTTP/1.1" 200 208
C:\Users\busle\PycharmProjects\pythonProject3\myproject\dice\models.py changed, reloading.
Watching for file changes with StatReloader
Not Found: /dice/dice/5
"GET /dice/dice/5 HTTP/1.1" 404 2942
Not Found: /dice/coin/10
"GET /dice/coin/10 HTTP/1.1" 404 2945
C:\Users\busle\PycharmProjects\pythonProject3\myproject\myproject\urls.py changed, reloading.
Watching for file changes with StatReloader
Not Found: /coin/10
"GET /coin/10 HTTP/1.1" 404 2930
Not Found: /coin/10
"GET /coin/10 HTTP/1.1" 404 2930
C:\Users\busle\PycharmProjects\pythonProject3\myproject\dice\urls.py changed, reloading.
Watching for file changes with StatReloader
Head
Internal Server Error: /coin/10
Traceback (most recent call last):
  File "C:\Users\busle\AppData\Local\Programs\Python\Python312\Lib\site-packages\django\db\backends\utils.py", line 105, in _execute
    return self.cursor.execute(sql, params)
           ^^^^^^^^^^^^^^^^^^^^^^^^^^^^^^^^
  File "C:\Users\busle\AppData\Local\Programs\Python\Python312\Lib\site-packages\django\db\backends\sqlite3\base.py", line 329, in execute
    return super().execute(query, params)
           ^^^^^^^^^^^^^^^^^^^^^^^^^^^^^^
sqlite3.OperationalError: no such table: dice_coinflip

The above exception was the direct cause of the following exception:

Traceback (most recent call last):
  File "C:\Users\busle\AppData\Local\Programs\Python\Python312\Lib\site-packages\django\core\handlers\exception.py", line 55, in inner
    response = get_response(request)
               ^^^^^^^^^^^^^^^^^^^^^
  File "C:\Users\busle\AppData\Local\Programs\Python\Python312\Lib\site-packages\django\core\handlers\base.py", line 197, in _get_response
    response = wrapped_callback(request, *callback_args, **callback_kwargs)
               ^^^^^^^^^^^^^^^^^^^^^^^^^^^^^^^^^^^^^^^^^^^^^^^^^^^^^^^^^^^^
  File "C:\Users\busle\PycharmProjects\pythonProject3\myproject\dice\views.py", line 12, in coin
    CoinFlip(side=result).save()
  File "C:\Users\busle\AppData\Local\Programs\Python\Python312\Lib\site-packages\django\db\models\base.py", line 822, in save
    self.save_base(
  File "C:\Users\busle\AppData\Local\Programs\Python\Python312\Lib\site-packages\django\db\models\base.py", line 909, in save_base
    updated = self._save_table(
              ^^^^^^^^^^^^^^^^^
  File "C:\Users\busle\AppData\Local\Programs\Python\Python312\Lib\site-packages\django\db\models\base.py", line 1067, in _save_table
    results = self._do_insert(
              ^^^^^^^^^^^^^^^^
  File "C:\Users\busle\AppData\Local\Programs\Python\Python312\Lib\site-packages\django\db\models\base.py", line 1108, in _do_insert
    return manager._insert(
           ^^^^^^^^^^^^^^^^
  File "C:\Users\busle\AppData\Local\Programs\Python\Python312\Lib\site-packages\django\db\models\manager.py", line 87, in manager_method
    return getattr(self.get_queryset(), name)(*args, **kwargs)
           ^^^^^^^^^^^^^^^^^^^^^^^^^^^^^^^^^^^^^^^^^^^^^^^^^^^
  File "C:\Users\busle\AppData\Local\Programs\Python\Python312\Lib\site-packages\django\db\models\query.py", line 1847, in _insert
    return query.get_compiler(using=using).execute_sql(returning_fields)
           ^^^^^^^^^^^^^^^^^^^^^^^^^^^^^^^^^^^^^^^^^^^^^^^^^^^^^^^^^^^^^
  File "C:\Users\busle\AppData\Local\Programs\Python\Python312\Lib\site-packages\django\db\models\sql\compiler.py", line 1823, in execute_sql
    cursor.execute(sql, params)
  File "C:\Users\busle\AppData\Local\Programs\Python\Python312\Lib\site-packages\django\db\backends\utils.py", line 122, in execute
    return super().execute(sql, params)
           ^^^^^^^^^^^^^^^^^^^^^^^^^^^^
  File "C:\Users\busle\AppData\Local\Programs\Python\Python312\Lib\site-packages\django\db\backends\utils.py", line 79, in execute
    return self._execute_with_wrappers(
           ^^^^^^^^^^^^^^^^^^^^^^^^^^^^
  File "C:\Users\busle\AppData\Local\Programs\Python\Python312\Lib\site-packages\django\db\backends\utils.py", line 92, in _execute_with_wrappers
    return executor(sql, params, many, context)
           ^^^^^^^^^^^^^^^^^^^^^^^^^^^^^^^^^^^^
  File "C:\Users\busle\AppData\Local\Programs\Python\Python312\Lib\site-packages\django\db\backends\utils.py", line 100, in _execute
    with self.db.wrap_database_errors:
  File "C:\Users\busle\AppData\Local\Programs\Python\Python312\Lib\site-packages\django\db\utils.py", line 91, in __exit__
    raise dj_exc_value.with_traceback(traceback) from exc_value
  File "C:\Users\busle\AppData\Local\Programs\Python\Python312\Lib\site-packages\django\db\backends\utils.py", line 105, in _execute
    return self.cursor.execute(sql, params)
           ^^^^^^^^^^^^^^^^^^^^^^^^^^^^^^^^
  File "C:\Users\busle\AppData\Local\Programs\Python\Python312\Lib\site-packages\django\db\backends\sqlite3\base.py", line 329, in execute
    return super().execute(query, params)
           ^^^^^^^^^^^^^^^^^^^^^^^^^^^^^^
django.db.utils.OperationalError: no such table: dice_coinflip
"GET /coin/10 HTTP/1.1" 500 145079
Watching for file changes with StatReloader
Head
Internal Server Error: /coin/10
Traceback (most recent call last):
  File "C:\Users\busle\AppData\Local\Programs\Python\Python312\Lib\site-packages\django\core\handlers\exception.py", line 55, in inner
    response = get_response(request)
               ^^^^^^^^^^^^^^^^^^^^^
  File "C:\Users\busle\AppData\Local\Programs\Python\Python312\Lib\site-packages\django\core\handlers\base.py", line 197, in _get_response
    response = wrapped_callback(request, *callback_args, **callback_kwargs)
               ^^^^^^^^^^^^^^^^^^^^^^^^^^^^^^^^^^^^^^^^^^^^^^^^^^^^^^^^^^^^
  File "C:\Users\busle\PycharmProjects\pythonProject3\myproject\dice\views.py", line 18, in coin
    return render(request, 'dice/dice.html', context)
           ^^^^^^^^^^^^^^^^^^^^^^^^^^^^^^^^^^^^^^^^^^
  File "C:\Users\busle\AppData\Local\Programs\Python\Python312\Lib\site-packages\django\shortcuts.py", line 25, in render
    content = loader.render_to_string(template_name, context, request, using=using)
              ^^^^^^^^^^^^^^^^^^^^^^^^^^^^^^^^^^^^^^^^^^^^^^^^^^^^^^^^^^^^^^^^^^^^^
  File "C:\Users\busle\AppData\Local\Programs\Python\Python312\Lib\site-packages\django\template\loader.py", line 61, in render_to_string
    template = get_template(template_name, using=using)
               ^^^^^^^^^^^^^^^^^^^^^^^^^^^^^^^^^^^^^^^^
  File "C:\Users\busle\AppData\Local\Programs\Python\Python312\Lib\site-packages\django\template\loader.py", line 19, in get_template
    raise TemplateDoesNotExist(template_name, chain=chain)
django.template.exceptions.TemplateDoesNotExist: dice/dice.html
"GET /coin/10 HTTP/1.1" 500 80779
C:\Users\busle\PycharmProjects\pythonProject3\myproject\dice\views.py changed, reloading.
Watching for file changes with StatReloader
Tails
"GET /coin/10 HTTP/1.1" 200 348
C:\Users\busle\PycharmProjects\pythonProject3\myproject\dice\models.py changed, reloading.
Watching for file changes with StatReloader
Head
"GET /coin/10 HTTP/1.1" 200 651
Tails
"GET /coin/10 HTTP/1.1" 200 786
Watching for file changes with StatReloader
Head
"GET /coin/10 HTTP/1.1" 200 810
C:\Users\busle\PycharmProjects\pythonProject3\myproject\myapp2\models.py changed, reloading.
Watching for file changes with StatReloader
C:\Users\busle\PycharmProjects\pythonProject3\myproject\myapp2\models.py changed, reloading.
Watching for file changes with StatReloader
C:\Users\busle\PycharmProjects\pythonProject3\myproject\myapp2\models.py changed, reloading.
Watching for file changes with StatReloader
Watching for file changes with StatReloader
Watching for file changes with StatReloader
Internal Server Error: /
Traceback (most recent call last):
  File "C:\Users\busle\AppData\Local\Programs\Python\Python312\Lib\site-packages\django\core\handlers\exception.py", line 55, in inner
    response = get_response(request)
               ^^^^^^^^^^^^^^^^^^^^^
  File "C:\Users\busle\AppData\Local\Programs\Python\Python312\Lib\site-packages\django\core\handlers\base.py", line 197, in _get_response
    response = wrapped_callback(request, *callback_args, **callback_kwargs)
               ^^^^^^^^^^^^^^^^^^^^^^^^^^^^^^^^^^^^^^^^^^^^^^^^^^^^^^^^^^^^
  File "C:\Users\busle\PycharmProjects\pythonProject3\myproject\myapp\views.py", line 7, in main
    return render(request, 'main.html')
           ^^^^^^^^^^^^^^^^^^^^^^^^^^^^
  File "C:\Users\busle\AppData\Local\Programs\Python\Python312\Lib\site-packages\django\shortcuts.py", line 25, in render
    content = loader.render_to_string(template_name, context, request, using=using)
              ^^^^^^^^^^^^^^^^^^^^^^^^^^^^^^^^^^^^^^^^^^^^^^^^^^^^^^^^^^^^^^^^^^^^^
  File "C:\Users\busle\AppData\Local\Programs\Python\Python312\Lib\site-packages\django\template\loader.py", line 61, in render_to_string
    template = get_template(template_name, using=using)
               ^^^^^^^^^^^^^^^^^^^^^^^^^^^^^^^^^^^^^^^^
  File "C:\Users\busle\AppData\Local\Programs\Python\Python312\Lib\site-packages\django\template\loader.py", line 19, in get_template
    raise TemplateDoesNotExist(template_name, chain=chain)
django.template.exceptions.TemplateDoesNotExist: main.html
"GET / HTTP/1.1" 500 79740
Not Found: /favicon.ico
"GET /favicon.ico HTTP/1.1" 404 2965
Watching for file changes with StatReloader
Internal Server Error: /
Traceback (most recent call last):
  File "C:\Users\busle\AppData\Local\Programs\Python\Python312\Lib\site-packages\django\core\handlers\exception.py", line 55, in inner
    response = get_response(request)
               ^^^^^^^^^^^^^^^^^^^^^
  File "C:\Users\busle\AppData\Local\Programs\Python\Python312\Lib\site-packages\django\core\handlers\base.py", line 197, in _get_response
    response = wrapped_callback(request, *callback_args, **callback_kwargs)
               ^^^^^^^^^^^^^^^^^^^^^^^^^^^^^^^^^^^^^^^^^^^^^^^^^^^^^^^^^^^^
  File "C:\Users\busle\PycharmProjects\pythonProject3\myproject\myapp\views.py", line 7, in main
    return render(request, 'main.html')
           ^^^^^^^^^^^^^^^^^^^^^^^^^^^^
  File "C:\Users\busle\AppData\Local\Programs\Python\Python312\Lib\site-packages\django\shortcuts.py", line 25, in render
    content = loader.render_to_string(template_name, context, request, using=using)
              ^^^^^^^^^^^^^^^^^^^^^^^^^^^^^^^^^^^^^^^^^^^^^^^^^^^^^^^^^^^^^^^^^^^^^
  File "C:\Users\busle\AppData\Local\Programs\Python\Python312\Lib\site-packages\django\template\loader.py", line 61, in render_to_string
    template = get_template(template_name, using=using)
               ^^^^^^^^^^^^^^^^^^^^^^^^^^^^^^^^^^^^^^^^
  File "C:\Users\busle\AppData\Local\Programs\Python\Python312\Lib\site-packages\django\template\loader.py", line 19, in get_template
    raise TemplateDoesNotExist(template_name, chain=chain)
django.template.exceptions.TemplateDoesNotExist: main.html
"GET / HTTP/1.1" 500 79740
Watching for file changes with StatReloader
Watching for file changes with StatReloader
Watching for file changes with StatReloader
C:\Users\busle\PycharmProjects\pythonProject3\myproject\myapp\views.py changed, reloading.
Watching for file changes with StatReloader
Internal Server Error: /
Traceback (most recent call last):
  File "C:\Users\busle\AppData\Local\Programs\Python\Python312\Lib\site-packages\django\core\handlers\exception.py", line 55, in inner
    response = get_response(request)
               ^^^^^^^^^^^^^^^^^^^^^
  File "C:\Users\busle\AppData\Local\Programs\Python\Python312\Lib\site-packages\django\core\handlers\base.py", line 197, in _get_response
    response = wrapped_callback(request, *callback_args, **callback_kwargs)
               ^^^^^^^^^^^^^^^^^^^^^^^^^^^^^^^^^^^^^^^^^^^^^^^^^^^^^^^^^^^^
  File "C:\Users\busle\PycharmProjects\pythonProject3\myproject\myapp\views.py", line 7, in main
    return render(request, 'main.html')
           ^^^^^^^^^^^^^^^^^^^^^^^^^^^^
  File "C:\Users\busle\AppData\Local\Programs\Python\Python312\Lib\site-packages\django\shortcuts.py", line 25, in render
    content = loader.render_to_string(template_name, context, request, using=using)
              ^^^^^^^^^^^^^^^^^^^^^^^^^^^^^^^^^^^^^^^^^^^^^^^^^^^^^^^^^^^^^^^^^^^^^
  File "C:\Users\busle\AppData\Local\Programs\Python\Python312\Lib\site-packages\django\template\loader.py", line 61, in render_to_string
    template = get_template(template_name, using=using)
               ^^^^^^^^^^^^^^^^^^^^^^^^^^^^^^^^^^^^^^^^
  File "C:\Users\busle\AppData\Local\Programs\Python\Python312\Lib\site-packages\django\template\loader.py", line 19, in get_template
    raise TemplateDoesNotExist(template_name, chain=chain)
django.template.exceptions.TemplateDoesNotExist: main.html
"GET / HTTP/1.1" 500 79739
C:\Users\busle\PycharmProjects\pythonProject3\myproject\myapp\urls.py changed, reloading.
Watching for file changes with StatReloader
C:\Users\busle\PycharmProjects\pythonProject3\myproject\myapp\views.py changed, reloading.
Watching for file changes with StatReloader
"GET / HTTP/1.1" 200 287
Not Found: /main
"GET /main HTTP/1.1" 404 2944
Watching for file changes with StatReloader
Not Found: /main
"GET /main HTTP/1.1" 404 2944
Internal Server Error: /about/
Traceback (most recent call last):
  File "C:\Users\busle\AppData\Local\Programs\Python\Python312\Lib\site-packages\django\core\handlers\exception.py", line 55, in inner
    response = get_response(request)
               ^^^^^^^^^^^^^^^^^^^^^
  File "C:\Users\busle\AppData\Local\Programs\Python\Python312\Lib\site-packages\django\core\handlers\base.py", line 197, in _get_response
    response = wrapped_callback(request, *callback_args, **callback_kwargs)
               ^^^^^^^^^^^^^^^^^^^^^^^^^^^^^^^^^^^^^^^^^^^^^^^^^^^^^^^^^^^^
  File "C:\Users\busle\PycharmProjects\pythonProject3\myproject\myapp\views.py", line 12, in about
    return render(request, 'abot+me.html')
           ^^^^^^^^^^^^^^^^^^^^^^^^^^^^^^^
  File "C:\Users\busle\AppData\Local\Programs\Python\Python312\Lib\site-packages\django\shortcuts.py", line 25, in render
    content = loader.render_to_string(template_name, context, request, using=using)
              ^^^^^^^^^^^^^^^^^^^^^^^^^^^^^^^^^^^^^^^^^^^^^^^^^^^^^^^^^^^^^^^^^^^^^
  File "C:\Users\busle\AppData\Local\Programs\Python\Python312\Lib\site-packages\django\template\loader.py", line 61, in render_to_string
    template = get_template(template_name, using=using)
               ^^^^^^^^^^^^^^^^^^^^^^^^^^^^^^^^^^^^^^^^
  File "C:\Users\busle\AppData\Local\Programs\Python\Python312\Lib\site-packages\django\template\loader.py", line 19, in get_template
    raise TemplateDoesNotExist(template_name, chain=chain)
django.template.exceptions.TemplateDoesNotExist: abot+me.html
"GET /about/ HTTP/1.1" 500 79357
Not Found: /main
"GET /main HTTP/1.1" 404 2944
Watching for file changes with StatReloader
"GET / HTTP/1.1" 200 288
Internal Server Error: /about/
Traceback (most recent call last):
  File "C:\Users\busle\AppData\Local\Programs\Python\Python312\Lib\site-packages\django\core\handlers\exception.py", line 55, in inner
    response = get_response(request)
               ^^^^^^^^^^^^^^^^^^^^^
  File "C:\Users\busle\AppData\Local\Programs\Python\Python312\Lib\site-packages\django\core\handlers\base.py", line 197, in _get_response
    response = wrapped_callback(request, *callback_args, **callback_kwargs)
               ^^^^^^^^^^^^^^^^^^^^^^^^^^^^^^^^^^^^^^^^^^^^^^^^^^^^^^^^^^^^
  File "C:\Users\busle\PycharmProjects\pythonProject3\myproject\myapp\views.py", line 12, in about
    return render(request, 'abot+me.html')
           ^^^^^^^^^^^^^^^^^^^^^^^^^^^^^^^
  File "C:\Users\busle\AppData\Local\Programs\Python\Python312\Lib\site-packages\django\shortcuts.py", line 25, in render
    content = loader.render_to_string(template_name, context, request, using=using)
              ^^^^^^^^^^^^^^^^^^^^^^^^^^^^^^^^^^^^^^^^^^^^^^^^^^^^^^^^^^^^^^^^^^^^^
  File "C:\Users\busle\AppData\Local\Programs\Python\Python312\Lib\site-packages\django\template\loader.py", line 61, in render_to_string
    template = get_template(template_name, using=using)
               ^^^^^^^^^^^^^^^^^^^^^^^^^^^^^^^^^^^^^^^^
  File "C:\Users\busle\AppData\Local\Programs\Python\Python312\Lib\site-packages\django\template\loader.py", line 19, in get_template
    raise TemplateDoesNotExist(template_name, chain=chain)
django.template.exceptions.TemplateDoesNotExist: abot+me.html
"GET /about/ HTTP/1.1" 500 79357
Not Found: /index
"GET /index HTTP/1.1" 404 2947
Watching for file changes with StatReloader
Not Found: /index
"GET /index HTTP/1.1" 404 2947
Internal Server Error: /about/
Traceback (most recent call last):
  File "C:\Users\busle\AppData\Local\Programs\Python\Python312\Lib\site-packages\django\core\handlers\exception.py", line 55, in inner
    response = get_response(request)
               ^^^^^^^^^^^^^^^^^^^^^
  File "C:\Users\busle\AppData\Local\Programs\Python\Python312\Lib\site-packages\django\core\handlers\base.py", line 197, in _get_response
    response = wrapped_callback(request, *callback_args, **callback_kwargs)
               ^^^^^^^^^^^^^^^^^^^^^^^^^^^^^^^^^^^^^^^^^^^^^^^^^^^^^^^^^^^^
  File "C:\Users\busle\PycharmProjects\pythonProject3\myproject\myapp\views.py", line 12, in about
    return render(request, 'abot+me.html')
           ^^^^^^^^^^^^^^^^^^^^^^^^^^^^^^^
  File "C:\Users\busle\AppData\Local\Programs\Python\Python312\Lib\site-packages\django\shortcuts.py", line 25, in render
    content = loader.render_to_string(template_name, context, request, using=using)
              ^^^^^^^^^^^^^^^^^^^^^^^^^^^^^^^^^^^^^^^^^^^^^^^^^^^^^^^^^^^^^^^^^^^^^
  File "C:\Users\busle\AppData\Local\Programs\Python\Python312\Lib\site-packages\django\template\loader.py", line 61, in render_to_string
    template = get_template(template_name, using=using)
               ^^^^^^^^^^^^^^^^^^^^^^^^^^^^^^^^^^^^^^^^
  File "C:\Users\busle\AppData\Local\Programs\Python\Python312\Lib\site-packages\django\template\loader.py", line 19, in get_template
    raise TemplateDoesNotExist(template_name, chain=chain)
django.template.exceptions.TemplateDoesNotExist: abot+me.html
"GET /about/ HTTP/1.1" 500 79357
Not Found: /index
"GET /index HTTP/1.1" 404 2947
C:\Users\busle\PycharmProjects\pythonProject3\myproject\myapp\views.py changed, reloading.
Watching for file changes with StatReloader
"GET / HTTP/1.1" 200 288
"GET / HTTP/1.1" 200 288
"GET /about/ HTTP/1.1" 200 248
Not Found: /about/index
"GET /about/index HTTP/1.1" 404 2965
Not Found: /about/about
"GET /about/about HTTP/1.1" 404 2965
"GET /about/ HTTP/1.1" 200 248
Not Found: /index
"GET /index HTTP/1.1" 404 2947
Watching for file changes with StatReloader
"GET / HTTP/1.1" 200 288
"GET /about/ HTTP/1.1" 200 248
Not Found: /about/about
"GET /about/about HTTP/1.1" 404 2965
C:\Users\busle\PycharmProjects\pythonProject3\myproject\myapp\urls.py changed, reloading.
Watching for file changes with StatReloader
"GET / HTTP/1.1" 200 288
"GET /index HTTP/1.1" 200 288
"GET /index HTTP/1.1" 200 288
Not Found: /about/
"GET /about/ HTTP/1.1" 404 3114
C:\Users\busle\PycharmProjects\pythonProject3\myproject\myapp\views.py changed, reloading.
Watching for file changes with StatReloader
Not Found: /about/
"GET /about/ HTTP/1.1" 404 3114
Not Found: /about/
"GET /about/ HTTP/1.1" 404 3114
"GET /index HTTP/1.1" 200 288
"GET /index HTTP/1.1" 200 288
"GET /index HTTP/1.1" 200 288
Not Found: /about/
"GET /about/ HTTP/1.1" 404 3114
C:\Users\busle\PycharmProjects\pythonProject3\myproject\myapp\urls.py changed, reloading.
Watching for file changes with StatReloader
"GET /about/ HTTP/1.1" 200 252
Not Found: /about/about
"GET /about/about HTTP/1.1" 404 3130
Not Found: /about/index
"GET /about/index HTTP/1.1" 404 3130
Not Found: /about/index
"GET /about/index HTTP/1.1" 404 3130
"GET /about/ HTTP/1.1" 200 252
Not Found: /about/index
"GET /about/index HTTP/1.1" 404 3130
"GET /about/ HTTP/1.1" 200 252
Not Found: /about/index
"GET /about/index HTTP/1.1" 404 3130
C:\Users\busle\PycharmProjects\pythonProject3\myproject\myapp\urls.py changed, reloading.
Watching for file changes with StatReloader
Not Found: /about/index
"GET /about/index HTTP/1.1" 404 3129
"GET / HTTP/1.1" 200 288
"GET /index HTTP/1.1" 200 288
"GET /index HTTP/1.1" 200 288
Not Found: /about/
"GET /about/ HTTP/1.1" 404 3114
C:\Users\busle\PycharmProjects\pythonProject3\myproject\dice\views.py changed, reloading.
Watching for file changes with StatReloader
C:\Users\busle\PycharmProjects\pythonProject3\myproject\myapp\urls.py changed, reloading.
Watching for file changes with StatReloader
"GET / HTTP/1.1" 200 288
"GET /about/ HTTP/1.1" 200 252
Not Found: /about/index
"GET /about/index HTTP/1.1" 404 3130
C:\Users\busle\PycharmProjects\pythonProject3\myproject\myapp\urls.py changed, reloading.
Watching for file changes with StatReloader
"GET / HTTP/1.1" 200 288
Not Found: /about/
"GET /about/ HTTP/1.1" 404 3114
Watching for file changes with StatReloader
"GET / HTTP/1.1" 200 284
Not Found: /about/
"GET /about/ HTTP/1.1" 404 3114
"GET /index HTTP/1.1" 200 284
"GET /index HTTP/1.1" 200 284
"GET /index HTTP/1.1" 200 284
"GET /index HTTP/1.1" 200 284
"GET /index HTTP/1.1" 200 284
"GET /index HTTP/1.1" 200 284
"GET /index HTTP/1.1" 200 284
Not Found: /about/
"GET /about/ HTTP/1.1" 404 3114
Not Found: /about/
"GET /about/ HTTP/1.1" 404 3114
Not Found: /about/
"GET /about/ HTTP/1.1" 404 3114
C:\Users\busle\PycharmProjects\pythonProject3\myproject\myapp\urls.py changed, reloading.
Watching for file changes with StatReloader
"GET / HTTP/1.1" 200 284
"GET /index HTTP/1.1" 200 284
"GET /about/ HTTP/1.1" 200 248
Not Found: /about/index
"GET /about/index HTTP/1.1" 404 3130
Watching for file changes with StatReloader
Watching for file changes with StatReloader
"GET / HTTP/1.1" 200 284
Not Found: /favicon.ico
"GET /favicon.ico HTTP/1.1" 404 2815
"GET /about/ HTTP/1.1" 200 248
Not Found: /about/index
"GET /about/index HTTP/1.1" 404 2815
C:\Users\busle\PycharmProjects\pythonProject3\myproject\myproject\urls.py changed, reloading.
Watching for file changes with StatReloader
Not Found: /about/index
"GET /about/index HTTP/1.1" 404 2428
Not Found: /about/index
"GET /about/index HTTP/1.1" 404 2428
Not Found: /les/
"GET /les/ HTTP/1.1" 404 2407
Not Found: /les3
"GET /les3 HTTP/1.1" 404 2407
Not Found: /les3/
"GET /les3/ HTTP/1.1" 404 2651
"GET /les3/hello HTTP/1.1" 301 0
"GET /les3/hello/ HTTP/1.1" 200 26
"GET /les3/hello2 HTTP/1.1" 301 0
"GET /les3/hello2/ HTTP/1.1" 200 23
C:\Users\busle\PycharmProjects\pythonProject3\myproject\myapp3\urls.py changed, reloading.
Watching for file changes with StatReloader
C:\Users\busle\PycharmProjects\pythonProject3\myproject\myapp3\views.py changed, reloading.
Watching for file changes with StatReloader
C:\Users\busle\PycharmProjects\pythonProject3\myproject\myapp3\views.py changed, reloading.
Watching for file changes with StatReloader
Watching for file changes with StatReloader
C:\Users\busle\PycharmProjects\pythonProject3\myproject\myapp3\urls.py changed, reloading.
Watching for file changes with StatReloader
Watching for file changes with StatReloader
C:\Users\busle\PycharmProjects\pythonProject3\myproject\myapp3\urls.py changed, reloading.
Watching for file changes with StatReloader
Not Found: /
"GET / HTTP/1.1" 404 2377
Not Found: /les3/post/2002/
"GET /les3/post/2002/ HTTP/1.1" 404 3088
"GET /les3/posts/2022/ HTTP/1.1" 200 19
"GET /les3/posts/2022/6/ HTTP/1.1" 200 21
C:\Users\busle\PycharmProjects\pythonProject3\myproject\myapp3\views.py changed, reloading.
Watching for file changes with StatReloader
C:\Users\busle\PycharmProjects\pythonProject3\myproject\myapp3\urls.py changed, reloading.
Watching for file changes with StatReloader
"GET /les3/ HTTP/1.1" 200 171
"GET /les3/ HTTP/1.1" 200 172
Watching for file changes with StatReloader
Not Found: /
"GET / HTTP/1.1" 404 2377
Not Found: /index
"GET /index HTTP/1.1" 404 2410
Not Found: /index/
"GET /index/ HTTP/1.1" 404 2413
C:\Users\busle\PycharmProjects\pythonProject3\myproject\myproject\urls.py changed, reloading.
Watching for file changes with StatReloader
"GET /index/ HTTP/1.1" 200 284
"GET /index/about HTTP/1.1" 301 0
"GET /index/about/ HTTP/1.1" 200 248
Not Found: /index/about/index
"GET /index/about/index HTTP/1.1" 404 2956
C:\Users\busle\PycharmProjects\pythonProject3\myproject\myproject\urls.py changed, reloading.
Watching for file changes with StatReloader
Not Found: /index/
"GET /index/ HTTP/1.1" 404 2920
"GET /index HTTP/1.1" 200 284
Not Found: /about/
"GET /about/ HTTP/1.1" 404 2518
"GET /index HTTP/1.1" 200 284
"GET /index HTTP/1.1" 200 284
Not Found: /about/
"GET /about/ HTTP/1.1" 404 2518
C:\Users\busle\PycharmProjects\pythonProject3\myproject\myproject\urls.py changed, reloading.
Watching for file changes with StatReloader
"GET /index HTTP/1.1" 301 0
"GET /index/ HTTP/1.1" 200 284
"GET /index/index HTTP/1.1" 200 284
"GET /index/about/ HTTP/1.1" 200 248
Not Found: /index/about/index
"GET /index/about/index HTTP/1.1" 404 2956
Watching for file changes with StatReloader
Not Found: /
"GET / HTTP/1.1" 404 2483
"GET /index/ HTTP/1.1" 200 285
"GET /les3/ HTTP/1.1" 200 172
"GET /index/about/ HTTP/1.1" 200 248
Not Found: /index/about/index
"GET /index/about/index HTTP/1.1" 404 2956
Watching for file changes with StatReloader
Not Found: /
"GET / HTTP/1.1" 404 2483
"GET /index/ HTTP/1.1" 200 293
"GET /index/about/ HTTP/1.1" 200 248
Not Found: /index/about/index
"GET /index/about/index HTTP/1.1" 404 2956
Not Found: /index/about/about
"GET /index/about/about HTTP/1.1" 404 2956
C:\Users\busle\PycharmProjects\pythonProject3\myproject\myproject\settings.py changed, reloading.
Watching for file changes with StatReloader
C:\Users\busle\PycharmProjects\pythonProject3\myproject\myapp\views.py changed, reloading.
Watching for file changes with StatReloader
Internal Server Error: /index/
Traceback (most recent call last):
  File "C:\Users\busle\AppData\Local\Programs\Python\Python312\Lib\site-packages\django\core\handlers\exception.py", line 55, in inner
    response = get_response(request)
               ^^^^^^^^^^^^^^^^^^^^^
  File "C:\Users\busle\AppData\Local\Programs\Python\Python312\Lib\site-packages\django\core\handlers\base.py", line 197, in _get_response
    response = wrapped_callback(request, *callback_args, **callback_kwargs)
               ^^^^^^^^^^^^^^^^^^^^^^^^^^^^^^^^^^^^^^^^^^^^^^^^^^^^^^^^^^^^
  File "C:\Users\busle\PycharmProjects\pythonProject3\myproject\myapp\views.py", line 7, in index
    return render(request, 'myapp/index.html',{'title:Главная страница'})
           ^^^^^^^^^^^^^^^^^^^^^^^^^^^^^^^^^^^^^^^^^^^^^^^^^^^^^^^^^^^^^^
  File "C:\Users\busle\AppData\Local\Programs\Python\Python312\Lib\site-packages\django\shortcuts.py", line 25, in render
    content = loader.render_to_string(template_name, context, request, using=using)
              ^^^^^^^^^^^^^^^^^^^^^^^^^^^^^^^^^^^^^^^^^^^^^^^^^^^^^^^^^^^^^^^^^^^^^
  File "C:\Users\busle\AppData\Local\Programs\Python\Python312\Lib\site-packages\django\template\loader.py", line 61, in render_to_string
    template = get_template(template_name, using=using)
               ^^^^^^^^^^^^^^^^^^^^^^^^^^^^^^^^^^^^^^^^
  File "C:\Users\busle\AppData\Local\Programs\Python\Python312\Lib\site-packages\django\template\loader.py", line 19, in get_template
    raise TemplateDoesNotExist(template_name, chain=chain)
django.template.exceptions.TemplateDoesNotExist: myapp/index.html
"GET /index/ HTTP/1.1" 500 80679
Internal Server Error: /index/
Traceback (most recent call last):
  File "C:\Users\busle\AppData\Local\Programs\Python\Python312\Lib\site-packages\django\core\handlers\exception.py", line 55, in inner
    response = get_response(request)
               ^^^^^^^^^^^^^^^^^^^^^
  File "C:\Users\busle\AppData\Local\Programs\Python\Python312\Lib\site-packages\django\core\handlers\base.py", line 197, in _get_response
    response = wrapped_callback(request, *callback_args, **callback_kwargs)
               ^^^^^^^^^^^^^^^^^^^^^^^^^^^^^^^^^^^^^^^^^^^^^^^^^^^^^^^^^^^^
  File "C:\Users\busle\PycharmProjects\pythonProject3\myproject\myapp\views.py", line 7, in index
    return render(request, 'myapp/index.html',{'title:Главная страница'})
           ^^^^^^^^^^^^^^^^^^^^^^^^^^^^^^^^^^^^^^^^^^^^^^^^^^^^^^^^^^^^^^
  File "C:\Users\busle\AppData\Local\Programs\Python\Python312\Lib\site-packages\django\shortcuts.py", line 25, in render
    content = loader.render_to_string(template_name, context, request, using=using)
              ^^^^^^^^^^^^^^^^^^^^^^^^^^^^^^^^^^^^^^^^^^^^^^^^^^^^^^^^^^^^^^^^^^^^^
  File "C:\Users\busle\AppData\Local\Programs\Python\Python312\Lib\site-packages\django\template\loader.py", line 61, in render_to_string
    template = get_template(template_name, using=using)
               ^^^^^^^^^^^^^^^^^^^^^^^^^^^^^^^^^^^^^^^^
  File "C:\Users\busle\AppData\Local\Programs\Python\Python312\Lib\site-packages\django\template\loader.py", line 19, in get_template
    raise TemplateDoesNotExist(template_name, chain=chain)
django.template.exceptions.TemplateDoesNotExist: myapp/index.html
"GET /index/ HTTP/1.1" 500 80679
C:\Users\busle\PycharmProjects\pythonProject3\myproject\myapp\views.py changed, reloading.
Watching for file changes with StatReloader
Internal Server Error: /index/
Traceback (most recent call last):
  File "C:\Users\busle\AppData\Local\Programs\Python\Python312\Lib\site-packages\django\core\handlers\exception.py", line 55, in inner
    response = get_response(request)
               ^^^^^^^^^^^^^^^^^^^^^
  File "C:\Users\busle\AppData\Local\Programs\Python\Python312\Lib\site-packages\django\core\handlers\base.py", line 197, in _get_response
    response = wrapped_callback(request, *callback_args, **callback_kwargs)
               ^^^^^^^^^^^^^^^^^^^^^^^^^^^^^^^^^^^^^^^^^^^^^^^^^^^^^^^^^^^^
  File "C:\Users\busle\PycharmProjects\pythonProject3\myproject\myapp\views.py", line 7, in index
    return render(request, 'myapps/index.html',{'title:Главная страница'})
           ^^^^^^^^^^^^^^^^^^^^^^^^^^^^^^^^^^^^^^^^^^^^^^^^^^^^^^^^^^^^^^^
  File "C:\Users\busle\AppData\Local\Programs\Python\Python312\Lib\site-packages\django\shortcuts.py", line 25, in render
    content = loader.render_to_string(template_name, context, request, using=using)
              ^^^^^^^^^^^^^^^^^^^^^^^^^^^^^^^^^^^^^^^^^^^^^^^^^^^^^^^^^^^^^^^^^^^^^
  File "C:\Users\busle\AppData\Local\Programs\Python\Python312\Lib\site-packages\django\template\loader.py", line 61, in render_to_string
    template = get_template(template_name, using=using)
               ^^^^^^^^^^^^^^^^^^^^^^^^^^^^^^^^^^^^^^^^
  File "C:\Users\busle\AppData\Local\Programs\Python\Python312\Lib\site-packages\django\template\loader.py", line 19, in get_template
    raise TemplateDoesNotExist(template_name, chain=chain)
django.template.exceptions.TemplateDoesNotExist: myapps/index.html
"GET /index/ HTTP/1.1" 500 80841
Watching for file changes with StatReloader
Not Found: /
"GET / HTTP/1.1" 404 2483
Internal Server Error: /index/
Traceback (most recent call last):
  File "C:\Users\busle\AppData\Local\Programs\Python\Python312\Lib\site-packages\django\core\handlers\exception.py", line 55, in inner
    response = get_response(request)
               ^^^^^^^^^^^^^^^^^^^^^
  File "C:\Users\busle\AppData\Local\Programs\Python\Python312\Lib\site-packages\django\core\handlers\base.py", line 197, in _get_response
    response = wrapped_callback(request, *callback_args, **callback_kwargs)
               ^^^^^^^^^^^^^^^^^^^^^^^^^^^^^^^^^^^^^^^^^^^^^^^^^^^^^^^^^^^^
  File "C:\Users\busle\PycharmProjects\pythonProject3\myproject\myapp\views.py", line 7, in index
    return render(request, 'myapps/index.html',{'title:Главная страница'})
           ^^^^^^^^^^^^^^^^^^^^^^^^^^^^^^^^^^^^^^^^^^^^^^^^^^^^^^^^^^^^^^^
  File "C:\Users\busle\AppData\Local\Programs\Python\Python312\Lib\site-packages\django\shortcuts.py", line 25, in render
    content = loader.render_to_string(template_name, context, request, using=using)
              ^^^^^^^^^^^^^^^^^^^^^^^^^^^^^^^^^^^^^^^^^^^^^^^^^^^^^^^^^^^^^^^^^^^^^
  File "C:\Users\busle\AppData\Local\Programs\Python\Python312\Lib\site-packages\django\template\loader.py", line 61, in render_to_string
    template = get_template(template_name, using=using)
               ^^^^^^^^^^^^^^^^^^^^^^^^^^^^^^^^^^^^^^^^
  File "C:\Users\busle\AppData\Local\Programs\Python\Python312\Lib\site-packages\django\template\loader.py", line 19, in get_template
    raise TemplateDoesNotExist(template_name, chain=chain)
django.template.exceptions.TemplateDoesNotExist: myapps/index.html
"GET /index/ HTTP/1.1" 500 80704
C:\Users\busle\PycharmProjects\pythonProject3\myproject\myapp\urls.py changed, reloading.
Watching for file changes with StatReloader
Internal Server Error: /index/
Traceback (most recent call last):
  File "C:\Users\busle\AppData\Local\Programs\Python\Python312\Lib\site-packages\django\core\handlers\exception.py", line 55, in inner
    response = get_response(request)
               ^^^^^^^^^^^^^^^^^^^^^
  File "C:\Users\busle\AppData\Local\Programs\Python\Python312\Lib\site-packages\django\core\handlers\base.py", line 197, in _get_response
    response = wrapped_callback(request, *callback_args, **callback_kwargs)
               ^^^^^^^^^^^^^^^^^^^^^^^^^^^^^^^^^^^^^^^^^^^^^^^^^^^^^^^^^^^^
  File "C:\Users\busle\PycharmProjects\pythonProject3\myproject\myapp\views.py", line 7, in index
    return render(request, 'myapps/index.html',{'title:Главная страница'})
           ^^^^^^^^^^^^^^^^^^^^^^^^^^^^^^^^^^^^^^^^^^^^^^^^^^^^^^^^^^^^^^^
  File "C:\Users\busle\AppData\Local\Programs\Python\Python312\Lib\site-packages\django\shortcuts.py", line 25, in render
    content = loader.render_to_string(template_name, context, request, using=using)
              ^^^^^^^^^^^^^^^^^^^^^^^^^^^^^^^^^^^^^^^^^^^^^^^^^^^^^^^^^^^^^^^^^^^^^
  File "C:\Users\busle\AppData\Local\Programs\Python\Python312\Lib\site-packages\django\template\loader.py", line 61, in render_to_string
    template = get_template(template_name, using=using)
               ^^^^^^^^^^^^^^^^^^^^^^^^^^^^^^^^^^^^^^^^
  File "C:\Users\busle\AppData\Local\Programs\Python\Python312\Lib\site-packages\django\template\loader.py", line 19, in get_template
    raise TemplateDoesNotExist(template_name, chain=chain)
django.template.exceptions.TemplateDoesNotExist: myapps/index.html
"GET /index/ HTTP/1.1" 500 80841
Internal Server Error: /index/
Traceback (most recent call last):
  File "C:\Users\busle\AppData\Local\Programs\Python\Python312\Lib\site-packages\django\core\handlers\exception.py", line 55, in inner
    response = get_response(request)
               ^^^^^^^^^^^^^^^^^^^^^
  File "C:\Users\busle\AppData\Local\Programs\Python\Python312\Lib\site-packages\django\core\handlers\base.py", line 197, in _get_response
    response = wrapped_callback(request, *callback_args, **callback_kwargs)
               ^^^^^^^^^^^^^^^^^^^^^^^^^^^^^^^^^^^^^^^^^^^^^^^^^^^^^^^^^^^^
  File "C:\Users\busle\PycharmProjects\pythonProject3\myproject\myapp\views.py", line 7, in index
    return render(request, 'myapps/index.html',{'title:Главная страница'})
           ^^^^^^^^^^^^^^^^^^^^^^^^^^^^^^^^^^^^^^^^^^^^^^^^^^^^^^^^^^^^^^^
  File "C:\Users\busle\AppData\Local\Programs\Python\Python312\Lib\site-packages\django\shortcuts.py", line 25, in render
    content = loader.render_to_string(template_name, context, request, using=using)
              ^^^^^^^^^^^^^^^^^^^^^^^^^^^^^^^^^^^^^^^^^^^^^^^^^^^^^^^^^^^^^^^^^^^^^
  File "C:\Users\busle\AppData\Local\Programs\Python\Python312\Lib\site-packages\django\template\loader.py", line 61, in render_to_string
    template = get_template(template_name, using=using)
               ^^^^^^^^^^^^^^^^^^^^^^^^^^^^^^^^^^^^^^^^
  File "C:\Users\busle\AppData\Local\Programs\Python\Python312\Lib\site-packages\django\template\loader.py", line 19, in get_template
    raise TemplateDoesNotExist(template_name, chain=chain)
django.template.exceptions.TemplateDoesNotExist: myapps/index.html
"GET /index/ HTTP/1.1" 500 80841
C:\Users\busle\PycharmProjects\pythonProject3\myproject\myproject\urls.py changed, reloading.
Watching for file changes with StatReloader
Not Found: /index/
"GET /index/ HTTP/1.1" 404 2741
Internal Server Error: /
Traceback (most recent call last):
  File "C:\Users\busle\AppData\Local\Programs\Python\Python312\Lib\site-packages\django\core\handlers\exception.py", line 55, in inner
    response = get_response(request)
               ^^^^^^^^^^^^^^^^^^^^^
  File "C:\Users\busle\AppData\Local\Programs\Python\Python312\Lib\site-packages\django\core\handlers\base.py", line 197, in _get_response
    response = wrapped_callback(request, *callback_args, **callback_kwargs)
               ^^^^^^^^^^^^^^^^^^^^^^^^^^^^^^^^^^^^^^^^^^^^^^^^^^^^^^^^^^^^
  File "C:\Users\busle\PycharmProjects\pythonProject3\myproject\myapp\views.py", line 7, in index
    return render(request, 'myapps/index.html',{'title:Главная страница'})
           ^^^^^^^^^^^^^^^^^^^^^^^^^^^^^^^^^^^^^^^^^^^^^^^^^^^^^^^^^^^^^^^
  File "C:\Users\busle\AppData\Local\Programs\Python\Python312\Lib\site-packages\django\shortcuts.py", line 25, in render
    content = loader.render_to_string(template_name, context, request, using=using)
              ^^^^^^^^^^^^^^^^^^^^^^^^^^^^^^^^^^^^^^^^^^^^^^^^^^^^^^^^^^^^^^^^^^^^^
  File "C:\Users\busle\AppData\Local\Programs\Python\Python312\Lib\site-packages\django\template\loader.py", line 61, in render_to_string
    template = get_template(template_name, using=using)
               ^^^^^^^^^^^^^^^^^^^^^^^^^^^^^^^^^^^^^^^^
  File "C:\Users\busle\AppData\Local\Programs\Python\Python312\Lib\site-packages\django\template\loader.py", line 19, in get_template
    raise TemplateDoesNotExist(template_name, chain=chain)
django.template.exceptions.TemplateDoesNotExist: myapps/index.html
"GET / HTTP/1.1" 500 80632
Watching for file changes with StatReloader
Internal Server Error: /
Traceback (most recent call last):
  File "C:\Users\busle\AppData\Local\Programs\Python\Python312\Lib\site-packages\django\core\handlers\exception.py", line 55, in inner
    response = get_response(request)
               ^^^^^^^^^^^^^^^^^^^^^
  File "C:\Users\busle\AppData\Local\Programs\Python\Python312\Lib\site-packages\django\core\handlers\base.py", line 197, in _get_response
    response = wrapped_callback(request, *callback_args, **callback_kwargs)
               ^^^^^^^^^^^^^^^^^^^^^^^^^^^^^^^^^^^^^^^^^^^^^^^^^^^^^^^^^^^^
  File "C:\Users\busle\PycharmProjects\pythonProject3\myproject\myapp\views.py", line 7, in index
    return render(request, 'myapps/index.html',{'title:Главная страница'})
           ^^^^^^^^^^^^^^^^^^^^^^^^^^^^^^^^^^^^^^^^^^^^^^^^^^^^^^^^^^^^^^^
  File "C:\Users\busle\AppData\Local\Programs\Python\Python312\Lib\site-packages\django\shortcuts.py", line 25, in render
    content = loader.render_to_string(template_name, context, request, using=using)
              ^^^^^^^^^^^^^^^^^^^^^^^^^^^^^^^^^^^^^^^^^^^^^^^^^^^^^^^^^^^^^^^^^^^^^
  File "C:\Users\busle\AppData\Local\Programs\Python\Python312\Lib\site-packages\django\template\loader.py", line 62, in render_to_string
    return template.render(context, request)
           ^^^^^^^^^^^^^^^^^^^^^^^^^^^^^^^^^
  File "C:\Users\busle\AppData\Local\Programs\Python\Python312\Lib\site-packages\django\template\backends\django.py", line 57, in render
    context = make_context(
              ^^^^^^^^^^^^^
  File "C:\Users\busle\AppData\Local\Programs\Python\Python312\Lib\site-packages\django\template\context.py", line 286, in make_context
    raise TypeError(
TypeError: context must be a dict rather than set.
"GET / HTTP/1.1" 500 81384
Not Found: /index/
"GET /index/ HTTP/1.1" 404 2741
C:\Users\busle\PycharmProjects\pythonProject3\myproject\myapp\views.py changed, reloading.
Watching for file changes with StatReloader
Not Found: /index/
"GET /index/ HTTP/1.1" 404 2741
Not Found: /index/
"GET /index/ HTTP/1.1" 404 2741
"GET / HTTP/1.1" 200 243
"GET /about/ HTTP/1.1" 200 215
"GET / HTTP/1.1" 200 243
"GET /about/ HTTP/1.1" 200 215
"GET / HTTP/1.1" 200 243
"GET /about/ HTTP/1.1" 200 215
"GET / HTTP/1.1" 200 243
"GET / HTTP/1.1" 200 243
"GET / HTTP/1.1" 200 243
"GET /about/ HTTP/1.1" 200 215
"GET / HTTP/1.1" 200 243
C:\Users\busle\PycharmProjects\pythonProject3\myproject\dice\views.py changed, reloading.
Watching for file changes with StatReloader
"GET / HTTP/1.1" 200 243
Not Found: /dice/result
"GET /dice/result HTTP/1.1" 404 3191
"GET /dice/dice HTTP/1.1" 301 0
3
"GET /dice/dice/ HTTP/1.1" 200 267
2
"GET /dice/dice/ HTTP/1.1" 200 267
Not Found: /dice/coin/
"GET /dice/coin/ HTTP/1.1" 404 3188
Head
"GET /dice/coin/5 HTTP/1.1" 200 270
Not Found: /dice/hudred
"GET /dice/hudred HTTP/1.1" 404 3191
"GET /dice/hundred HTTP/1.1" 301 0
4
"GET /dice/hundred/ HTTP/1.1" 200 267
18
"GET /dice/hundred/ HTTP/1.1" 200 268
71
"GET /dice/hundred/ HTTP/1.1" 200 268
68
"GET /dice/hundred/ HTTP/1.1" 200 268
85
"GET /dice/hundred/ HTTP/1.1" 200 268
C:\Users\busle\PycharmProjects\pythonProject3\myproject\dice\urls.py changed, reloading.
Watching for file changes with StatReloader
C:\Users\busle\PycharmProjects\pythonProject3\myproject\dice\urls.py changed, reloading.
Watching for file changes with StatReloader
C:\Users\busle\PycharmProjects\pythonProject3\myproject\dice\views.py changed, reloading.
Watching for file changes with StatReloader
C:\Users\busle\PycharmProjects\pythonProject3\myproject\dice\views.py changed, reloading.
Watching for file changes with StatReloader
Not Found: /dice/hundred/
"GET /dice/hundred/ HTTP/1.1" 404 3244
"GET /dice/hundred/8 HTTP/1.1" 200 233
Not Found: /dice/
"GET /dice/ HTTP/1.1" 404 3220
"GET /dice/coin/5 HTTP/1.1" 200 233
C:\Users\busle\PycharmProjects\pythonProject3\myproject\dice\views.py changed, reloading.
Watching for file changes with StatReloader
"GET /dice/coin/5 HTTP/1.1" 200 502
"GET /dice/hundred/100 HTTP/1.1" 200 5248
C:\Users\busle\PycharmProjects\pythonProject3\myproject\dice\views.py changed, reloading.
Watching for file changes with StatReloader
"GET /dice/hundred/100 HTTP/1.1" 200 5342
"GET /dice/dice/10 HTTP/1.1" 200 729
"GET /dice/dice/10 HTTP/1.1" 200 708
Not Found: /dice/hundred/
"GET /dice/hundred/ HTTP/1.1" 404 3244
"GET /dice/hundred/48 HTTP/1.1" 200 2686
"GET /dice/coin/10 HTTP/1.1" 200 752
C:\Users\busle\PycharmProjects\pythonProject3\myproject\myapp2\models.py changed, reloading.
Watching for file changes with StatReloader
C:\Users\busle\PycharmProjects\pythonProject3\myproject\myapp2\models.py changed, reloading.
Watching for file changes with StatReloader
C:\Users\busle\PycharmProjects\pythonProject3\myproject\myapp2\models.py changed, reloading.
Watching for file changes with StatReloader
Watching for file changes with StatReloader
"GET / HTTP/1.1" 200 243
"GET / HTTP/1.1" 200 243
Internal Server Error: /les4/user/add/
Traceback (most recent call last):
  File "C:\Users\busle\AppData\Local\Programs\Python\Python312\Lib\site-packages\django\core\handlers\exception.py", line 55, in inner
    response = get_response(request)
               ^^^^^^^^^^^^^^^^^^^^^
  File "C:\Users\busle\AppData\Local\Programs\Python\Python312\Lib\site-packages\django\core\handlers\base.py", line 197, in _get_response
    response = wrapped_callback(request, *callback_args, **callback_kwargs)
               ^^^^^^^^^^^^^^^^^^^^^^^^^^^^^^^^^^^^^^^^^^^^^^^^^^^^^^^^^^^^
  File "C:\Users\busle\PycharmProjects\pythonProject3\myproject\myapp4\views.py", line 13, in user_form
    if form.is_valid():
       ^^^^
UnboundLocalError: cannot access local variable 'form' where it is not associated with a value
"GET /les4/user/add/ HTTP/1.1" 500 64914
C:\Users\busle\PycharmProjects\pythonProject3\myproject\myapp4\views.py changed, reloading.
Watching for file changes with StatReloader
Internal Server Error: /les4/user/add/
Traceback (most recent call last):
  File "C:\Users\busle\AppData\Local\Programs\Python\Python312\Lib\site-packages\django\core\handlers\exception.py", line 55, in inner
    response = get_response(request)
               ^^^^^^^^^^^^^^^^^^^^^
  File "C:\Users\busle\AppData\Local\Programs\Python\Python312\Lib\site-packages\django\core\handlers\base.py", line 197, in _get_response
    response = wrapped_callback(request, *callback_args, **callback_kwargs)
               ^^^^^^^^^^^^^^^^^^^^^^^^^^^^^^^^^^^^^^^^^^^^^^^^^^^^^^^^^^^^
  File "C:\Users\busle\PycharmProjects\pythonProject3\myproject\myapp4\views.py", line 21, in user_form
    return render(request, 'myapp4/user_form.html', {'form': form})
                                                             ^^^^
UnboundLocalError: cannot access local variable 'form' where it is not associated with a value
"GET /les4/user/add/ HTTP/1.1" 500 64377
C:\Users\busle\PycharmProjects\pythonProject3\myproject\myapp4\views.py changed, reloading.
Watching for file changes with StatReloader
"GET /les4/user/add/ HTTP/1.1" 200 558
"GET /les4/user/add/ HTTP/1.1" 200 768
"POST /les4/user/add/ HTTP/1.1" 200 844
Watching for file changes with StatReloader
"GET / HTTP/1.1" 200 243
"GET / HTTP/1.1" 200 243
"GET /les4/user/add/ HTTP/1.1" 200 768
"POST /les4/user/add/ HTTP/1.1" 200 844
C:\Users\busle\PycharmProjects\pythonProject3\myproject\myapp4\views.py changed, reloading.
Watching for file changes with StatReloader
"POST /les4/user/add/ HTTP/1.1" 200 843
C:\Users\busle\PycharmProjects\pythonProject3\myproject\myapp4\forms.py changed, reloading.
Watching for file changes with StatReloader
C:\Users\busle\PycharmProjects\pythonProject3\myproject\myapp4\forms.py changed, reloading.
Watching for file changes with StatReloader
C:\Users\busle\PycharmProjects\pythonProject3\myproject\myapp4\forms.py changed, reloading.
Watching for file changes with StatReloader
C:\Users\busle\PycharmProjects\pythonProject3\myproject\myapp4\views.py changed, reloading.
Watching for file changes with StatReloader
C:\Users\busle\PycharmProjects\pythonProject3\myproject\myapp4\views.py changed, reloading.
Watching for file changes with StatReloader
C:\Users\busle\PycharmProjects\pythonProject3\myproject\myapp4\views.py changed, reloading.
Watching for file changes with StatReloader
C:\Users\busle\PycharmProjects\pythonProject3\myproject\myapp4\views.py changed, reloading.
Watching for file changes with StatReloader
Not Found: /les4/user/forms/
"GET /les4/user/forms/ HTTP/1.1" 404 2950
C:\Users\busle\PycharmProjects\pythonProject3\myproject\myapp4\urls.py changed, reloading.
Watching for file changes with StatReloader
C:\Users\busle\PycharmProjects\pythonProject3\myproject\myapp4\urls.py changed, reloading.
Watching for file changes with StatReloader
Not Found: /les4/user/forms/
"GET /les4/user/forms/ HTTP/1.1" 404 3133
Internal Server Error: /les4/forms/
Traceback (most recent call last):
  File "C:\Users\busle\AppData\Local\Programs\Python\Python312\Lib\site-packages\django\core\handlers\exception.py", line 55, in inner
    response = get_response(request)
               ^^^^^^^^^^^^^^^^^^^^^
  File "C:\Users\busle\AppData\Local\Programs\Python\Python312\Lib\site-packages\django\core\handlers\base.py", line 204, in _get_response
    self.check_response(response, callback)
  File "C:\Users\busle\AppData\Local\Programs\Python\Python312\Lib\site-packages\django\core\handlers\base.py", line 332, in check_response
    raise ValueError(
ValueError: The view myapp4.views.many_fields_form didn't return an HttpResponse object. It returned None instead.
"GET /les4/forms/ HTTP/1.1" 500 65846
C:\Users\busle\PycharmProjects\pythonProject3\myproject\myapp4\views.py changed, reloading.
Watching for file changes with StatReloader
Internal Server Error: /les4/forms/
Traceback (most recent call last):
  File "C:\Users\busle\AppData\Local\Programs\Python\Python312\Lib\site-packages\django\core\handlers\exception.py", line 55, in inner
    response = get_response(request)
               ^^^^^^^^^^^^^^^^^^^^^
  File "C:\Users\busle\AppData\Local\Programs\Python\Python312\Lib\site-packages\django\core\handlers\base.py", line 204, in _get_response
    self.check_response(response, callback)
  File "C:\Users\busle\AppData\Local\Programs\Python\Python312\Lib\site-packages\django\core\handlers\base.py", line 332, in check_response
    raise ValueError(
ValueError: The view myapp4.views.many_fields_form didn't return an HttpResponse object. It returned None instead.
"GET /les4/forms/ HTTP/1.1" 500 65983
Internal Server Error: /les4/forms/
Traceback (most recent call last):
  File "C:\Users\busle\AppData\Local\Programs\Python\Python312\Lib\site-packages\django\core\handlers\exception.py", line 55, in inner
    response = get_response(request)
               ^^^^^^^^^^^^^^^^^^^^^
  File "C:\Users\busle\AppData\Local\Programs\Python\Python312\Lib\site-packages\django\core\handlers\base.py", line 204, in _get_response
    self.check_response(response, callback)
  File "C:\Users\busle\AppData\Local\Programs\Python\Python312\Lib\site-packages\django\core\handlers\base.py", line 332, in check_response
    raise ValueError(
ValueError: The view myapp4.views.many_fields_form didn't return an HttpResponse object. It returned None instead.
"GET /les4/forms/ HTTP/1.1" 500 65983
"GET /les4/user/add/ HTTP/1.1" 200 768
C:\Users\busle\PycharmProjects\pythonProject3\myproject\myapp4\views.py changed, reloading.
Watching for file changes with StatReloader
"GET /les4/user/add/ HTTP/1.1" 200 768
Internal Server Error: /les4/user/add/
Traceback (most recent call last):
  File "C:\Users\busle\AppData\Local\Programs\Python\Python312\Lib\site-packages\django\core\handlers\exception.py", line 55, in inner
    response = get_response(request)
               ^^^^^^^^^^^^^^^^^^^^^
  File "C:\Users\busle\AppData\Local\Programs\Python\Python312\Lib\site-packages\django\core\handlers\base.py", line 204, in _get_response
    self.check_response(response, callback)
  File "C:\Users\busle\AppData\Local\Programs\Python\Python312\Lib\site-packages\django\core\handlers\base.py", line 332, in check_response
    raise ValueError(
ValueError: The view myapp4.views.user_form didn't return an HttpResponse object. It returned None instead.
"POST /les4/user/add/ HTTP/1.1" 500 67034
C:\Users\busle\PycharmProjects\pythonProject3\myproject\myapp4\views.py changed, reloading.
Watching for file changes with StatReloader
"POST /les4/user/add/ HTTP/1.1" 200 809
"POST /les4/user/add/ HTTP/1.1" 200 809
"GET /les4/forms/ HTTP/1.1" 200 1454
"POST /les4/forms/ HTTP/1.1" 200 1524
Watching for file changes with StatReloader
"POST /les4/forms/ HTTP/1.1" 200 1524
"POST /les4/forms/ HTTP/1.1" 200 1524
Watching for file changes with StatReloader
"GET / HTTP/1.1" 200 243
"POST /les4/forms/ HTTP/1.1" 200 1524
"POST /les4/forms/ HTTP/1.1" 200 1524
C:\Users\busle\PycharmProjects\pythonProject3\myproject\myapp4\views.py changed, reloading.
Watching for file changes with StatReloader
C:\Users\busle\PycharmProjects\pythonProject3\myproject\myapp4\views.py changed, reloading.
Watching for file changes with StatReloader
C:\Users\busle\PycharmProjects\pythonProject3\myproject\myapp4\views.py changed, reloading.
Watching for file changes with StatReloader
"POST /les4/forms/ HTTP/1.1" 200 2223
"POST /les4/forms/ HTTP/1.1" 200 2170
C:\Users\busle\PycharmProjects\pythonProject3\myproject\myapp4\forms.py changed, reloading.
Watching for file changes with StatReloader
"POST /les4/forms/ HTTP/1.1" 200 2170
C:\Users\busle\PycharmProjects\pythonProject3\myproject\myapp4\forms.py changed, reloading.
Watching for file changes with StatReloader
"POST /les4/forms/ HTTP/1.1" 200 2170
"GET / HTTP/1.1" 200 243
"GET /les4/forms/ HTTP/1.1" 200 2075
C:\Users\busle\PycharmProjects\pythonProject3\myproject\myapp4\forms.py changed, reloading.
Watching for file changes with StatReloader
"GET /les4/forms/ HTTP/1.1" 200 2075
Not Found: /favicon.ico
"GET /favicon.ico HTTP/1.1" 404 2861
"GET /les4/forms/ HTTP/1.1" 200 2075
"GET /les4/forms/ HTTP/1.1" 200 2075
"GET /les4/forms/ HTTP/1.1" 200 2075
C:\Users\busle\PycharmProjects\pythonProject3\myproject\myapp4\forms.py changed, reloading.
Watching for file changes with StatReloader
C:\Users\busle\PycharmProjects\pythonProject3\myproject\myapp4\forms.py changed, reloading.
Watching for file changes with StatReloader
C:\Users\busle\PycharmProjects\pythonProject3\myproject\myapp4\forms.py changed, reloading.
Watching for file changes with StatReloader
Watching for file changes with StatReloader
Watching for file changes with StatReloader
C:\Users\busle\PycharmProjects\pythonProject3\myproject\myapp4\models.py changed, reloading.
Watching for file changes with StatReloader
Not Found: /les4/user/
"GET /les4/user/ HTTP/1.1" 404 3292
"GET /les4/adduser/ HTTP/1.1" 200 807
"POST /les4/adduser/ HTTP/1.1" 200 1097
Internal Server Error: /les4/adduser/
Traceback (most recent call last):
  File "C:\Users\busle\AppData\Local\Programs\Python\Python312\Lib\site-packages\django\db\backends\utils.py", line 105, in _execute
    return self.cursor.execute(sql, params)
           ^^^^^^^^^^^^^^^^^^^^^^^^^^^^^^^^
  File "C:\Users\busle\AppData\Local\Programs\Python\Python312\Lib\site-packages\django\db\backends\sqlite3\base.py", line 329, in execute
    return super().execute(query, params)
           ^^^^^^^^^^^^^^^^^^^^^^^^^^^^^^
sqlite3.OperationalError: no such table: myapp4_user4

The above exception was the direct cause of the following exception:

Traceback (most recent call last):
  File "C:\Users\busle\AppData\Local\Programs\Python\Python312\Lib\site-packages\django\core\handlers\exception.py", line 55, in inner
    response = get_response(request)
               ^^^^^^^^^^^^^^^^^^^^^
  File "C:\Users\busle\AppData\Local\Programs\Python\Python312\Lib\site-packages\django\core\handlers\base.py", line 197, in _get_response
    response = wrapped_callback(request, *callback_args, **callback_kwargs)
               ^^^^^^^^^^^^^^^^^^^^^^^^^^^^^^^^^^^^^^^^^^^^^^^^^^^^^^^^^^^^
  File "C:\Users\busle\PycharmProjects\pythonProject3\myproject\myapp4\views.py", line 44, in add_user
    user.save()
  File "C:\Users\busle\AppData\Local\Programs\Python\Python312\Lib\site-packages\django\db\models\base.py", line 822, in save
    self.save_base(
  File "C:\Users\busle\AppData\Local\Programs\Python\Python312\Lib\site-packages\django\db\models\base.py", line 909, in save_base
    updated = self._save_table(
              ^^^^^^^^^^^^^^^^^
  File "C:\Users\busle\AppData\Local\Programs\Python\Python312\Lib\site-packages\django\db\models\base.py", line 1067, in _save_table
    results = self._do_insert(
              ^^^^^^^^^^^^^^^^
  File "C:\Users\busle\AppData\Local\Programs\Python\Python312\Lib\site-packages\django\db\models\base.py", line 1108, in _do_insert
    return manager._insert(
           ^^^^^^^^^^^^^^^^
  File "C:\Users\busle\AppData\Local\Programs\Python\Python312\Lib\site-packages\django\db\models\manager.py", line 87, in manager_method
    return getattr(self.get_queryset(), name)(*args, **kwargs)
           ^^^^^^^^^^^^^^^^^^^^^^^^^^^^^^^^^^^^^^^^^^^^^^^^^^^
  File "C:\Users\busle\AppData\Local\Programs\Python\Python312\Lib\site-packages\django\db\models\query.py", line 1847, in _insert
    return query.get_compiler(using=using).execute_sql(returning_fields)
           ^^^^^^^^^^^^^^^^^^^^^^^^^^^^^^^^^^^^^^^^^^^^^^^^^^^^^^^^^^^^^
  File "C:\Users\busle\AppData\Local\Programs\Python\Python312\Lib\site-packages\django\db\models\sql\compiler.py", line 1823, in execute_sql
    cursor.execute(sql, params)
  File "C:\Users\busle\AppData\Local\Programs\Python\Python312\Lib\site-packages\django\db\backends\utils.py", line 122, in execute
    return super().execute(sql, params)
           ^^^^^^^^^^^^^^^^^^^^^^^^^^^^
  File "C:\Users\busle\AppData\Local\Programs\Python\Python312\Lib\site-packages\django\db\backends\utils.py", line 79, in execute
    return self._execute_with_wrappers(
           ^^^^^^^^^^^^^^^^^^^^^^^^^^^^
  File "C:\Users\busle\AppData\Local\Programs\Python\Python312\Lib\site-packages\django\db\backends\utils.py", line 92, in _execute_with_wrappers
    return executor(sql, params, many, context)
           ^^^^^^^^^^^^^^^^^^^^^^^^^^^^^^^^^^^^
  File "C:\Users\busle\AppData\Local\Programs\Python\Python312\Lib\site-packages\django\db\backends\utils.py", line 100, in _execute
    with self.db.wrap_database_errors:
  File "C:\Users\busle\AppData\Local\Programs\Python\Python312\Lib\site-packages\django\db\utils.py", line 91, in __exit__
    raise dj_exc_value.with_traceback(traceback) from exc_value
  File "C:\Users\busle\AppData\Local\Programs\Python\Python312\Lib\site-packages\django\db\backends\utils.py", line 105, in _execute
    return self.cursor.execute(sql, params)
           ^^^^^^^^^^^^^^^^^^^^^^^^^^^^^^^^
  File "C:\Users\busle\AppData\Local\Programs\Python\Python312\Lib\site-packages\django\db\backends\sqlite3\base.py", line 329, in execute
    return super().execute(query, params)
           ^^^^^^^^^^^^^^^^^^^^^^^^^^^^^^
django.db.utils.OperationalError: no such table: myapp4_user4
"POST /les4/adduser/ HTTP/1.1" 500 147925
Watching for file changes with StatReloader
"POST /les4/adduser/ HTTP/1.1" 200 872
"POST /les4/adduser/ HTTP/1.1" 200 872
C:\Users\busle\PycharmProjects\pythonProject3\myproject\myapp4\views.py changed, reloading.
Watching for file changes with StatReloader
C:\Users\busle\PycharmProjects\pythonProject3\myproject\myapp4\forms.py changed, reloading.
Watching for file changes with StatReloader
C:\Users\busle\PycharmProjects\pythonProject3\myproject\myproject\settings.py changed, reloading.
Watching for file changes with StatReloader
C:\Users\busle\PycharmProjects\pythonProject3\myproject\myapp4\views.py changed, reloading.
Watching for file changes with StatReloader
C:\Users\busle\PycharmProjects\pythonProject3\myproject\myapp4\views.py changed, reloading.
Watching for file changes with StatReloader
C:\Users\busle\PycharmProjects\pythonProject3\myproject\myapp4\urls.py changed, reloading.
Watching for file changes with StatReloader
Not Found: /upload_image/
"GET /upload_image/ HTTP/1.1" 404 2867
Not Found: /upload/
"GET /upload/ HTTP/1.1" 404 2849
Not Found: /upload/
"GET /upload/ HTTP/1.1" 404 2849
Not Found: /upload/
"GET /upload/ HTTP/1.1" 404 2849
Not Found: /upload
"GET /upload HTTP/1.1" 404 2846
"GET /les4/upload HTTP/1.1" 301 0
"GET /les4/upload/ HTTP/1.1" 200 603
"POST /les4/upload/ HTTP/1.1" 200 603
"POST /les4/upload/ HTTP/1.1" 200 603
C:\Users\busle\PycharmProjects\pythonProject3\myproject\myapp4\forms.py changed, reloading.
Watching for file changes with StatReloader
"GET /les4/user/add/ HTTP/1.1" 200 778
"GET /les4/forms/ HTTP/1.1" 200 2075
"GET /les4/forms/ HTTP/1.1" 200 2075
"GET /les4/forms/ HTTP/1.1" 200 2075
"GET /les4/forms/ HTTP/1.1" 200 2075
Watching for file changes with StatReloader
"GET /les4/forms/ HTTP/1.1" 200 2075
"GET /les4/forms/ HTTP/1.1" 200 2075
Watching for file changes with StatReloader
"GET / HTTP/1.1" 200 243
"GET /les4/forms/ HTTP/1.1" 200 2075
"GET /les4/forms/ HTTP/1.1" 200 2075
"GET /les4/forms/ HTTP/1.1" 200 2075
"GET /les4/forms/ HTTP/1.1" 200 2037
C:\Users\busle\PycharmProjects\pythonProject3\myproject\myproject\settings.py changed, reloading.
Watching for file changes with StatReloader
C:\Users\busle\PycharmProjects\pythonProject3\myproject\myproject\settings.py changed, reloading.
Watching for file changes with StatReloader
"POST /les4/forms/ HTTP/1.1" 200 2128
"GET / HTTP/1.1" 200 243
Not Found: /result/
"GET /result/ HTTP/1.1" 404 2849
Not Found: /dice/result/
"GET /dice/result/ HTTP/1.1" 404 3346
C:\Users\busle\PycharmProjects\pythonProject3\myproject\dice\urls.py changed, reloading.
Watching for file changes with StatReloader
C:\Users\busle\PycharmProjects\pythonProject3\myproject\dice\views.py changed, reloading.
Watching for file changes with StatReloader
C:\Users\busle\PycharmProjects\pythonProject3\myproject\dice\views.py changed, reloading.
Watching for file changes with StatReloader
C:\Users\busle\PycharmProjects\pythonProject3\myproject\dice\views.py changed, reloading.
Watching for file changes with StatReloader
C:\Users\busle\PycharmProjects\pythonProject3\myproject\dice\views.py changed, reloading.
Watching for file changes with StatReloader
C:\Users\busle\PycharmProjects\pythonProject3\myproject\dice\views.py changed, reloading.
Watching for file changes with StatReloader
C:\Users\busle\PycharmProjects\pythonProject3\myproject\dice\views.py changed, reloading.
Watching for file changes with StatReloader
C:\Users\busle\PycharmProjects\pythonProject3\myproject\dice\views.py changed, reloading.
Watching for file changes with StatReloader
"GET / HTTP/1.1" 200 243
"GET /dice/result HTTP/1.1" 200 843
"POST /dice/result HTTP/1.1" 200 759
"GET /dice/result HTTP/1.1" 200 843
"POST /dice/result HTTP/1.1" 200 731
"GET /dice/result HTTP/1.1" 200 843
Internal Server Error: /dice/result
Traceback (most recent call last):
  File "C:\Users\busle\AppData\Local\Programs\Python\Python312\Lib\site-packages\django\core\handlers\exception.py", line 55, in inner
    response = get_response(request)
               ^^^^^^^^^^^^^^^^^^^^^
  File "C:\Users\busle\AppData\Local\Programs\Python\Python312\Lib\site-packages\django\core\handlers\base.py", line 197, in _get_response
    response = wrapped_callback(request, *callback_args, **callback_kwargs)
               ^^^^^^^^^^^^^^^^^^^^^^^^^^^^^^^^^^^^^^^^^^^^^^^^^^^^^^^^^^^^
  File "C:\Users\busle\PycharmProjects\pythonProject3\myproject\dice\views.py", line 47, in result
    return func[method](request, count)
           ~~~~^^^^^^^^
KeyError: 'Hunnred'
"POST /dice/result HTTP/1.1" 500 66733
Internal Server Error: /dice/result
Traceback (most recent call last):
  File "C:\Users\busle\AppData\Local\Programs\Python\Python312\Lib\site-packages\django\core\handlers\exception.py", line 55, in inner
    response = get_response(request)
               ^^^^^^^^^^^^^^^^^^^^^
  File "C:\Users\busle\AppData\Local\Programs\Python\Python312\Lib\site-packages\django\core\handlers\base.py", line 197, in _get_response
    response = wrapped_callback(request, *callback_args, **callback_kwargs)
               ^^^^^^^^^^^^^^^^^^^^^^^^^^^^^^^^^^^^^^^^^^^^^^^^^^^^^^^^^^^^
  File "C:\Users\busle\PycharmProjects\pythonProject3\myproject\dice\views.py", line 47, in result
    return func[method](request, count)
           ~~~~^^^^^^^^
KeyError: 'Hunnred'
"POST /dice/result HTTP/1.1" 500 66733
C:\Users\busle\PycharmProjects\pythonProject3\myproject\dice\forms.py changed, reloading.
Watching for file changes with StatReloader
"POST /dice/result HTTP/1.1" 200 981
"POST /dice/result HTTP/1.1" 200 5562
Watching for file changes with StatReloader
C:\Users\busle\PycharmProjects\pythonProject3\myproject\myproject\urls.py changed, reloading.
Watching for file changes with StatReloader
C:\Users\busle\PycharmProjects\pythonProject3\myproject\myapp2\urls.py changed, reloading.
Watching for file changes with StatReloader
"GET / HTTP/1.1" 200 243
Not Found: /favicon.ico
"GET /favicon.ico HTTP/1.1" 404 2967
Not Found: /app2/by_user/2
"GET /app2/by_user/2 HTTP/1.1" 404 2976
Not Found: /myapp2/by_user/2
"GET /myapp2/by_user/2 HTTP/1.1" 404 3309
Not Found: /myapp2/by_user/2/
"GET /myapp2/by_user/2/ HTTP/1.1" 404 3312
Not Found: /myapp2/by_user/2/
"GET /myapp2/by_user/2/ HTTP/1.1" 404 3312
C:\Users\busle\PycharmProjects\pythonProject3\myproject\myproject\urls.py changed, reloading.
Watching for file changes with StatReloader
Not Found: /myapp2/by_user/2/
"GET /myapp2/by_user/2/ HTTP/1.1" 404 2846
"GET /les4/forms/ HTTP/1.1" 200 2037
C:\Users\busle\PycharmProjects\pythonProject3\myproject\myapp2\urls.py changed, reloading.
Watching for file changes with StatReloader
Not Found: /myapp2/by_user/2
"GET /myapp2/by_user/2 HTTP/1.1" 404 2842
Not Found: /myapp2/by_user/2
"GET /myapp2/by_user/2 HTTP/1.1" 404 2842
Not Found: /myapp2/by_user/2
"GET /myapp2/by_user/2 HTTP/1.1" 404 2842
Not Found: /myapp2
"GET /myapp2 HTTP/1.1" 404 3186
Not Found: /myapp2/
"GET /myapp2/ HTTP/1.1" 404 3282
Not Found: /myapp2/
"GET /myapp2/ HTTP/1.1" 404 3282
Not Found: /myapp2/ by_user/2
"GET /myapp2/%20by_user/2 HTTP/1.1" 404 3314
C:\Users\busle\PycharmProjects\pythonProject3\myproject\myapp2\urls.py changed, reloading.
Watching for file changes with StatReloader
"GET /myapp2/by_user HTTP/1.1" 301 0
Internal Server Error: /myapp2/by_user/
Traceback (most recent call last):
  File "C:\Users\busle\AppData\Local\Programs\Python\Python312\Lib\site-packages\django\core\handlers\exception.py", line 55, in inner
    response = get_response(request)
               ^^^^^^^^^^^^^^^^^^^^^
  File "C:\Users\busle\AppData\Local\Programs\Python\Python312\Lib\site-packages\django\core\handlers\base.py", line 197, in _get_response
    response = wrapped_callback(request, *callback_args, **callback_kwargs)
               ^^^^^^^^^^^^^^^^^^^^^^^^^^^^^^^^^^^^^^^^^^^^^^^^^^^^^^^^^^^^
TypeError: products_ordered_by_user() missing 1 required positional argument: 'user_ht_id'
"GET /myapp2/by_user/ HTTP/1.1" 500 61828
Not Found: /myapp2/by_user/2
"GET /myapp2/by_user/2 HTTP/1.1" 404 3287
Internal Server Error: /myapp2/by_user/
Traceback (most recent call last):
  File "C:\Users\busle\AppData\Local\Programs\Python\Python312\Lib\site-packages\django\core\handlers\exception.py", line 55, in inner
    response = get_response(request)
               ^^^^^^^^^^^^^^^^^^^^^
  File "C:\Users\busle\AppData\Local\Programs\Python\Python312\Lib\site-packages\django\core\handlers\base.py", line 197, in _get_response
    response = wrapped_callback(request, *callback_args, **callback_kwargs)
               ^^^^^^^^^^^^^^^^^^^^^^^^^^^^^^^^^^^^^^^^^^^^^^^^^^^^^^^^^^^^
TypeError: products_ordered_by_user() missing 1 required positional argument: 'user_ht_id'
"GET /myapp2/by_user/ HTTP/1.1" 500 61828
C:\Users\busle\PycharmProjects\pythonProject3\myproject\myapp2\urls.py changed, reloading.
Watching for file changes with StatReloader
Not Found: /myapp2/by_user/
"GET /myapp2/by_user/ HTTP/1.1" 404 3307
"GET /myapp2/by_user/2 HTTP/1.1" 301 0
Not Found: /myapp2/by_user/2/
"GET /myapp2/by_user/2/ HTTP/1.1" 404 2846
C:\Users\busle\PycharmProjects\pythonProject3\myproject\myapp2\urls.py changed, reloading.
Watching for file changes with StatReloader
Not Found: /myapp2/by_user/2/
"GET /myapp2/by_user/2/ HTTP/1.1" 404 3312
Not Found: /myapp2/by_user/2/
"GET /myapp2/by_user/2/ HTTP/1.1" 404 3312
Not Found: /myapp2/by_user/2/
"GET /myapp2/by_user/2/ HTTP/1.1" 404 3312
C:\Users\busle\PycharmProjects\pythonProject3\myproject\myapp2\urls.py changed, reloading.
Watching for file changes with StatReloader
Not Found: /myapp2/by_user/2/
"GET /myapp2/by_user/2/ HTTP/1.1" 404 2846
C:\Users\busle\PycharmProjects\pythonProject3\myproject\myapp2\views.py changed, reloading.
Watching for file changes with StatReloader
Not Found: /myapp2/by_user/2/
"GET /myapp2/by_user/2/ HTTP/1.1" 404 2846
Not Found: /myapp2/by_user/2/
"GET /myapp2/by_user/2/ HTTP/1.1" 404 2846
Not Found: /myapp2/by_user/2/
"GET /myapp2/by_user/2/ HTTP/1.1" 404 2846
Not Found: /myapp2/by_user/2/
"GET /myapp2/by_user/2/ HTTP/1.1" 404 2846
Not Found: /myapp2/by_user/2/
"GET /myapp2/by_user/2/ HTTP/1.1" 404 2846
Not Found: /myapp2/by_user/2/
"GET /myapp2/by_user/2/ HTTP/1.1" 404 2846
C:\Users\busle\PycharmProjects\pythonProject3\myproject\myapp2\views.py changed, reloading.
Watching for file changes with StatReloader
Not Found: /myapp2/by_user/2/
"GET /myapp2/by_user/2/ HTTP/1.1" 404 2846
Not Found: /myapp2/by_user/2/
"GET /myapp2/by_user/2/ HTTP/1.1" 404 2846
Not Found: /myapp3/my_view
"GET /myapp3/my_view HTTP/1.1" 404 3210
Not Found: /myapp3/my_view/
"GET /myapp3/my_view/ HTTP/1.1" 404 3213
Not Found: /myapp3/my_view/
"GET /myapp3/my_view/ HTTP/1.1" 404 3213
Not Found: /myapp3/my_view/
"GET /myapp3/my_view/ HTTP/1.1" 404 3213
Not Found: /myapp3/my_view/
"GET /myapp3/my_view/ HTTP/1.1" 404 3213
Not Found: /myapp3/my_view/
"GET /myapp3/my_view/ HTTP/1.1" 404 3213
Not Found: /myapp3/my_view/
"GET /myapp3/my_view/ HTTP/1.1" 404 3213
Not Found: /myapp3/my_view/
"GET /myapp3/my_view/ HTTP/1.1" 404 3213
Not Found: /myapp3/my_view/
"GET /myapp3/my_view/ HTTP/1.1" 404 3213
C:\Users\busle\PycharmProjects\pythonProject3\myproject\myproject\urls.py changed, reloading.
Watching for file changes with StatReloader
Not Found: /myapp3/my_view/
"GET /myapp3/my_view/ HTTP/1.1" 404 4142
Not Found: /myapp3/hello/Jhon
"GET /myapp3/hello/Jhon HTTP/1.1" 404 4148
Not Found: /myapp3/hello/Jhon/
"GET /myapp3/hello/Jhon/ HTTP/1.1" 404 4151
C:\Users\busle\PycharmProjects\pythonProject3\myproject\myproject\urls.py changed, reloading.
Watching for file changes with StatReloader
"GET /les3/hello2/ HTTP/1.1" 200 23
C:\Users\busle\PycharmProjects\pythonProject3\myproject\myapp2\urls.py changed, reloading.
Watching for file changes with StatReloader
"GET /myapp2/hello HTTP/1.1" 301 0
"GET /myapp2/hello/ HTTP/1.1" 200 26
Not Found: /myapp2/
"GET /myapp2/ HTTP/1.1" 404 3457
C:\Users\busle\PycharmProjects\pythonProject3\myproject\myapp2\views.py changed, reloading.
Watching for file changes with StatReloader
Not Found: /myapp2/by_user/
"GET /myapp2/by_user/ HTTP/1.1" 404 2817
Not Found: /myapp2/by_user/
"GET /myapp2/by_user/ HTTP/1.1" 404 2817
Not Found: /myapp2/by_user/
"GET /myapp2/by_user/ HTTP/1.1" 404 2817
Not Found: /myapp2/by_user/
"GET /myapp2/by_user/ HTTP/1.1" 404 2817
Not Found: /myapp2/by_user/
"GET /myapp2/by_user/ HTTP/1.1" 404 2817
C:\Users\busle\PycharmProjects\pythonProject3\myproject\myapp2\urls.py changed, reloading.
Watching for file changes with StatReloader
"GET /myapp2/by_user/ HTTP/1.1" 200 26
C:\Users\busle\PycharmProjects\pythonProject3\myproject\myapp2\urls.py changed, reloading.
Watching for file changes with StatReloader
Not Found: /les3/my_view
"GET /les3/my_view HTTP/1.1" 404 3785
Not Found: /app2/my_view
"GET /app2/my_view HTTP/1.1" 404 2971
Not Found: /app2/les3/my_view
"GET /app2/les3/my_view HTTP/1.1" 404 2986
Not Found: /les3/app2/my_view
"GET /les3/app2/my_view HTTP/1.1" 404 3800
Not Found: /les3/app3/my_view
"GET /les3/app3/my_view HTTP/1.1" 404 3800
Not Found: /app3/my_view
"GET /app3/my_view HTTP/1.1" 404 2971
Not Found: /les3/my_view
"GET /les3/my_view HTTP/1.1" 404 3785
"GET /les3/ HTTP/1.1" 200 172
C:\Users\busle\PycharmProjects\pythonProject3\myproject\myapp2\urls.py changed, reloading.
Watching for file changes with StatReloader
"GET /myapp2 HTTP/1.1" 301 0
Not Found: /myapp2/
"GET /myapp2/ HTTP/1.1" 404 2783
C:\Users\busle\PycharmProjects\pythonProject3\myproject\myapp2\views.py changed, reloading.
Watching for file changes with StatReloader
Not Found: /myapp2/
"GET /myapp2/ HTTP/1.1" 404 2783
C:\Users\busle\PycharmProjects\pythonProject3\myproject\myapp2\urls.py changed, reloading.
Watching for file changes with StatReloader
Not Found: /myapp2/
"GET /myapp2/ HTTP/1.1" 404 2785
Not Found: /myapp2/
"GET /myapp2/ HTTP/1.1" 404 2785
"GET /les3/posts/2022/ HTTP/1.1" 200 19
C:\Users\busle\PycharmProjects\pythonProject3\myproject\myapp2\views.py changed, reloading.
Watching for file changes with StatReloader
Not Found: /app3/
"GET /app3/ HTTP/1.1" 404 2950
Not Found: /app2/
"GET /app2/ HTTP/1.1" 404 2950
Not Found: /app2
"GET /app2 HTTP/1.1" 404 2947
C:\Users\busle\PycharmProjects\pythonProject3\myproject\myapp2\urls.py changed, reloading.
Watching for file changes with StatReloader
Not Found: /app2/by_user
"GET /app2/by_user HTTP/1.1" 404 2971
Not Found: /app2/by_user/
"GET /app2/by_user/ HTTP/1.1" 404 2974
C:\Users\busle\PycharmProjects\pythonProject3\myproject\myapp2\urls.py changed, reloading.
Watching for file changes with StatReloader
Not Found: /app2/by_user/
"GET /app2/by_user/ HTTP/1.1" 404 2974
Not Found: /app2/by_user/
"GET /app2/by_user/ HTTP/1.1" 404 2974
Not Found: /app2/by_user
"GET /app2/by_user HTTP/1.1" 404 2971
Not Found: /app2/by_user
"GET /app2/by_user HTTP/1.1" 404 2971
"GET / HTTP/1.1" 200 243
Not Found: /myapp2/by_user/
"GET /myapp2/by_user/ HTTP/1.1" 404 2817
C:\Users\busle\PycharmProjects\pythonProject3\myproject\myapp2\views.py changed, reloading.
Watching for file changes with StatReloader
Not Found: /myapp2/by_user/
"GET /myapp2/by_user/ HTTP/1.1" 404 2817
C:\Users\busle\PycharmProjects\pythonProject3\myproject\myapp2\views.py changed, reloading.
Watching for file changes with StatReloader
Internal Server Error: /myapp2/by_user/
Traceback (most recent call last):
  File "C:\Users\busle\AppData\Local\Programs\Python\Python312\Lib\site-packages\django\core\handlers\exception.py", line 55, in inner
    response = get_response(request)
               ^^^^^^^^^^^^^^^^^^^^^
  File "C:\Users\busle\AppData\Local\Programs\Python\Python312\Lib\site-packages\django\core\handlers\base.py", line 197, in _get_response
    response = wrapped_callback(request, *callback_args, **callback_kwargs)
               ^^^^^^^^^^^^^^^^^^^^^^^^^^^^^^^^^^^^^^^^^^^^^^^^^^^^^^^^^^^^
  File "C:\Users\busle\PycharmProjects\pythonProject3\myproject\myapp2\views.py", line 12, in products_ordered_by_user
    user_ht = Order_ht.objects.filter(user_ht=user_ht_id)
              ^^^^^^^^^^^^^^^^^^^^^^^^^^^^^^^^^^^^^^^^^^^
  File "C:\Users\busle\AppData\Local\Programs\Python\Python312\Lib\site-packages\django\db\models\manager.py", line 87, in manager_method
    return getattr(self.get_queryset(), name)(*args, **kwargs)
           ^^^^^^^^^^^^^^^^^^^^^^^^^^^^^^^^^^^^^^^^^^^^^^^^^^^
  File "C:\Users\busle\AppData\Local\Programs\Python\Python312\Lib\site-packages\django\db\models\query.py", line 1476, in filter
    return self._filter_or_exclude(False, args, kwargs)
           ^^^^^^^^^^^^^^^^^^^^^^^^^^^^^^^^^^^^^^^^^^^^
  File "C:\Users\busle\AppData\Local\Programs\Python\Python312\Lib\site-packages\django\db\models\query.py", line 1494, in _filter_or_exclude
    clone._filter_or_exclude_inplace(negate, args, kwargs)
  File "C:\Users\busle\AppData\Local\Programs\Python\Python312\Lib\site-packages\django\db\models\query.py", line 1501, in _filter_or_exclude_inplace
    self._query.add_q(Q(*args, **kwargs))
  File "C:\Users\busle\AppData\Local\Programs\Python\Python312\Lib\site-packages\django\db\models\sql\query.py", line 1613, in add_q
    clause, _ = self._add_q(q_object, self.used_aliases)
                ^^^^^^^^^^^^^^^^^^^^^^^^^^^^^^^^^^^^^^^^
  File "C:\Users\busle\AppData\Local\Programs\Python\Python312\Lib\site-packages\django\db\models\sql\query.py", line 1645, in _add_q
    child_clause, needed_inner = self.build_filter(
                                 ^^^^^^^^^^^^^^^^^^
  File "C:\Users\busle\AppData\Local\Programs\Python\Python312\Lib\site-packages\django\db\models\sql\query.py", line 1495, in build_filter
    lookups, parts, reffed_expression = self.solve_lookup_type(arg, summarize)
                                        ^^^^^^^^^^^^^^^^^^^^^^^^^^^^^^^^^^^^^^
  File "C:\Users\busle\AppData\Local\Programs\Python\Python312\Lib\site-packages\django\db\models\sql\query.py", line 1307, in solve_lookup_type
    _, field, _, lookup_parts = self.names_to_path(lookup_splitted, self.get_meta())
                                ^^^^^^^^^^^^^^^^^^^^^^^^^^^^^^^^^^^^^^^^^^^^^^^^^^^^
  File "C:\Users\busle\AppData\Local\Programs\Python\Python312\Lib\site-packages\django\db\models\sql\query.py", line 1772, in names_to_path
    raise FieldError(
django.core.exceptions.FieldError: Cannot resolve keyword 'user_ht' into field. Choices are: customer, customer_id, date_ordered, id, order_ht_product_ht, total_price
"GET /myapp2/by_user/ HTTP/1.1" 500 126005
C:\Users\busle\PycharmProjects\pythonProject3\myproject\myapp2\views.py changed, reloading.
Watching for file changes with StatReloader
Internal Server Error: /myapp2/by_user/
Traceback (most recent call last):
  File "C:\Users\busle\AppData\Local\Programs\Python\Python312\Lib\site-packages\django\core\handlers\exception.py", line 55, in inner
    response = get_response(request)
               ^^^^^^^^^^^^^^^^^^^^^
  File "C:\Users\busle\AppData\Local\Programs\Python\Python312\Lib\site-packages\django\core\handlers\base.py", line 197, in _get_response
    response = wrapped_callback(request, *callback_args, **callback_kwargs)
               ^^^^^^^^^^^^^^^^^^^^^^^^^^^^^^^^^^^^^^^^^^^^^^^^^^^^^^^^^^^^
  File "C:\Users\busle\PycharmProjects\pythonProject3\myproject\myapp2\views.py", line 12, in products_ordered_by_user
    user= Order_ht.objects.filter(user_ht=user_ht_id)
          ^^^^^^^^^^^^^^^^^^^^^^^^^^^^^^^^^^^^^^^^^^^
  File "C:\Users\busle\AppData\Local\Programs\Python\Python312\Lib\site-packages\django\db\models\manager.py", line 87, in manager_method
    return getattr(self.get_queryset(), name)(*args, **kwargs)
           ^^^^^^^^^^^^^^^^^^^^^^^^^^^^^^^^^^^^^^^^^^^^^^^^^^^
  File "C:\Users\busle\AppData\Local\Programs\Python\Python312\Lib\site-packages\django\db\models\query.py", line 1476, in filter
    return self._filter_or_exclude(False, args, kwargs)
           ^^^^^^^^^^^^^^^^^^^^^^^^^^^^^^^^^^^^^^^^^^^^
  File "C:\Users\busle\AppData\Local\Programs\Python\Python312\Lib\site-packages\django\db\models\query.py", line 1494, in _filter_or_exclude
    clone._filter_or_exclude_inplace(negate, args, kwargs)
  File "C:\Users\busle\AppData\Local\Programs\Python\Python312\Lib\site-packages\django\db\models\query.py", line 1501, in _filter_or_exclude_inplace
    self._query.add_q(Q(*args, **kwargs))
  File "C:\Users\busle\AppData\Local\Programs\Python\Python312\Lib\site-packages\django\db\models\sql\query.py", line 1613, in add_q
    clause, _ = self._add_q(q_object, self.used_aliases)
                ^^^^^^^^^^^^^^^^^^^^^^^^^^^^^^^^^^^^^^^^
  File "C:\Users\busle\AppData\Local\Programs\Python\Python312\Lib\site-packages\django\db\models\sql\query.py", line 1645, in _add_q
    child_clause, needed_inner = self.build_filter(
                                 ^^^^^^^^^^^^^^^^^^
  File "C:\Users\busle\AppData\Local\Programs\Python\Python312\Lib\site-packages\django\db\models\sql\query.py", line 1495, in build_filter
    lookups, parts, reffed_expression = self.solve_lookup_type(arg, summarize)
                                        ^^^^^^^^^^^^^^^^^^^^^^^^^^^^^^^^^^^^^^
  File "C:\Users\busle\AppData\Local\Programs\Python\Python312\Lib\site-packages\django\db\models\sql\query.py", line 1307, in solve_lookup_type
    _, field, _, lookup_parts = self.names_to_path(lookup_splitted, self.get_meta())
                                ^^^^^^^^^^^^^^^^^^^^^^^^^^^^^^^^^^^^^^^^^^^^^^^^^^^^
  File "C:\Users\busle\AppData\Local\Programs\Python\Python312\Lib\site-packages\django\db\models\sql\query.py", line 1772, in names_to_path
    raise FieldError(
django.core.exceptions.FieldError: Cannot resolve keyword 'user_ht' into field. Choices are: customer, customer_id, date_ordered, id, order_ht_product_ht, total_price
"GET /myapp2/by_user/ HTTP/1.1" 500 126130
Internal Server Error: /myapp2/by_user/
Traceback (most recent call last):
  File "C:\Users\busle\AppData\Local\Programs\Python\Python312\Lib\site-packages\django\core\handlers\exception.py", line 55, in inner
    response = get_response(request)
               ^^^^^^^^^^^^^^^^^^^^^
  File "C:\Users\busle\AppData\Local\Programs\Python\Python312\Lib\site-packages\django\core\handlers\base.py", line 197, in _get_response
    response = wrapped_callback(request, *callback_args, **callback_kwargs)
               ^^^^^^^^^^^^^^^^^^^^^^^^^^^^^^^^^^^^^^^^^^^^^^^^^^^^^^^^^^^^
  File "C:\Users\busle\PycharmProjects\pythonProject3\myproject\myapp2\views.py", line 12, in products_ordered_by_user
    user= Order_ht.objects.filter(user_ht=user_ht_id)
          ^^^^^^^^^^^^^^^^^^^^^^^^^^^^^^^^^^^^^^^^^^^
  File "C:\Users\busle\AppData\Local\Programs\Python\Python312\Lib\site-packages\django\db\models\manager.py", line 87, in manager_method
    return getattr(self.get_queryset(), name)(*args, **kwargs)
           ^^^^^^^^^^^^^^^^^^^^^^^^^^^^^^^^^^^^^^^^^^^^^^^^^^^
  File "C:\Users\busle\AppData\Local\Programs\Python\Python312\Lib\site-packages\django\db\models\query.py", line 1476, in filter
    return self._filter_or_exclude(False, args, kwargs)
           ^^^^^^^^^^^^^^^^^^^^^^^^^^^^^^^^^^^^^^^^^^^^
  File "C:\Users\busle\AppData\Local\Programs\Python\Python312\Lib\site-packages\django\db\models\query.py", line 1494, in _filter_or_exclude
    clone._filter_or_exclude_inplace(negate, args, kwargs)
  File "C:\Users\busle\AppData\Local\Programs\Python\Python312\Lib\site-packages\django\db\models\query.py", line 1501, in _filter_or_exclude_inplace
    self._query.add_q(Q(*args, **kwargs))
  File "C:\Users\busle\AppData\Local\Programs\Python\Python312\Lib\site-packages\django\db\models\sql\query.py", line 1613, in add_q
    clause, _ = self._add_q(q_object, self.used_aliases)
                ^^^^^^^^^^^^^^^^^^^^^^^^^^^^^^^^^^^^^^^^
  File "C:\Users\busle\AppData\Local\Programs\Python\Python312\Lib\site-packages\django\db\models\sql\query.py", line 1645, in _add_q
    child_clause, needed_inner = self.build_filter(
                                 ^^^^^^^^^^^^^^^^^^
  File "C:\Users\busle\AppData\Local\Programs\Python\Python312\Lib\site-packages\django\db\models\sql\query.py", line 1495, in build_filter
    lookups, parts, reffed_expression = self.solve_lookup_type(arg, summarize)
                                        ^^^^^^^^^^^^^^^^^^^^^^^^^^^^^^^^^^^^^^
  File "C:\Users\busle\AppData\Local\Programs\Python\Python312\Lib\site-packages\django\db\models\sql\query.py", line 1307, in solve_lookup_type
    _, field, _, lookup_parts = self.names_to_path(lookup_splitted, self.get_meta())
                                ^^^^^^^^^^^^^^^^^^^^^^^^^^^^^^^^^^^^^^^^^^^^^^^^^^^^
  File "C:\Users\busle\AppData\Local\Programs\Python\Python312\Lib\site-packages\django\db\models\sql\query.py", line 1772, in names_to_path
    raise FieldError(
django.core.exceptions.FieldError: Cannot resolve keyword 'user_ht' into field. Choices are: customer, customer_id, date_ordered, id, order_ht_product_ht, total_price
"GET /myapp2/by_user/ HTTP/1.1" 500 126130
C:\Users\busle\PycharmProjects\pythonProject3\myproject\myapp2\views.py changed, reloading.
Watching for file changes with StatReloader
"GET / HTTP/1.1" 200 243
Internal Server Error: /myapp2/by_user/
Traceback (most recent call last):
  File "C:\Users\busle\AppData\Local\Programs\Python\Python312\Lib\site-packages\django\core\handlers\exception.py", line 55, in inner
    response = get_response(request)
               ^^^^^^^^^^^^^^^^^^^^^
  File "C:\Users\busle\AppData\Local\Programs\Python\Python312\Lib\site-packages\django\core\handlers\base.py", line 197, in _get_response
    response = wrapped_callback(request, *callback_args, **callback_kwargs)
               ^^^^^^^^^^^^^^^^^^^^^^^^^^^^^^^^^^^^^^^^^^^^^^^^^^^^^^^^^^^^
  File "C:\Users\busle\PycharmProjects\pythonProject3\myproject\myapp2\views.py", line 12, in products_ordered_by_user
    user= Order_ht.objects.filter(user_ht=user_ht_id)
          ^^^^^^^^^^^^^^^^^^^^^^^^^^^^^^^^^^^^^^^^^^^
  File "C:\Users\busle\AppData\Local\Programs\Python\Python312\Lib\site-packages\django\db\models\manager.py", line 87, in manager_method
    return getattr(self.get_queryset(), name)(*args, **kwargs)
           ^^^^^^^^^^^^^^^^^^^^^^^^^^^^^^^^^^^^^^^^^^^^^^^^^^^
  File "C:\Users\busle\AppData\Local\Programs\Python\Python312\Lib\site-packages\django\db\models\query.py", line 1476, in filter
    return self._filter_or_exclude(False, args, kwargs)
           ^^^^^^^^^^^^^^^^^^^^^^^^^^^^^^^^^^^^^^^^^^^^
  File "C:\Users\busle\AppData\Local\Programs\Python\Python312\Lib\site-packages\django\db\models\query.py", line 1494, in _filter_or_exclude
    clone._filter_or_exclude_inplace(negate, args, kwargs)
  File "C:\Users\busle\AppData\Local\Programs\Python\Python312\Lib\site-packages\django\db\models\query.py", line 1501, in _filter_or_exclude_inplace
    self._query.add_q(Q(*args, **kwargs))
  File "C:\Users\busle\AppData\Local\Programs\Python\Python312\Lib\site-packages\django\db\models\sql\query.py", line 1613, in add_q
    clause, _ = self._add_q(q_object, self.used_aliases)
                ^^^^^^^^^^^^^^^^^^^^^^^^^^^^^^^^^^^^^^^^
  File "C:\Users\busle\AppData\Local\Programs\Python\Python312\Lib\site-packages\django\db\models\sql\query.py", line 1645, in _add_q
    child_clause, needed_inner = self.build_filter(
                                 ^^^^^^^^^^^^^^^^^^
  File "C:\Users\busle\AppData\Local\Programs\Python\Python312\Lib\site-packages\django\db\models\sql\query.py", line 1495, in build_filter
    lookups, parts, reffed_expression = self.solve_lookup_type(arg, summarize)
                                        ^^^^^^^^^^^^^^^^^^^^^^^^^^^^^^^^^^^^^^
  File "C:\Users\busle\AppData\Local\Programs\Python\Python312\Lib\site-packages\django\db\models\sql\query.py", line 1307, in solve_lookup_type
    _, field, _, lookup_parts = self.names_to_path(lookup_splitted, self.get_meta())
                                ^^^^^^^^^^^^^^^^^^^^^^^^^^^^^^^^^^^^^^^^^^^^^^^^^^^^
  File "C:\Users\busle\AppData\Local\Programs\Python\Python312\Lib\site-packages\django\db\models\sql\query.py", line 1772, in names_to_path
    raise FieldError(
django.core.exceptions.FieldError: Cannot resolve keyword 'user_ht' into field. Choices are: customer, customer_id, date_ordered, id, order_ht_product_ht, total_price
"GET /myapp2/by_user/ HTTP/1.1" 500 126020
C:\Users\busle\PycharmProjects\pythonProject3\myproject\myapp2\views.py changed, reloading.
Watching for file changes with StatReloader
Internal Server Error: /myapp2/by_user/
Traceback (most recent call last):
  File "C:\Users\busle\AppData\Local\Programs\Python\Python312\Lib\site-packages\django\core\handlers\exception.py", line 55, in inner
    response = get_response(request)
               ^^^^^^^^^^^^^^^^^^^^^
  File "C:\Users\busle\AppData\Local\Programs\Python\Python312\Lib\site-packages\django\core\handlers\base.py", line 197, in _get_response
    response = wrapped_callback(request, *callback_args, **callback_kwargs)
               ^^^^^^^^^^^^^^^^^^^^^^^^^^^^^^^^^^^^^^^^^^^^^^^^^^^^^^^^^^^^
  File "C:\Users\busle\PycharmProjects\pythonProject3\myproject\myapp2\views.py", line 12, in products_ordered_by_user
    user_ht= Order_ht.objects.filter(user_ht=user_ht_id)
             ^^^^^^^^^^^^^^^^^^^^^^^^^^^^^^^^^^^^^^^^^^^
  File "C:\Users\busle\AppData\Local\Programs\Python\Python312\Lib\site-packages\django\db\models\manager.py", line 87, in manager_method
    return getattr(self.get_queryset(), name)(*args, **kwargs)
           ^^^^^^^^^^^^^^^^^^^^^^^^^^^^^^^^^^^^^^^^^^^^^^^^^^^
  File "C:\Users\busle\AppData\Local\Programs\Python\Python312\Lib\site-packages\django\db\models\query.py", line 1476, in filter
    return self._filter_or_exclude(False, args, kwargs)
           ^^^^^^^^^^^^^^^^^^^^^^^^^^^^^^^^^^^^^^^^^^^^
  File "C:\Users\busle\AppData\Local\Programs\Python\Python312\Lib\site-packages\django\db\models\query.py", line 1494, in _filter_or_exclude
    clone._filter_or_exclude_inplace(negate, args, kwargs)
  File "C:\Users\busle\AppData\Local\Programs\Python\Python312\Lib\site-packages\django\db\models\query.py", line 1501, in _filter_or_exclude_inplace
    self._query.add_q(Q(*args, **kwargs))
  File "C:\Users\busle\AppData\Local\Programs\Python\Python312\Lib\site-packages\django\db\models\sql\query.py", line 1613, in add_q
    clause, _ = self._add_q(q_object, self.used_aliases)
                ^^^^^^^^^^^^^^^^^^^^^^^^^^^^^^^^^^^^^^^^
  File "C:\Users\busle\AppData\Local\Programs\Python\Python312\Lib\site-packages\django\db\models\sql\query.py", line 1645, in _add_q
    child_clause, needed_inner = self.build_filter(
                                 ^^^^^^^^^^^^^^^^^^
  File "C:\Users\busle\AppData\Local\Programs\Python\Python312\Lib\site-packages\django\db\models\sql\query.py", line 1495, in build_filter
    lookups, parts, reffed_expression = self.solve_lookup_type(arg, summarize)
                                        ^^^^^^^^^^^^^^^^^^^^^^^^^^^^^^^^^^^^^^
  File "C:\Users\busle\AppData\Local\Programs\Python\Python312\Lib\site-packages\django\db\models\sql\query.py", line 1307, in solve_lookup_type
    _, field, _, lookup_parts = self.names_to_path(lookup_splitted, self.get_meta())
                                ^^^^^^^^^^^^^^^^^^^^^^^^^^^^^^^^^^^^^^^^^^^^^^^^^^^^
  File "C:\Users\busle\AppData\Local\Programs\Python\Python312\Lib\site-packages\django\db\models\sql\query.py", line 1772, in names_to_path
    raise FieldError(
django.core.exceptions.FieldError: Cannot resolve keyword 'user_ht' into field. Choices are: customer, customer_id, date_ordered, id, order_ht_product_ht, total_price
"GET /myapp2/by_user/ HTTP/1.1" 500 126144
C:\Users\busle\PycharmProjects\pythonProject3\myproject\myapp2\views.py changed, reloading.
Watching for file changes with StatReloader
Not Found: /myapp2/by_user/
"GET /myapp2/by_user/ HTTP/1.1" 404 2817
C:\Users\busle\PycharmProjects\pythonProject3\myproject\myapp2\urls.py changed, reloading.
Watching for file changes with StatReloader
Watching for file changes with StatReloader
"GET / HTTP/1.1" 200 243
Internal Server Error: /myapp2/by_user/2/
Traceback (most recent call last):
  File "C:\Users\busle\AppData\Local\Programs\Python\Python312\Lib\site-packages\django\core\handlers\exception.py", line 55, in inner
    response = get_response(request)
               ^^^^^^^^^^^^^^^^^^^^^
  File "C:\Users\busle\AppData\Local\Programs\Python\Python312\Lib\site-packages\django\core\handlers\base.py", line 197, in _get_response
    response = wrapped_callback(request, *callback_args, **callback_kwargs)
               ^^^^^^^^^^^^^^^^^^^^^^^^^^^^^^^^^^^^^^^^^^^^^^^^^^^^^^^^^^^^
  File "C:\Users\busle\PycharmProjects\pythonProject3\myproject\myapp2\views.py", line 17, in products_ordered_by_user
    return render(request,'by_user.html',{'user_ht': user_ht})
           ^^^^^^^^^^^^^^^^^^^^^^^^^^^^^^^^^^^^^^^^^^^^^^^^^^^
  File "C:\Users\busle\AppData\Local\Programs\Python\Python312\Lib\site-packages\django\shortcuts.py", line 25, in render
    content = loader.render_to_string(template_name, context, request, using=using)
              ^^^^^^^^^^^^^^^^^^^^^^^^^^^^^^^^^^^^^^^^^^^^^^^^^^^^^^^^^^^^^^^^^^^^^
  File "C:\Users\busle\AppData\Local\Programs\Python\Python312\Lib\site-packages\django\template\loader.py", line 61, in render_to_string
    template = get_template(template_name, using=using)
               ^^^^^^^^^^^^^^^^^^^^^^^^^^^^^^^^^^^^^^^^
  File "C:\Users\busle\AppData\Local\Programs\Python\Python312\Lib\site-packages\django\template\loader.py", line 19, in get_template
    raise TemplateDoesNotExist(template_name, chain=chain)
django.template.exceptions.TemplateDoesNotExist: by_user.html
"GET /myapp2/by_user/2/ HTTP/1.1" 500 81605
Watching for file changes with StatReloader
"GET / HTTP/1.1" 200 243
Not Found: /favicon.ico
"GET /favicon.ico HTTP/1.1" 404 2968
Not Found: /myapp2/by_user/
"GET /myapp2/by_user/ HTTP/1.1" 404 3478
"GET /myapp2/by_user/2/ HTTP/1.1" 200 142
C:\Users\busle\PycharmProjects\pythonProject3\myproject\myapp2\views.py changed, reloading.
Watching for file changes with StatReloader
"GET / HTTP/1.1" 200 243
Not Found: /favicon.ico
"GET /favicon.ico HTTP/1.1" 404 2968
Internal Server Error: /myapp2/by_user/2/
Traceback (most recent call last):
  File "C:\Users\busle\AppData\Local\Programs\Python\Python312\Lib\site-packages\django\core\handlers\exception.py", line 55, in inner
    response = get_response(request)
               ^^^^^^^^^^^^^^^^^^^^^
  File "C:\Users\busle\AppData\Local\Programs\Python\Python312\Lib\site-packages\django\core\handlers\base.py", line 197, in _get_response
    response = wrapped_callback(request, *callback_args, **callback_kwargs)
               ^^^^^^^^^^^^^^^^^^^^^^^^^^^^^^^^^^^^^^^^^^^^^^^^^^^^^^^^^^^^
TypeError: products_ordered_by_user() got an unexpected keyword argument 'user_ht'
"GET /myapp2/by_user/2/ HTTP/1.1" 500 61836
C:\Users\busle\PycharmProjects\pythonProject3\myproject\myapp2\urls.py changed, reloading.
Watching for file changes with StatReloader
Not Found: /myapp2/by_user/2/
"GET /myapp2/by_user/2/ HTTP/1.1" 404 2846
C:\Users\busle\PycharmProjects\pythonProject3\myproject\myapp2\views.py changed, reloading.
Watching for file changes with StatReloader
"GET /myapp2/by_user/2/ HTTP/1.1" 200 1920
C:\Users\busle\PycharmProjects\pythonProject3\myproject\myapp2\views.py changed, reloading.
Watching for file changes with StatReloader
"GET /myapp2/by_user/28/ HTTP/1.1" 200 335
C:\Users\busle\PycharmProjects\pythonProject3\myproject\myapp2\views.py changed, reloading.
Watching for file changes with StatReloader
Internal Server Error: /myapp2/by_user/28/
Traceback (most recent call last):
  File "C:\Users\busle\AppData\Local\Programs\Python\Python312\Lib\site-packages\django\core\handlers\exception.py", line 55, in inner
    response = get_response(request)
               ^^^^^^^^^^^^^^^^^^^^^
  File "C:\Users\busle\AppData\Local\Programs\Python\Python312\Lib\site-packages\django\core\handlers\base.py", line 197, in _get_response
    response = wrapped_callback(request, *callback_args, **callback_kwargs)
               ^^^^^^^^^^^^^^^^^^^^^^^^^^^^^^^^^^^^^^^^^^^^^^^^^^^^^^^^^^^^
  File "C:\Users\busle\PycharmProjects\pythonProject3\myproject\myapp2\views.py", line 15, in products_ordered_by_user
    orders = Order_ht.objects.filter(user_ht=user_ht).order_by('id')
             ^^^^^^^^^^^^^^^^^^^^^^^^^^^^^^^^^^^^^^^^
  File "C:\Users\busle\AppData\Local\Programs\Python\Python312\Lib\site-packages\django\db\models\manager.py", line 87, in manager_method
    return getattr(self.get_queryset(), name)(*args, **kwargs)
           ^^^^^^^^^^^^^^^^^^^^^^^^^^^^^^^^^^^^^^^^^^^^^^^^^^^
  File "C:\Users\busle\AppData\Local\Programs\Python\Python312\Lib\site-packages\django\db\models\query.py", line 1476, in filter
    return self._filter_or_exclude(False, args, kwargs)
           ^^^^^^^^^^^^^^^^^^^^^^^^^^^^^^^^^^^^^^^^^^^^
  File "C:\Users\busle\AppData\Local\Programs\Python\Python312\Lib\site-packages\django\db\models\query.py", line 1494, in _filter_or_exclude
    clone._filter_or_exclude_inplace(negate, args, kwargs)
  File "C:\Users\busle\AppData\Local\Programs\Python\Python312\Lib\site-packages\django\db\models\query.py", line 1501, in _filter_or_exclude_inplace
    self._query.add_q(Q(*args, **kwargs))
  File "C:\Users\busle\AppData\Local\Programs\Python\Python312\Lib\site-packages\django\db\models\sql\query.py", line 1613, in add_q
    clause, _ = self._add_q(q_object, self.used_aliases)
                ^^^^^^^^^^^^^^^^^^^^^^^^^^^^^^^^^^^^^^^^
  File "C:\Users\busle\AppData\Local\Programs\Python\Python312\Lib\site-packages\django\db\models\sql\query.py", line 1645, in _add_q
    child_clause, needed_inner = self.build_filter(
                                 ^^^^^^^^^^^^^^^^^^
  File "C:\Users\busle\AppData\Local\Programs\Python\Python312\Lib\site-packages\django\db\models\sql\query.py", line 1495, in build_filter
    lookups, parts, reffed_expression = self.solve_lookup_type(arg, summarize)
                                        ^^^^^^^^^^^^^^^^^^^^^^^^^^^^^^^^^^^^^^
  File "C:\Users\busle\AppData\Local\Programs\Python\Python312\Lib\site-packages\django\db\models\sql\query.py", line 1307, in solve_lookup_type
    _, field, _, lookup_parts = self.names_to_path(lookup_splitted, self.get_meta())
                                ^^^^^^^^^^^^^^^^^^^^^^^^^^^^^^^^^^^^^^^^^^^^^^^^^^^^
  File "C:\Users\busle\AppData\Local\Programs\Python\Python312\Lib\site-packages\django\db\models\sql\query.py", line 1772, in names_to_path
    raise FieldError(
django.core.exceptions.FieldError: Cannot resolve keyword 'user_ht' into field. Choices are: customer, customer_id, date_ordered, id, order_ht_product_ht, total_price
"GET /myapp2/by_user/28/ HTTP/1.1" 500 128070
C:\Users\busle\PycharmProjects\pythonProject3\myproject\myapp2\views.py changed, reloading.
Watching for file changes with StatReloader
C:\Users\busle\PycharmProjects\pythonProject3\myproject\myapp2\views.py changed, reloading.
Watching for file changes with StatReloader
Internal Server Error: /myapp2/by_user/28/
Traceback (most recent call last):
  File "C:\Users\busle\AppData\Local\Programs\Python\Python312\Lib\site-packages\django\core\handlers\exception.py", line 55, in inner
    response = get_response(request)
               ^^^^^^^^^^^^^^^^^^^^^
  File "C:\Users\busle\AppData\Local\Programs\Python\Python312\Lib\site-packages\django\core\handlers\base.py", line 197, in _get_response
    response = wrapped_callback(request, *callback_args, **callback_kwargs)
               ^^^^^^^^^^^^^^^^^^^^^^^^^^^^^^^^^^^^^^^^^^^^^^^^^^^^^^^^^^^^
  File "C:\Users\busle\PycharmProjects\pythonProject3\myproject\myapp2\views.py", line 15, in products_ordered_by_user
    orders = Order_ht.objects.filter(user_ht=user_ht).order_by('id')
             ^^^^^^^^^^^^^^^^^^^^^^^^^^^^^^^^^^^^^^^^
  File "C:\Users\busle\AppData\Local\Programs\Python\Python312\Lib\site-packages\django\db\models\manager.py", line 87, in manager_method
    return getattr(self.get_queryset(), name)(*args, **kwargs)
           ^^^^^^^^^^^^^^^^^^^^^^^^^^^^^^^^^^^^^^^^^^^^^^^^^^^
  File "C:\Users\busle\AppData\Local\Programs\Python\Python312\Lib\site-packages\django\db\models\query.py", line 1476, in filter
    return self._filter_or_exclude(False, args, kwargs)
           ^^^^^^^^^^^^^^^^^^^^^^^^^^^^^^^^^^^^^^^^^^^^
  File "C:\Users\busle\AppData\Local\Programs\Python\Python312\Lib\site-packages\django\db\models\query.py", line 1494, in _filter_or_exclude
    clone._filter_or_exclude_inplace(negate, args, kwargs)
  File "C:\Users\busle\AppData\Local\Programs\Python\Python312\Lib\site-packages\django\db\models\query.py", line 1501, in _filter_or_exclude_inplace
    self._query.add_q(Q(*args, **kwargs))
  File "C:\Users\busle\AppData\Local\Programs\Python\Python312\Lib\site-packages\django\db\models\sql\query.py", line 1613, in add_q
    clause, _ = self._add_q(q_object, self.used_aliases)
                ^^^^^^^^^^^^^^^^^^^^^^^^^^^^^^^^^^^^^^^^
  File "C:\Users\busle\AppData\Local\Programs\Python\Python312\Lib\site-packages\django\db\models\sql\query.py", line 1645, in _add_q
    child_clause, needed_inner = self.build_filter(
                                 ^^^^^^^^^^^^^^^^^^
  File "C:\Users\busle\AppData\Local\Programs\Python\Python312\Lib\site-packages\django\db\models\sql\query.py", line 1495, in build_filter
    lookups, parts, reffed_expression = self.solve_lookup_type(arg, summarize)
                                        ^^^^^^^^^^^^^^^^^^^^^^^^^^^^^^^^^^^^^^
  File "C:\Users\busle\AppData\Local\Programs\Python\Python312\Lib\site-packages\django\db\models\sql\query.py", line 1307, in solve_lookup_type
    _, field, _, lookup_parts = self.names_to_path(lookup_splitted, self.get_meta())
                                ^^^^^^^^^^^^^^^^^^^^^^^^^^^^^^^^^^^^^^^^^^^^^^^^^^^^
  File "C:\Users\busle\AppData\Local\Programs\Python\Python312\Lib\site-packages\django\db\models\sql\query.py", line 1772, in names_to_path
    raise FieldError(
django.core.exceptions.FieldError: Cannot resolve keyword 'user_ht' into field. Choices are: customer, customer_id, date_ordered, id, order_ht_product_ht, total_price
"GET /myapp2/by_user/28/ HTTP/1.1" 500 128071
C:\Users\busle\PycharmProjects\pythonProject3\myproject\myapp2\views.py changed, reloading.
Watching for file changes with StatReloader
Internal Server Error: /myapp2/by_user/28/
Traceback (most recent call last):
  File "C:\Users\busle\AppData\Local\Programs\Python\Python312\Lib\site-packages\django\core\handlers\exception.py", line 55, in inner
    response = get_response(request)
               ^^^^^^^^^^^^^^^^^^^^^
  File "C:\Users\busle\AppData\Local\Programs\Python\Python312\Lib\site-packages\django\core\handlers\base.py", line 197, in _get_response
    response = wrapped_callback(request, *callback_args, **callback_kwargs)
               ^^^^^^^^^^^^^^^^^^^^^^^^^^^^^^^^^^^^^^^^^^^^^^^^^^^^^^^^^^^^
  File "C:\Users\busle\PycharmProjects\pythonProject3\myproject\myapp2\views.py", line 15, in products_ordered_by_user
    orders = Order_ht.objects.filter(user_ht=user_ht).order_by('id')
             ^^^^^^^^^^^^^^^^^^^^^^^^^^^^^^^^^^^^^^^^
  File "C:\Users\busle\AppData\Local\Programs\Python\Python312\Lib\site-packages\django\db\models\manager.py", line 87, in manager_method
    return getattr(self.get_queryset(), name)(*args, **kwargs)
           ^^^^^^^^^^^^^^^^^^^^^^^^^^^^^^^^^^^^^^^^^^^^^^^^^^^
  File "C:\Users\busle\AppData\Local\Programs\Python\Python312\Lib\site-packages\django\db\models\query.py", line 1476, in filter
    return self._filter_or_exclude(False, args, kwargs)
           ^^^^^^^^^^^^^^^^^^^^^^^^^^^^^^^^^^^^^^^^^^^^
  File "C:\Users\busle\AppData\Local\Programs\Python\Python312\Lib\site-packages\django\db\models\query.py", line 1494, in _filter_or_exclude
    clone._filter_or_exclude_inplace(negate, args, kwargs)
  File "C:\Users\busle\AppData\Local\Programs\Python\Python312\Lib\site-packages\django\db\models\query.py", line 1501, in _filter_or_exclude_inplace
    self._query.add_q(Q(*args, **kwargs))
  File "C:\Users\busle\AppData\Local\Programs\Python\Python312\Lib\site-packages\django\db\models\sql\query.py", line 1613, in add_q
    clause, _ = self._add_q(q_object, self.used_aliases)
                ^^^^^^^^^^^^^^^^^^^^^^^^^^^^^^^^^^^^^^^^
  File "C:\Users\busle\AppData\Local\Programs\Python\Python312\Lib\site-packages\django\db\models\sql\query.py", line 1645, in _add_q
    child_clause, needed_inner = self.build_filter(
                                 ^^^^^^^^^^^^^^^^^^
  File "C:\Users\busle\AppData\Local\Programs\Python\Python312\Lib\site-packages\django\db\models\sql\query.py", line 1495, in build_filter
    lookups, parts, reffed_expression = self.solve_lookup_type(arg, summarize)
                                        ^^^^^^^^^^^^^^^^^^^^^^^^^^^^^^^^^^^^^^
  File "C:\Users\busle\AppData\Local\Programs\Python\Python312\Lib\site-packages\django\db\models\sql\query.py", line 1307, in solve_lookup_type
    _, field, _, lookup_parts = self.names_to_path(lookup_splitted, self.get_meta())
                                ^^^^^^^^^^^^^^^^^^^^^^^^^^^^^^^^^^^^^^^^^^^^^^^^^^^^
  File "C:\Users\busle\AppData\Local\Programs\Python\Python312\Lib\site-packages\django\db\models\sql\query.py", line 1772, in names_to_path
    raise FieldError(
django.core.exceptions.FieldError: Cannot resolve keyword 'user_ht' into field. Choices are: customer, customer_id, date_ordered, id, order_ht_product_ht, total_price
"GET /myapp2/by_user/28/ HTTP/1.1" 500 128094
Watching for file changes with StatReloader
Internal Server Error: /myapp2/by_user/28/
Traceback (most recent call last):
  File "C:\Users\busle\AppData\Local\Programs\Python\Python312\Lib\site-packages\django\core\handlers\exception.py", line 55, in inner
    response = get_response(request)
               ^^^^^^^^^^^^^^^^^^^^^
  File "C:\Users\busle\AppData\Local\Programs\Python\Python312\Lib\site-packages\django\core\handlers\base.py", line 197, in _get_response
    response = wrapped_callback(request, *callback_args, **callback_kwargs)
               ^^^^^^^^^^^^^^^^^^^^^^^^^^^^^^^^^^^^^^^^^^^^^^^^^^^^^^^^^^^^
  File "C:\Users\busle\PycharmProjects\pythonProject3\myproject\myapp2\views.py", line 15, in products_ordered_by_user
    orders = Order_ht.objects.filter(user_ht=user_ht).order_by('id')
             ^^^^^^^^^^^^^^^^^^^^^^^^^^^^^^^^^^^^^^^^
  File "C:\Users\busle\AppData\Local\Programs\Python\Python312\Lib\site-packages\django\db\models\manager.py", line 87, in manager_method
    return getattr(self.get_queryset(), name)(*args, **kwargs)
           ^^^^^^^^^^^^^^^^^^^^^^^^^^^^^^^^^^^^^^^^^^^^^^^^^^^
  File "C:\Users\busle\AppData\Local\Programs\Python\Python312\Lib\site-packages\django\db\models\query.py", line 1476, in filter
    return self._filter_or_exclude(False, args, kwargs)
           ^^^^^^^^^^^^^^^^^^^^^^^^^^^^^^^^^^^^^^^^^^^^
  File "C:\Users\busle\AppData\Local\Programs\Python\Python312\Lib\site-packages\django\db\models\query.py", line 1494, in _filter_or_exclude
    clone._filter_or_exclude_inplace(negate, args, kwargs)
  File "C:\Users\busle\AppData\Local\Programs\Python\Python312\Lib\site-packages\django\db\models\query.py", line 1501, in _filter_or_exclude_inplace
    self._query.add_q(Q(*args, **kwargs))
  File "C:\Users\busle\AppData\Local\Programs\Python\Python312\Lib\site-packages\django\db\models\sql\query.py", line 1613, in add_q
    clause, _ = self._add_q(q_object, self.used_aliases)
                ^^^^^^^^^^^^^^^^^^^^^^^^^^^^^^^^^^^^^^^^
  File "C:\Users\busle\AppData\Local\Programs\Python\Python312\Lib\site-packages\django\db\models\sql\query.py", line 1645, in _add_q
    child_clause, needed_inner = self.build_filter(
                                 ^^^^^^^^^^^^^^^^^^
  File "C:\Users\busle\AppData\Local\Programs\Python\Python312\Lib\site-packages\django\db\models\sql\query.py", line 1495, in build_filter
    lookups, parts, reffed_expression = self.solve_lookup_type(arg, summarize)
                                        ^^^^^^^^^^^^^^^^^^^^^^^^^^^^^^^^^^^^^^
  File "C:\Users\busle\AppData\Local\Programs\Python\Python312\Lib\site-packages\django\db\models\sql\query.py", line 1307, in solve_lookup_type
    _, field, _, lookup_parts = self.names_to_path(lookup_splitted, self.get_meta())
                                ^^^^^^^^^^^^^^^^^^^^^^^^^^^^^^^^^^^^^^^^^^^^^^^^^^^^
  File "C:\Users\busle\AppData\Local\Programs\Python\Python312\Lib\site-packages\django\db\models\sql\query.py", line 1772, in names_to_path
    raise FieldError(
django.core.exceptions.FieldError: Cannot resolve keyword 'user_ht' into field. Choices are: customer, customer_id, date_ordered, id, order_ht_product_ht, total_price
"GET /myapp2/by_user/28/ HTTP/1.1" 500 128094
Not Found: /myapp2/by_user/2/
"GET /myapp2/by_user/2/ HTTP/1.1" 404 2846
Internal Server Error: /myapp2/by_user/28/
Traceback (most recent call last):
  File "C:\Users\busle\AppData\Local\Programs\Python\Python312\Lib\site-packages\django\core\handlers\exception.py", line 55, in inner
    response = get_response(request)
               ^^^^^^^^^^^^^^^^^^^^^
  File "C:\Users\busle\AppData\Local\Programs\Python\Python312\Lib\site-packages\django\core\handlers\base.py", line 197, in _get_response
    response = wrapped_callback(request, *callback_args, **callback_kwargs)
               ^^^^^^^^^^^^^^^^^^^^^^^^^^^^^^^^^^^^^^^^^^^^^^^^^^^^^^^^^^^^
  File "C:\Users\busle\PycharmProjects\pythonProject3\myproject\myapp2\views.py", line 15, in products_ordered_by_user
    orders = Order_ht.objects.filter(user_ht=user_ht).order_by('id')
             ^^^^^^^^^^^^^^^^^^^^^^^^^^^^^^^^^^^^^^^^
  File "C:\Users\busle\AppData\Local\Programs\Python\Python312\Lib\site-packages\django\db\models\manager.py", line 87, in manager_method
    return getattr(self.get_queryset(), name)(*args, **kwargs)
           ^^^^^^^^^^^^^^^^^^^^^^^^^^^^^^^^^^^^^^^^^^^^^^^^^^^
  File "C:\Users\busle\AppData\Local\Programs\Python\Python312\Lib\site-packages\django\db\models\query.py", line 1476, in filter
    return self._filter_or_exclude(False, args, kwargs)
           ^^^^^^^^^^^^^^^^^^^^^^^^^^^^^^^^^^^^^^^^^^^^
  File "C:\Users\busle\AppData\Local\Programs\Python\Python312\Lib\site-packages\django\db\models\query.py", line 1494, in _filter_or_exclude
    clone._filter_or_exclude_inplace(negate, args, kwargs)
  File "C:\Users\busle\AppData\Local\Programs\Python\Python312\Lib\site-packages\django\db\models\query.py", line 1501, in _filter_or_exclude_inplace
    self._query.add_q(Q(*args, **kwargs))
  File "C:\Users\busle\AppData\Local\Programs\Python\Python312\Lib\site-packages\django\db\models\sql\query.py", line 1613, in add_q
    clause, _ = self._add_q(q_object, self.used_aliases)
                ^^^^^^^^^^^^^^^^^^^^^^^^^^^^^^^^^^^^^^^^
  File "C:\Users\busle\AppData\Local\Programs\Python\Python312\Lib\site-packages\django\db\models\sql\query.py", line 1645, in _add_q
    child_clause, needed_inner = self.build_filter(
                                 ^^^^^^^^^^^^^^^^^^
  File "C:\Users\busle\AppData\Local\Programs\Python\Python312\Lib\site-packages\django\db\models\sql\query.py", line 1495, in build_filter
    lookups, parts, reffed_expression = self.solve_lookup_type(arg, summarize)
                                        ^^^^^^^^^^^^^^^^^^^^^^^^^^^^^^^^^^^^^^
  File "C:\Users\busle\AppData\Local\Programs\Python\Python312\Lib\site-packages\django\db\models\sql\query.py", line 1307, in solve_lookup_type
    _, field, _, lookup_parts = self.names_to_path(lookup_splitted, self.get_meta())
                                ^^^^^^^^^^^^^^^^^^^^^^^^^^^^^^^^^^^^^^^^^^^^^^^^^^^^
  File "C:\Users\busle\AppData\Local\Programs\Python\Python312\Lib\site-packages\django\db\models\sql\query.py", line 1772, in names_to_path
    raise FieldError(
django.core.exceptions.FieldError: Cannot resolve keyword 'user_ht' into field. Choices are: customer, customer_id, date_ordered, id, order_ht_product_ht, total_price
"GET /myapp2/by_user/28/ HTTP/1.1" 500 127957
C:\Users\busle\PycharmProjects\pythonProject3\myproject\myapp2\views.py changed, reloading.
Watching for file changes with StatReloader
Internal Server Error: /myapp2/by_user/28/
Traceback (most recent call last):
  File "C:\Users\busle\AppData\Local\Programs\Python\Python312\Lib\site-packages\django\core\handlers\exception.py", line 55, in inner
    response = get_response(request)
               ^^^^^^^^^^^^^^^^^^^^^
  File "C:\Users\busle\AppData\Local\Programs\Python\Python312\Lib\site-packages\django\core\handlers\base.py", line 197, in _get_response
    response = wrapped_callback(request, *callback_args, **callback_kwargs)
               ^^^^^^^^^^^^^^^^^^^^^^^^^^^^^^^^^^^^^^^^^^^^^^^^^^^^^^^^^^^^
  File "C:\Users\busle\PycharmProjects\pythonProject3\myproject\myapp2\views.py", line 17, in products_ordered_by_user
    orders = Order_ht.objects.filter(user_ht=user_ht).order_by('id')
             ^^^^^^^^^^^^^^^^^^^^^^^^^^^^^^^^^^^^^^^^
  File "C:\Users\busle\AppData\Local\Programs\Python\Python312\Lib\site-packages\django\db\models\manager.py", line 87, in manager_method
    return getattr(self.get_queryset(), name)(*args, **kwargs)
           ^^^^^^^^^^^^^^^^^^^^^^^^^^^^^^^^^^^^^^^^^^^^^^^^^^^
  File "C:\Users\busle\AppData\Local\Programs\Python\Python312\Lib\site-packages\django\db\models\query.py", line 1476, in filter
    return self._filter_or_exclude(False, args, kwargs)
           ^^^^^^^^^^^^^^^^^^^^^^^^^^^^^^^^^^^^^^^^^^^^
  File "C:\Users\busle\AppData\Local\Programs\Python\Python312\Lib\site-packages\django\db\models\query.py", line 1494, in _filter_or_exclude
    clone._filter_or_exclude_inplace(negate, args, kwargs)
  File "C:\Users\busle\AppData\Local\Programs\Python\Python312\Lib\site-packages\django\db\models\query.py", line 1501, in _filter_or_exclude_inplace
    self._query.add_q(Q(*args, **kwargs))
  File "C:\Users\busle\AppData\Local\Programs\Python\Python312\Lib\site-packages\django\db\models\sql\query.py", line 1613, in add_q
    clause, _ = self._add_q(q_object, self.used_aliases)
                ^^^^^^^^^^^^^^^^^^^^^^^^^^^^^^^^^^^^^^^^
  File "C:\Users\busle\AppData\Local\Programs\Python\Python312\Lib\site-packages\django\db\models\sql\query.py", line 1645, in _add_q
    child_clause, needed_inner = self.build_filter(
                                 ^^^^^^^^^^^^^^^^^^
  File "C:\Users\busle\AppData\Local\Programs\Python\Python312\Lib\site-packages\django\db\models\sql\query.py", line 1495, in build_filter
    lookups, parts, reffed_expression = self.solve_lookup_type(arg, summarize)
                                        ^^^^^^^^^^^^^^^^^^^^^^^^^^^^^^^^^^^^^^
  File "C:\Users\busle\AppData\Local\Programs\Python\Python312\Lib\site-packages\django\db\models\sql\query.py", line 1307, in solve_lookup_type
    _, field, _, lookup_parts = self.names_to_path(lookup_splitted, self.get_meta())
                                ^^^^^^^^^^^^^^^^^^^^^^^^^^^^^^^^^^^^^^^^^^^^^^^^^^^^
  File "C:\Users\busle\AppData\Local\Programs\Python\Python312\Lib\site-packages\django\db\models\sql\query.py", line 1772, in names_to_path
    raise FieldError(
django.core.exceptions.FieldError: Cannot resolve keyword 'user_ht' into field. Choices are: customer, customer_id, date_ordered, id, order_ht_product_ht, total_price
"GET /myapp2/by_user/28/ HTTP/1.1" 500 128290
C:\Users\busle\PycharmProjects\pythonProject3\myproject\myapp2\views.py changed, reloading.
Watching for file changes with StatReloader
Internal Server Error: /myapp2/by_user/28/
Traceback (most recent call last):
  File "C:\Users\busle\AppData\Local\Programs\Python\Python312\Lib\site-packages\django\core\handlers\exception.py", line 55, in inner
    response = get_response(request)
               ^^^^^^^^^^^^^^^^^^^^^
  File "C:\Users\busle\AppData\Local\Programs\Python\Python312\Lib\site-packages\django\core\handlers\base.py", line 197, in _get_response
    response = wrapped_callback(request, *callback_args, **callback_kwargs)
               ^^^^^^^^^^^^^^^^^^^^^^^^^^^^^^^^^^^^^^^^^^^^^^^^^^^^^^^^^^^^
  File "C:\Users\busle\PycharmProjects\pythonProject3\myproject\myapp2\views.py", line 17, in products_ordered_by_user
    orders = Order_ht.objects.filter(user_ht=user_ht).order_by('id')
             ^^^^^^^^^^^^^^^^^^^^^^^^^^^^^^^^^^^^^^^^
  File "C:\Users\busle\AppData\Local\Programs\Python\Python312\Lib\site-packages\django\db\models\manager.py", line 87, in manager_method
    return getattr(self.get_queryset(), name)(*args, **kwargs)
           ^^^^^^^^^^^^^^^^^^^^^^^^^^^^^^^^^^^^^^^^^^^^^^^^^^^
  File "C:\Users\busle\AppData\Local\Programs\Python\Python312\Lib\site-packages\django\db\models\query.py", line 1476, in filter
    return self._filter_or_exclude(False, args, kwargs)
           ^^^^^^^^^^^^^^^^^^^^^^^^^^^^^^^^^^^^^^^^^^^^
  File "C:\Users\busle\AppData\Local\Programs\Python\Python312\Lib\site-packages\django\db\models\query.py", line 1494, in _filter_or_exclude
    clone._filter_or_exclude_inplace(negate, args, kwargs)
  File "C:\Users\busle\AppData\Local\Programs\Python\Python312\Lib\site-packages\django\db\models\query.py", line 1501, in _filter_or_exclude_inplace
    self._query.add_q(Q(*args, **kwargs))
  File "C:\Users\busle\AppData\Local\Programs\Python\Python312\Lib\site-packages\django\db\models\sql\query.py", line 1613, in add_q
    clause, _ = self._add_q(q_object, self.used_aliases)
                ^^^^^^^^^^^^^^^^^^^^^^^^^^^^^^^^^^^^^^^^
  File "C:\Users\busle\AppData\Local\Programs\Python\Python312\Lib\site-packages\django\db\models\sql\query.py", line 1645, in _add_q
    child_clause, needed_inner = self.build_filter(
                                 ^^^^^^^^^^^^^^^^^^
  File "C:\Users\busle\AppData\Local\Programs\Python\Python312\Lib\site-packages\django\db\models\sql\query.py", line 1495, in build_filter
    lookups, parts, reffed_expression = self.solve_lookup_type(arg, summarize)
                                        ^^^^^^^^^^^^^^^^^^^^^^^^^^^^^^^^^^^^^^
  File "C:\Users\busle\AppData\Local\Programs\Python\Python312\Lib\site-packages\django\db\models\sql\query.py", line 1307, in solve_lookup_type
    _, field, _, lookup_parts = self.names_to_path(lookup_splitted, self.get_meta())
                                ^^^^^^^^^^^^^^^^^^^^^^^^^^^^^^^^^^^^^^^^^^^^^^^^^^^^
  File "C:\Users\busle\AppData\Local\Programs\Python\Python312\Lib\site-packages\django\db\models\sql\query.py", line 1772, in names_to_path
    raise FieldError(
django.core.exceptions.FieldError: Cannot resolve keyword 'user_ht' into field. Choices are: customer, customer_id, date_ordered, id, order_ht_product_ht, total_price
"GET /myapp2/by_user/28/ HTTP/1.1" 500 128296
C:\Users\busle\PycharmProjects\pythonProject3\myproject\myapp2\views.py changed, reloading.
Watching for file changes with StatReloader
Internal Server Error: /myapp2/by_user/28/
Traceback (most recent call last):
  File "C:\Users\busle\AppData\Local\Programs\Python\Python312\Lib\site-packages\django\core\handlers\exception.py", line 55, in inner
    response = get_response(request)
               ^^^^^^^^^^^^^^^^^^^^^
  File "C:\Users\busle\AppData\Local\Programs\Python\Python312\Lib\site-packages\django\core\handlers\base.py", line 197, in _get_response
    response = wrapped_callback(request, *callback_args, **callback_kwargs)
               ^^^^^^^^^^^^^^^^^^^^^^^^^^^^^^^^^^^^^^^^^^^^^^^^^^^^^^^^^^^^
  File "C:\Users\busle\PycharmProjects\pythonProject3\myproject\myapp2\views.py", line 17, in products_ordered_by_user
    orders = Order_ht.objects.filter(user_ht=user_ht).order_by('id')
             ^^^^^^^^^^^^^^^^^^^^^^^^^^^^^^^^^^^^^^^^
  File "C:\Users\busle\AppData\Local\Programs\Python\Python312\Lib\site-packages\django\db\models\manager.py", line 87, in manager_method
    return getattr(self.get_queryset(), name)(*args, **kwargs)
           ^^^^^^^^^^^^^^^^^^^^^^^^^^^^^^^^^^^^^^^^^^^^^^^^^^^
  File "C:\Users\busle\AppData\Local\Programs\Python\Python312\Lib\site-packages\django\db\models\query.py", line 1476, in filter
    return self._filter_or_exclude(False, args, kwargs)
           ^^^^^^^^^^^^^^^^^^^^^^^^^^^^^^^^^^^^^^^^^^^^
  File "C:\Users\busle\AppData\Local\Programs\Python\Python312\Lib\site-packages\django\db\models\query.py", line 1494, in _filter_or_exclude
    clone._filter_or_exclude_inplace(negate, args, kwargs)
  File "C:\Users\busle\AppData\Local\Programs\Python\Python312\Lib\site-packages\django\db\models\query.py", line 1501, in _filter_or_exclude_inplace
    self._query.add_q(Q(*args, **kwargs))
  File "C:\Users\busle\AppData\Local\Programs\Python\Python312\Lib\site-packages\django\db\models\sql\query.py", line 1613, in add_q
    clause, _ = self._add_q(q_object, self.used_aliases)
                ^^^^^^^^^^^^^^^^^^^^^^^^^^^^^^^^^^^^^^^^
  File "C:\Users\busle\AppData\Local\Programs\Python\Python312\Lib\site-packages\django\db\models\sql\query.py", line 1645, in _add_q
    child_clause, needed_inner = self.build_filter(
                                 ^^^^^^^^^^^^^^^^^^
  File "C:\Users\busle\AppData\Local\Programs\Python\Python312\Lib\site-packages\django\db\models\sql\query.py", line 1495, in build_filter
    lookups, parts, reffed_expression = self.solve_lookup_type(arg, summarize)
                                        ^^^^^^^^^^^^^^^^^^^^^^^^^^^^^^^^^^^^^^
  File "C:\Users\busle\AppData\Local\Programs\Python\Python312\Lib\site-packages\django\db\models\sql\query.py", line 1307, in solve_lookup_type
    _, field, _, lookup_parts = self.names_to_path(lookup_splitted, self.get_meta())
                                ^^^^^^^^^^^^^^^^^^^^^^^^^^^^^^^^^^^^^^^^^^^^^^^^^^^^
  File "C:\Users\busle\AppData\Local\Programs\Python\Python312\Lib\site-packages\django\db\models\sql\query.py", line 1772, in names_to_path
    raise FieldError(
django.core.exceptions.FieldError: Cannot resolve keyword 'user_ht' into field. Choices are: customer, customer_id, date_ordered, id, order_ht_product_ht, total_price
"GET /myapp2/by_user/28/ HTTP/1.1" 500 128272
C:\Users\busle\PycharmProjects\pythonProject3\myproject\myapp2\views.py changed, reloading.
Watching for file changes with StatReloader
Internal Server Error: /myapp2/by_user/28/
Traceback (most recent call last):
  File "C:\Users\busle\AppData\Local\Programs\Python\Python312\Lib\site-packages\django\core\handlers\exception.py", line 55, in inner
    response = get_response(request)
               ^^^^^^^^^^^^^^^^^^^^^
  File "C:\Users\busle\AppData\Local\Programs\Python\Python312\Lib\site-packages\django\core\handlers\base.py", line 204, in _get_response
    self.check_response(response, callback)
  File "C:\Users\busle\AppData\Local\Programs\Python\Python312\Lib\site-packages\django\core\handlers\base.py", line 332, in check_response
    raise ValueError(
ValueError: The view myapp2.views.products_ordered_by_user didn't return an HttpResponse object. It returned None instead.
"GET /myapp2/by_user/28/ HTTP/1.1" 500 66543
C:\Users\busle\PycharmProjects\pythonProject3\myproject\myapp2\views.py changed, reloading.
Watching for file changes with StatReloader
Internal Server Error: /myapp2/by_user/28/
Traceback (most recent call last):
  File "C:\Users\busle\AppData\Local\Programs\Python\Python312\Lib\site-packages\django\core\handlers\exception.py", line 55, in inner
    response = get_response(request)
               ^^^^^^^^^^^^^^^^^^^^^
  File "C:\Users\busle\AppData\Local\Programs\Python\Python312\Lib\site-packages\django\core\handlers\base.py", line 197, in _get_response
    response = wrapped_callback(request, *callback_args, **callback_kwargs)
               ^^^^^^^^^^^^^^^^^^^^^^^^^^^^^^^^^^^^^^^^^^^^^^^^^^^^^^^^^^^^
  File "C:\Users\busle\PycharmProjects\pythonProject3\myproject\myapp2\views.py", line 21, in products_ordered_by_user
    return render(request, 'myapp2/by_user.html', {user_ht})
           ^^^^^^^^^^^^^^^^^^^^^^^^^^^^^^^^^^^^^^^^^^^^^^^^^
  File "C:\Users\busle\AppData\Local\Programs\Python\Python312\Lib\site-packages\django\shortcuts.py", line 25, in render
    content = loader.render_to_string(template_name, context, request, using=using)
              ^^^^^^^^^^^^^^^^^^^^^^^^^^^^^^^^^^^^^^^^^^^^^^^^^^^^^^^^^^^^^^^^^^^^^
  File "C:\Users\busle\AppData\Local\Programs\Python\Python312\Lib\site-packages\django\template\loader.py", line 62, in render_to_string
    return template.render(context, request)
           ^^^^^^^^^^^^^^^^^^^^^^^^^^^^^^^^^
  File "C:\Users\busle\AppData\Local\Programs\Python\Python312\Lib\site-packages\django\template\backends\django.py", line 57, in render
    context = make_context(
              ^^^^^^^^^^^^^
  File "C:\Users\busle\AppData\Local\Programs\Python\Python312\Lib\site-packages\django\template\context.py", line 286, in make_context
    raise TypeError(
TypeError: context must be a dict rather than set.
"GET /myapp2/by_user/28/ HTTP/1.1" 500 82767
C:\Users\busle\PycharmProjects\pythonProject3\myproject\myapp2\views.py changed, reloading.
Watching for file changes with StatReloader
"GET /myapp2/by_user/28/ HTTP/1.1" 200 335
C:\Users\busle\PycharmProjects\pythonProject3\myproject\myapp2\views.py changed, reloading.
Watching for file changes with StatReloader
"GET /myapp2/by_user/28/ HTTP/1.1" 200 151
C:\Users\busle\PycharmProjects\pythonProject3\myproject\myapp2\views.py changed, reloading.
Watching for file changes with StatReloader
"GET /myapp2/by_user/28/ HTTP/1.1" 200 153
C:\Users\busle\PycharmProjects\pythonProject3\myproject\myapp2\views.py changed, reloading.
Watching for file changes with StatReloader
"GET /myapp2/by_user/28/ HTTP/1.1" 200 165
C:\Users\busle\PycharmProjects\pythonProject3\myproject\myapp2\views.py changed, reloading.
Watching for file changes with StatReloader
"GET /myapp2/by_user/28/ HTTP/1.1" 200 151
C:\Users\busle\PycharmProjects\pythonProject3\myproject\myapp2\views.py changed, reloading.
Watching for file changes with StatReloader
C:\Users\busle\PycharmProjects\pythonProject3\myproject\myapp2\views.py changed, reloading.
Watching for file changes with StatReloader
Internal Server Error: /myapp2/by_user/28/
Traceback (most recent call last):
  File "C:\Users\busle\AppData\Local\Programs\Python\Python312\Lib\site-packages\django\core\handlers\exception.py", line 55, in inner
    response = get_response(request)
               ^^^^^^^^^^^^^^^^^^^^^
  File "C:\Users\busle\AppData\Local\Programs\Python\Python312\Lib\site-packages\django\core\handlers\base.py", line 197, in _get_response
    response = wrapped_callback(request, *callback_args, **callback_kwargs)
               ^^^^^^^^^^^^^^^^^^^^^^^^^^^^^^^^^^^^^^^^^^^^^^^^^^^^^^^^^^^^
  File "C:\Users\busle\PycharmProjects\pythonProject3\myproject\myapp2\views.py", line 14, in products_ordered_by_user
    orders = Order_ht.objects.filter(user_ht=user_ht).order_by('id')
             ^^^^^^^^^^^^^^^^^^^^^^^^^^^^^^^^^^^^^^^^
  File "C:\Users\busle\AppData\Local\Programs\Python\Python312\Lib\site-packages\django\db\models\manager.py", line 87, in manager_method
    return getattr(self.get_queryset(), name)(*args, **kwargs)
           ^^^^^^^^^^^^^^^^^^^^^^^^^^^^^^^^^^^^^^^^^^^^^^^^^^^
  File "C:\Users\busle\AppData\Local\Programs\Python\Python312\Lib\site-packages\django\db\models\query.py", line 1476, in filter
    return self._filter_or_exclude(False, args, kwargs)
           ^^^^^^^^^^^^^^^^^^^^^^^^^^^^^^^^^^^^^^^^^^^^
  File "C:\Users\busle\AppData\Local\Programs\Python\Python312\Lib\site-packages\django\db\models\query.py", line 1494, in _filter_or_exclude
    clone._filter_or_exclude_inplace(negate, args, kwargs)
  File "C:\Users\busle\AppData\Local\Programs\Python\Python312\Lib\site-packages\django\db\models\query.py", line 1501, in _filter_or_exclude_inplace
    self._query.add_q(Q(*args, **kwargs))
  File "C:\Users\busle\AppData\Local\Programs\Python\Python312\Lib\site-packages\django\db\models\sql\query.py", line 1613, in add_q
    clause, _ = self._add_q(q_object, self.used_aliases)
                ^^^^^^^^^^^^^^^^^^^^^^^^^^^^^^^^^^^^^^^^
  File "C:\Users\busle\AppData\Local\Programs\Python\Python312\Lib\site-packages\django\db\models\sql\query.py", line 1645, in _add_q
    child_clause, needed_inner = self.build_filter(
                                 ^^^^^^^^^^^^^^^^^^
  File "C:\Users\busle\AppData\Local\Programs\Python\Python312\Lib\site-packages\django\db\models\sql\query.py", line 1495, in build_filter
    lookups, parts, reffed_expression = self.solve_lookup_type(arg, summarize)
                                        ^^^^^^^^^^^^^^^^^^^^^^^^^^^^^^^^^^^^^^
  File "C:\Users\busle\AppData\Local\Programs\Python\Python312\Lib\site-packages\django\db\models\sql\query.py", line 1307, in solve_lookup_type
    _, field, _, lookup_parts = self.names_to_path(lookup_splitted, self.get_meta())
                                ^^^^^^^^^^^^^^^^^^^^^^^^^^^^^^^^^^^^^^^^^^^^^^^^^^^^
  File "C:\Users\busle\AppData\Local\Programs\Python\Python312\Lib\site-packages\django\db\models\sql\query.py", line 1772, in names_to_path
    raise FieldError(
django.core.exceptions.FieldError: Cannot resolve keyword 'user_ht' into field. Choices are: customer, customer_id, date_ordered, id, order_ht_product_ht, total_price
"GET /myapp2/by_user/28/ HTTP/1.1" 500 128605
C:\Users\busle\PycharmProjects\pythonProject3\myproject\myapp2\views.py changed, reloading.
Watching for file changes with StatReloader
Internal Server Error: /myapp2/by_user/28/
Traceback (most recent call last):
  File "C:\Users\busle\AppData\Local\Programs\Python\Python312\Lib\site-packages\django\core\handlers\exception.py", line 55, in inner
    response = get_response(request)
               ^^^^^^^^^^^^^^^^^^^^^
  File "C:\Users\busle\AppData\Local\Programs\Python\Python312\Lib\site-packages\django\core\handlers\base.py", line 197, in _get_response
    response = wrapped_callback(request, *callback_args, **callback_kwargs)
               ^^^^^^^^^^^^^^^^^^^^^^^^^^^^^^^^^^^^^^^^^^^^^^^^^^^^^^^^^^^^
  File "C:\Users\busle\PycharmProjects\pythonProject3\myproject\myapp2\views.py", line 17, in products_ordered_by_user
    'orders': orders.id
              ^^^^^^^^^
AttributeError: 'QuerySet' object has no attribute 'id'
"GET /myapp2/by_user/28/ HTTP/1.1" 500 70273
C:\Users\busle\PycharmProjects\pythonProject3\myproject\myapp2\views.py changed, reloading.
Watching for file changes with StatReloader
Internal Server Error: /myapp2/by_user/28/
Traceback (most recent call last):
  File "C:\Users\busle\AppData\Local\Programs\Python\Python312\Lib\site-packages\django\core\handlers\exception.py", line 55, in inner
    response = get_response(request)
               ^^^^^^^^^^^^^^^^^^^^^
  File "C:\Users\busle\AppData\Local\Programs\Python\Python312\Lib\site-packages\django\core\handlers\base.py", line 197, in _get_response
    response = wrapped_callback(request, *callback_args, **callback_kwargs)
               ^^^^^^^^^^^^^^^^^^^^^^^^^^^^^^^^^^^^^^^^^^^^^^^^^^^^^^^^^^^^
  File "C:\Users\busle\PycharmProjects\pythonProject3\myproject\myapp2\views.py", line 17, in products_ordered_by_user
    'orders': orders.date_ordered
              ^^^^^^^^^^^^^^^^^^^
AttributeError: 'QuerySet' object has no attribute 'date_ordered'
"GET /myapp2/by_user/28/ HTTP/1.1" 500 70353
C:\Users\busle\PycharmProjects\pythonProject3\myproject\myapp2\views.py changed, reloading.
Watching for file changes with StatReloader
"GET /myapp2/by_user/28/ HTTP/1.1" 200 4225
C:\Users\busle\PycharmProjects\pythonProject3\myproject\myapp2\views.py changed, reloading.
Watching for file changes with StatReloader
"GET /myapp2/by_user/28/ HTTP/1.1" 200 151
C:\Users\busle\PycharmProjects\pythonProject3\myproject\myapp2\views.py changed, reloading.
Watching for file changes with StatReloader
Internal Server Error: /myapp2/by_user/28/
Traceback (most recent call last):
  File "C:\Users\busle\AppData\Local\Programs\Python\Python312\Lib\site-packages\django\template\base.py", line 502, in parse
    compile_func = self.tags[command]
                   ~~~~~~~~~^^^^^^^^^
KeyError: 'order.id'

During handling of the above exception, another exception occurred:

Traceback (most recent call last):
  File "C:\Users\busle\AppData\Local\Programs\Python\Python312\Lib\site-packages\django\core\handlers\exception.py", line 55, in inner
    response = get_response(request)
               ^^^^^^^^^^^^^^^^^^^^^
  File "C:\Users\busle\AppData\Local\Programs\Python\Python312\Lib\site-packages\django\core\handlers\base.py", line 197, in _get_response
    response = wrapped_callback(request, *callback_args, **callback_kwargs)
               ^^^^^^^^^^^^^^^^^^^^^^^^^^^^^^^^^^^^^^^^^^^^^^^^^^^^^^^^^^^^
  File "C:\Users\busle\PycharmProjects\pythonProject3\myproject\myapp2\views.py", line 23, in products_ordered_by_user
    return render(request, 'myapp2/by_user.html', context)
           ^^^^^^^^^^^^^^^^^^^^^^^^^^^^^^^^^^^^^^^^^^^^^^^
  File "C:\Users\busle\AppData\Local\Programs\Python\Python312\Lib\site-packages\django\shortcuts.py", line 25, in render
    content = loader.render_to_string(template_name, context, request, using=using)
              ^^^^^^^^^^^^^^^^^^^^^^^^^^^^^^^^^^^^^^^^^^^^^^^^^^^^^^^^^^^^^^^^^^^^^
  File "C:\Users\busle\AppData\Local\Programs\Python\Python312\Lib\site-packages\django\template\loader.py", line 61, in render_to_string
    template = get_template(template_name, using=using)
               ^^^^^^^^^^^^^^^^^^^^^^^^^^^^^^^^^^^^^^^^
  File "C:\Users\busle\AppData\Local\Programs\Python\Python312\Lib\site-packages\django\template\loader.py", line 15, in get_template
    return engine.get_template(template_name)
           ^^^^^^^^^^^^^^^^^^^^^^^^^^^^^^^^^^
  File "C:\Users\busle\AppData\Local\Programs\Python\Python312\Lib\site-packages\django\template\backends\django.py", line 33, in get_template
    return Template(self.engine.get_template(template_name), self)
                    ^^^^^^^^^^^^^^^^^^^^^^^^^^^^^^^^^^^^^^^
  File "C:\Users\busle\AppData\Local\Programs\Python\Python312\Lib\site-packages\django\template\engine.py", line 177, in get_template
    template, origin = self.find_template(template_name)
                       ^^^^^^^^^^^^^^^^^^^^^^^^^^^^^^^^^
  File "C:\Users\busle\AppData\Local\Programs\Python\Python312\Lib\site-packages\django\template\engine.py", line 159, in find_template
    template = loader.get_template(name, skip=skip)
               ^^^^^^^^^^^^^^^^^^^^^^^^^^^^^^^^^^^^
  File "C:\Users\busle\AppData\Local\Programs\Python\Python312\Lib\site-packages\django\template\loaders\cached.py", line 57, in get_template
    template = super().get_template(template_name, skip)
               ^^^^^^^^^^^^^^^^^^^^^^^^^^^^^^^^^^^^^^^^^
  File "C:\Users\busle\AppData\Local\Programs\Python\Python312\Lib\site-packages\django\template\loaders\base.py", line 28, in get_template
    return Template(
           ^^^^^^^^^
  File "C:\Users\busle\AppData\Local\Programs\Python\Python312\Lib\site-packages\django\template\base.py", line 154, in __init__
    self.nodelist = self.compile_nodelist()
                    ^^^^^^^^^^^^^^^^^^^^^^^
  File "C:\Users\busle\AppData\Local\Programs\Python\Python312\Lib\site-packages\django\template\base.py", line 196, in compile_nodelist
    return parser.parse()
           ^^^^^^^^^^^^^^
  File "C:\Users\busle\AppData\Local\Programs\Python\Python312\Lib\site-packages\django\template\base.py", line 510, in parse
    raise self.error(token, e)
  File "C:\Users\busle\AppData\Local\Programs\Python\Python312\Lib\site-packages\django\template\base.py", line 508, in parse
    compiled_result = compile_func(self, token)
                      ^^^^^^^^^^^^^^^^^^^^^^^^^
  File "C:\Users\busle\AppData\Local\Programs\Python\Python312\Lib\site-packages\django\template\loader_tags.py", line 295, in do_extends
    nodelist = parser.parse()
               ^^^^^^^^^^^^^^
  File "C:\Users\busle\AppData\Local\Programs\Python\Python312\Lib\site-packages\django\template\base.py", line 510, in parse
    raise self.error(token, e)
  File "C:\Users\busle\AppData\Local\Programs\Python\Python312\Lib\site-packages\django\template\base.py", line 508, in parse
    compiled_result = compile_func(self, token)
                      ^^^^^^^^^^^^^^^^^^^^^^^^^
  File "C:\Users\busle\AppData\Local\Programs\Python\Python312\Lib\site-packages\django\template\loader_tags.py", line 234, in do_block
    nodelist = parser.parse(("endblock",))
               ^^^^^^^^^^^^^^^^^^^^^^^^^^^
  File "C:\Users\busle\AppData\Local\Programs\Python\Python312\Lib\site-packages\django\template\base.py", line 510, in parse
    raise self.error(token, e)
  File "C:\Users\busle\AppData\Local\Programs\Python\Python312\Lib\site-packages\django\template\base.py", line 508, in parse
    compiled_result = compile_func(self, token)
                      ^^^^^^^^^^^^^^^^^^^^^^^^^
  File "C:\Users\busle\AppData\Local\Programs\Python\Python312\Lib\site-packages\django\template\defaulttags.py", line 861, in do_for
    nodelist_loop = parser.parse(
                    ^^^^^^^^^^^^^
  File "C:\Users\busle\AppData\Local\Programs\Python\Python312\Lib\site-packages\django\template\base.py", line 504, in parse
    self.invalid_block_tag(token, command, parse_until)
  File "C:\Users\busle\AppData\Local\Programs\Python\Python312\Lib\site-packages\django\template\base.py", line 555, in invalid_block_tag
    raise self.error(
django.template.exceptions.TemplateSyntaxError: Invalid block tag on line 8: 'order.id', expected 'empty' or 'endfor'. Did you forget to register or load this tag?
"GET /myapp2/by_user/28/ HTTP/1.1" 500 196302
Internal Server Error: /myapp2/by_user/28/
Traceback (most recent call last):
  File "C:\Users\busle\AppData\Local\Programs\Python\Python312\Lib\site-packages\django\template\base.py", line 502, in parse
    compile_func = self.tags[command]
                   ~~~~~~~~~^^^^^^^^^
KeyError: 'order.id'

During handling of the above exception, another exception occurred:

Traceback (most recent call last):
  File "C:\Users\busle\AppData\Local\Programs\Python\Python312\Lib\site-packages\django\core\handlers\exception.py", line 55, in inner
    response = get_response(request)
               ^^^^^^^^^^^^^^^^^^^^^
  File "C:\Users\busle\AppData\Local\Programs\Python\Python312\Lib\site-packages\django\core\handlers\base.py", line 197, in _get_response
    response = wrapped_callback(request, *callback_args, **callback_kwargs)
               ^^^^^^^^^^^^^^^^^^^^^^^^^^^^^^^^^^^^^^^^^^^^^^^^^^^^^^^^^^^^
  File "C:\Users\busle\PycharmProjects\pythonProject3\myproject\myapp2\views.py", line 23, in products_ordered_by_user
    return render(request, 'myapp2/by_user.html', context)
           ^^^^^^^^^^^^^^^^^^^^^^^^^^^^^^^^^^^^^^^^^^^^^^^
  File "C:\Users\busle\AppData\Local\Programs\Python\Python312\Lib\site-packages\django\shortcuts.py", line 25, in render
    content = loader.render_to_string(template_name, context, request, using=using)
              ^^^^^^^^^^^^^^^^^^^^^^^^^^^^^^^^^^^^^^^^^^^^^^^^^^^^^^^^^^^^^^^^^^^^^
  File "C:\Users\busle\AppData\Local\Programs\Python\Python312\Lib\site-packages\django\template\loader.py", line 61, in render_to_string
    template = get_template(template_name, using=using)
               ^^^^^^^^^^^^^^^^^^^^^^^^^^^^^^^^^^^^^^^^
  File "C:\Users\busle\AppData\Local\Programs\Python\Python312\Lib\site-packages\django\template\loader.py", line 15, in get_template
    return engine.get_template(template_name)
           ^^^^^^^^^^^^^^^^^^^^^^^^^^^^^^^^^^
  File "C:\Users\busle\AppData\Local\Programs\Python\Python312\Lib\site-packages\django\template\backends\django.py", line 33, in get_template
    return Template(self.engine.get_template(template_name), self)
                    ^^^^^^^^^^^^^^^^^^^^^^^^^^^^^^^^^^^^^^^
  File "C:\Users\busle\AppData\Local\Programs\Python\Python312\Lib\site-packages\django\template\engine.py", line 177, in get_template
    template, origin = self.find_template(template_name)
                       ^^^^^^^^^^^^^^^^^^^^^^^^^^^^^^^^^
  File "C:\Users\busle\AppData\Local\Programs\Python\Python312\Lib\site-packages\django\template\engine.py", line 159, in find_template
    template = loader.get_template(name, skip=skip)
               ^^^^^^^^^^^^^^^^^^^^^^^^^^^^^^^^^^^^
  File "C:\Users\busle\AppData\Local\Programs\Python\Python312\Lib\site-packages\django\template\loaders\cached.py", line 57, in get_template
    template = super().get_template(template_name, skip)
               ^^^^^^^^^^^^^^^^^^^^^^^^^^^^^^^^^^^^^^^^^
  File "C:\Users\busle\AppData\Local\Programs\Python\Python312\Lib\site-packages\django\template\loaders\base.py", line 28, in get_template
    return Template(
           ^^^^^^^^^
  File "C:\Users\busle\AppData\Local\Programs\Python\Python312\Lib\site-packages\django\template\base.py", line 154, in __init__
    self.nodelist = self.compile_nodelist()
                    ^^^^^^^^^^^^^^^^^^^^^^^
  File "C:\Users\busle\AppData\Local\Programs\Python\Python312\Lib\site-packages\django\template\base.py", line 196, in compile_nodelist
    return parser.parse()
           ^^^^^^^^^^^^^^
  File "C:\Users\busle\AppData\Local\Programs\Python\Python312\Lib\site-packages\django\template\base.py", line 510, in parse
    raise self.error(token, e)
  File "C:\Users\busle\AppData\Local\Programs\Python\Python312\Lib\site-packages\django\template\base.py", line 508, in parse
    compiled_result = compile_func(self, token)
                      ^^^^^^^^^^^^^^^^^^^^^^^^^
  File "C:\Users\busle\AppData\Local\Programs\Python\Python312\Lib\site-packages\django\template\loader_tags.py", line 295, in do_extends
    nodelist = parser.parse()
               ^^^^^^^^^^^^^^
  File "C:\Users\busle\AppData\Local\Programs\Python\Python312\Lib\site-packages\django\template\base.py", line 510, in parse
    raise self.error(token, e)
  File "C:\Users\busle\AppData\Local\Programs\Python\Python312\Lib\site-packages\django\template\base.py", line 508, in parse
    compiled_result = compile_func(self, token)
                      ^^^^^^^^^^^^^^^^^^^^^^^^^
  File "C:\Users\busle\AppData\Local\Programs\Python\Python312\Lib\site-packages\django\template\loader_tags.py", line 234, in do_block
    nodelist = parser.parse(("endblock",))
               ^^^^^^^^^^^^^^^^^^^^^^^^^^^
  File "C:\Users\busle\AppData\Local\Programs\Python\Python312\Lib\site-packages\django\template\base.py", line 510, in parse
    raise self.error(token, e)
  File "C:\Users\busle\AppData\Local\Programs\Python\Python312\Lib\site-packages\django\template\base.py", line 508, in parse
    compiled_result = compile_func(self, token)
                      ^^^^^^^^^^^^^^^^^^^^^^^^^
  File "C:\Users\busle\AppData\Local\Programs\Python\Python312\Lib\site-packages\django\template\defaulttags.py", line 861, in do_for
    nodelist_loop = parser.parse(
                    ^^^^^^^^^^^^^
  File "C:\Users\busle\AppData\Local\Programs\Python\Python312\Lib\site-packages\django\template\base.py", line 504, in parse
    self.invalid_block_tag(token, command, parse_until)
  File "C:\Users\busle\AppData\Local\Programs\Python\Python312\Lib\site-packages\django\template\base.py", line 555, in invalid_block_tag
    raise self.error(
django.template.exceptions.TemplateSyntaxError: Invalid block tag on line 8: 'order.id', expected 'empty' or 'endfor'. Did you forget to register or load this tag?
"GET /myapp2/by_user/28/ HTTP/1.1" 500 196340
Watching for file changes with StatReloader
Internal Server Error: /myapp2/by_user/28/
Traceback (most recent call last):
  File "C:\Users\busle\AppData\Local\Programs\Python\Python312\Lib\site-packages\django\template\base.py", line 502, in parse
    compile_func = self.tags[command]
                   ~~~~~~~~~^^^^^^^^^
KeyError: 'order.id'

During handling of the above exception, another exception occurred:

Traceback (most recent call last):
  File "C:\Users\busle\AppData\Local\Programs\Python\Python312\Lib\site-packages\django\core\handlers\exception.py", line 55, in inner
    response = get_response(request)
               ^^^^^^^^^^^^^^^^^^^^^
  File "C:\Users\busle\AppData\Local\Programs\Python\Python312\Lib\site-packages\django\core\handlers\base.py", line 197, in _get_response
    response = wrapped_callback(request, *callback_args, **callback_kwargs)
               ^^^^^^^^^^^^^^^^^^^^^^^^^^^^^^^^^^^^^^^^^^^^^^^^^^^^^^^^^^^^
  File "C:\Users\busle\PycharmProjects\pythonProject3\myproject\myapp2\views.py", line 23, in products_ordered_by_user
    return render(request, 'myapp2/by_user.html', context)
           ^^^^^^^^^^^^^^^^^^^^^^^^^^^^^^^^^^^^^^^^^^^^^^^
  File "C:\Users\busle\AppData\Local\Programs\Python\Python312\Lib\site-packages\django\shortcuts.py", line 25, in render
    content = loader.render_to_string(template_name, context, request, using=using)
              ^^^^^^^^^^^^^^^^^^^^^^^^^^^^^^^^^^^^^^^^^^^^^^^^^^^^^^^^^^^^^^^^^^^^^
  File "C:\Users\busle\AppData\Local\Programs\Python\Python312\Lib\site-packages\django\template\loader.py", line 61, in render_to_string
    template = get_template(template_name, using=using)
               ^^^^^^^^^^^^^^^^^^^^^^^^^^^^^^^^^^^^^^^^
  File "C:\Users\busle\AppData\Local\Programs\Python\Python312\Lib\site-packages\django\template\loader.py", line 15, in get_template
    return engine.get_template(template_name)
           ^^^^^^^^^^^^^^^^^^^^^^^^^^^^^^^^^^
  File "C:\Users\busle\AppData\Local\Programs\Python\Python312\Lib\site-packages\django\template\backends\django.py", line 33, in get_template
    return Template(self.engine.get_template(template_name), self)
                    ^^^^^^^^^^^^^^^^^^^^^^^^^^^^^^^^^^^^^^^
  File "C:\Users\busle\AppData\Local\Programs\Python\Python312\Lib\site-packages\django\template\engine.py", line 177, in get_template
    template, origin = self.find_template(template_name)
                       ^^^^^^^^^^^^^^^^^^^^^^^^^^^^^^^^^
  File "C:\Users\busle\AppData\Local\Programs\Python\Python312\Lib\site-packages\django\template\engine.py", line 159, in find_template
    template = loader.get_template(name, skip=skip)
               ^^^^^^^^^^^^^^^^^^^^^^^^^^^^^^^^^^^^
  File "C:\Users\busle\AppData\Local\Programs\Python\Python312\Lib\site-packages\django\template\loaders\cached.py", line 57, in get_template
    template = super().get_template(template_name, skip)
               ^^^^^^^^^^^^^^^^^^^^^^^^^^^^^^^^^^^^^^^^^
  File "C:\Users\busle\AppData\Local\Programs\Python\Python312\Lib\site-packages\django\template\loaders\base.py", line 28, in get_template
    return Template(
           ^^^^^^^^^
  File "C:\Users\busle\AppData\Local\Programs\Python\Python312\Lib\site-packages\django\template\base.py", line 154, in __init__
    self.nodelist = self.compile_nodelist()
                    ^^^^^^^^^^^^^^^^^^^^^^^
  File "C:\Users\busle\AppData\Local\Programs\Python\Python312\Lib\site-packages\django\template\base.py", line 196, in compile_nodelist
    return parser.parse()
           ^^^^^^^^^^^^^^
  File "C:\Users\busle\AppData\Local\Programs\Python\Python312\Lib\site-packages\django\template\base.py", line 510, in parse
    raise self.error(token, e)
  File "C:\Users\busle\AppData\Local\Programs\Python\Python312\Lib\site-packages\django\template\base.py", line 508, in parse
    compiled_result = compile_func(self, token)
                      ^^^^^^^^^^^^^^^^^^^^^^^^^
  File "C:\Users\busle\AppData\Local\Programs\Python\Python312\Lib\site-packages\django\template\loader_tags.py", line 295, in do_extends
    nodelist = parser.parse()
               ^^^^^^^^^^^^^^
  File "C:\Users\busle\AppData\Local\Programs\Python\Python312\Lib\site-packages\django\template\base.py", line 510, in parse
    raise self.error(token, e)
  File "C:\Users\busle\AppData\Local\Programs\Python\Python312\Lib\site-packages\django\template\base.py", line 508, in parse
    compiled_result = compile_func(self, token)
                      ^^^^^^^^^^^^^^^^^^^^^^^^^
  File "C:\Users\busle\AppData\Local\Programs\Python\Python312\Lib\site-packages\django\template\loader_tags.py", line 234, in do_block
    nodelist = parser.parse(("endblock",))
               ^^^^^^^^^^^^^^^^^^^^^^^^^^^
  File "C:\Users\busle\AppData\Local\Programs\Python\Python312\Lib\site-packages\django\template\base.py", line 510, in parse
    raise self.error(token, e)
  File "C:\Users\busle\AppData\Local\Programs\Python\Python312\Lib\site-packages\django\template\base.py", line 508, in parse
    compiled_result = compile_func(self, token)
                      ^^^^^^^^^^^^^^^^^^^^^^^^^
  File "C:\Users\busle\AppData\Local\Programs\Python\Python312\Lib\site-packages\django\template\defaulttags.py", line 861, in do_for
    nodelist_loop = parser.parse(
                    ^^^^^^^^^^^^^
  File "C:\Users\busle\AppData\Local\Programs\Python\Python312\Lib\site-packages\django\template\base.py", line 504, in parse
    self.invalid_block_tag(token, command, parse_until)
  File "C:\Users\busle\AppData\Local\Programs\Python\Python312\Lib\site-packages\django\template\base.py", line 555, in invalid_block_tag
    raise self.error(
django.template.exceptions.TemplateSyntaxError: Invalid block tag on line 8: 'order.id', expected 'empty' or 'endfor'. Did you forget to register or load this tag?
"GET /myapp2/by_user/28/ HTTP/1.1" 500 196340
Watching for file changes with StatReloader
Internal Server Error: /myapp2/by_user/28/
Traceback (most recent call last):
  File "C:\Users\busle\AppData\Local\Programs\Python\Python312\Lib\site-packages\django\template\base.py", line 502, in parse
    compile_func = self.tags[command]
                   ~~~~~~~~~^^^^^^^^^
KeyError: 'order.id'

During handling of the above exception, another exception occurred:

Traceback (most recent call last):
  File "C:\Users\busle\AppData\Local\Programs\Python\Python312\Lib\site-packages\django\core\handlers\exception.py", line 55, in inner
    response = get_response(request)
               ^^^^^^^^^^^^^^^^^^^^^
  File "C:\Users\busle\AppData\Local\Programs\Python\Python312\Lib\site-packages\django\core\handlers\base.py", line 197, in _get_response
    response = wrapped_callback(request, *callback_args, **callback_kwargs)
               ^^^^^^^^^^^^^^^^^^^^^^^^^^^^^^^^^^^^^^^^^^^^^^^^^^^^^^^^^^^^
  File "C:\Users\busle\PycharmProjects\pythonProject3\myproject\myapp2\views.py", line 23, in products_ordered_by_user
    return render(request, 'myapp2/by_user.html', context)
           ^^^^^^^^^^^^^^^^^^^^^^^^^^^^^^^^^^^^^^^^^^^^^^^
  File "C:\Users\busle\AppData\Local\Programs\Python\Python312\Lib\site-packages\django\shortcuts.py", line 25, in render
    content = loader.render_to_string(template_name, context, request, using=using)
              ^^^^^^^^^^^^^^^^^^^^^^^^^^^^^^^^^^^^^^^^^^^^^^^^^^^^^^^^^^^^^^^^^^^^^
  File "C:\Users\busle\AppData\Local\Programs\Python\Python312\Lib\site-packages\django\template\loader.py", line 61, in render_to_string
    template = get_template(template_name, using=using)
               ^^^^^^^^^^^^^^^^^^^^^^^^^^^^^^^^^^^^^^^^
  File "C:\Users\busle\AppData\Local\Programs\Python\Python312\Lib\site-packages\django\template\loader.py", line 15, in get_template
    return engine.get_template(template_name)
           ^^^^^^^^^^^^^^^^^^^^^^^^^^^^^^^^^^
  File "C:\Users\busle\AppData\Local\Programs\Python\Python312\Lib\site-packages\django\template\backends\django.py", line 33, in get_template
    return Template(self.engine.get_template(template_name), self)
                    ^^^^^^^^^^^^^^^^^^^^^^^^^^^^^^^^^^^^^^^
  File "C:\Users\busle\AppData\Local\Programs\Python\Python312\Lib\site-packages\django\template\engine.py", line 177, in get_template
    template, origin = self.find_template(template_name)
                       ^^^^^^^^^^^^^^^^^^^^^^^^^^^^^^^^^
  File "C:\Users\busle\AppData\Local\Programs\Python\Python312\Lib\site-packages\django\template\engine.py", line 159, in find_template
    template = loader.get_template(name, skip=skip)
               ^^^^^^^^^^^^^^^^^^^^^^^^^^^^^^^^^^^^
  File "C:\Users\busle\AppData\Local\Programs\Python\Python312\Lib\site-packages\django\template\loaders\cached.py", line 57, in get_template
    template = super().get_template(template_name, skip)
               ^^^^^^^^^^^^^^^^^^^^^^^^^^^^^^^^^^^^^^^^^
  File "C:\Users\busle\AppData\Local\Programs\Python\Python312\Lib\site-packages\django\template\loaders\base.py", line 28, in get_template
    return Template(
           ^^^^^^^^^
  File "C:\Users\busle\AppData\Local\Programs\Python\Python312\Lib\site-packages\django\template\base.py", line 154, in __init__
    self.nodelist = self.compile_nodelist()
                    ^^^^^^^^^^^^^^^^^^^^^^^
  File "C:\Users\busle\AppData\Local\Programs\Python\Python312\Lib\site-packages\django\template\base.py", line 196, in compile_nodelist
    return parser.parse()
           ^^^^^^^^^^^^^^
  File "C:\Users\busle\AppData\Local\Programs\Python\Python312\Lib\site-packages\django\template\base.py", line 510, in parse
    raise self.error(token, e)
  File "C:\Users\busle\AppData\Local\Programs\Python\Python312\Lib\site-packages\django\template\base.py", line 508, in parse
    compiled_result = compile_func(self, token)
                      ^^^^^^^^^^^^^^^^^^^^^^^^^
  File "C:\Users\busle\AppData\Local\Programs\Python\Python312\Lib\site-packages\django\template\loader_tags.py", line 295, in do_extends
    nodelist = parser.parse()
               ^^^^^^^^^^^^^^
  File "C:\Users\busle\AppData\Local\Programs\Python\Python312\Lib\site-packages\django\template\base.py", line 510, in parse
    raise self.error(token, e)
  File "C:\Users\busle\AppData\Local\Programs\Python\Python312\Lib\site-packages\django\template\base.py", line 508, in parse
    compiled_result = compile_func(self, token)
                      ^^^^^^^^^^^^^^^^^^^^^^^^^
  File "C:\Users\busle\AppData\Local\Programs\Python\Python312\Lib\site-packages\django\template\loader_tags.py", line 234, in do_block
    nodelist = parser.parse(("endblock",))
               ^^^^^^^^^^^^^^^^^^^^^^^^^^^
  File "C:\Users\busle\AppData\Local\Programs\Python\Python312\Lib\site-packages\django\template\base.py", line 510, in parse
    raise self.error(token, e)
  File "C:\Users\busle\AppData\Local\Programs\Python\Python312\Lib\site-packages\django\template\base.py", line 508, in parse
    compiled_result = compile_func(self, token)
                      ^^^^^^^^^^^^^^^^^^^^^^^^^
  File "C:\Users\busle\AppData\Local\Programs\Python\Python312\Lib\site-packages\django\template\defaulttags.py", line 861, in do_for
    nodelist_loop = parser.parse(
                    ^^^^^^^^^^^^^
  File "C:\Users\busle\AppData\Local\Programs\Python\Python312\Lib\site-packages\django\template\base.py", line 504, in parse
    self.invalid_block_tag(token, command, parse_until)
  File "C:\Users\busle\AppData\Local\Programs\Python\Python312\Lib\site-packages\django\template\base.py", line 555, in invalid_block_tag
    raise self.error(
django.template.exceptions.TemplateSyntaxError: Invalid block tag on line 8: 'order.id', expected 'empty' or 'endfor'. Did you forget to register or load this tag?
"GET /myapp2/by_user/28/ HTTP/1.1" 500 196066
Not Found: /myapp2/by_user/2/
"GET /myapp2/by_user/2/ HTTP/1.1" 404 2846
Not Found: /myapp2/by_user/2/
"GET /myapp2/by_user/2/ HTTP/1.1" 404 2846
Internal Server Error: /myapp2/by_user/28/
Traceback (most recent call last):
  File "C:\Users\busle\AppData\Local\Programs\Python\Python312\Lib\site-packages\django\template\base.py", line 502, in parse
    compile_func = self.tags[command]
                   ~~~~~~~~~^^^^^^^^^
KeyError: 'order.id'

During handling of the above exception, another exception occurred:

Traceback (most recent call last):
  File "C:\Users\busle\AppData\Local\Programs\Python\Python312\Lib\site-packages\django\core\handlers\exception.py", line 55, in inner
    response = get_response(request)
               ^^^^^^^^^^^^^^^^^^^^^
  File "C:\Users\busle\AppData\Local\Programs\Python\Python312\Lib\site-packages\django\core\handlers\base.py", line 197, in _get_response
    response = wrapped_callback(request, *callback_args, **callback_kwargs)
               ^^^^^^^^^^^^^^^^^^^^^^^^^^^^^^^^^^^^^^^^^^^^^^^^^^^^^^^^^^^^
  File "C:\Users\busle\PycharmProjects\pythonProject3\myproject\myapp2\views.py", line 23, in products_ordered_by_user
    return render(request, 'myapp2/by_user.html', context)
           ^^^^^^^^^^^^^^^^^^^^^^^^^^^^^^^^^^^^^^^^^^^^^^^
  File "C:\Users\busle\AppData\Local\Programs\Python\Python312\Lib\site-packages\django\shortcuts.py", line 25, in render
    content = loader.render_to_string(template_name, context, request, using=using)
              ^^^^^^^^^^^^^^^^^^^^^^^^^^^^^^^^^^^^^^^^^^^^^^^^^^^^^^^^^^^^^^^^^^^^^
  File "C:\Users\busle\AppData\Local\Programs\Python\Python312\Lib\site-packages\django\template\loader.py", line 61, in render_to_string
    template = get_template(template_name, using=using)
               ^^^^^^^^^^^^^^^^^^^^^^^^^^^^^^^^^^^^^^^^
  File "C:\Users\busle\AppData\Local\Programs\Python\Python312\Lib\site-packages\django\template\loader.py", line 15, in get_template
    return engine.get_template(template_name)
           ^^^^^^^^^^^^^^^^^^^^^^^^^^^^^^^^^^
  File "C:\Users\busle\AppData\Local\Programs\Python\Python312\Lib\site-packages\django\template\backends\django.py", line 33, in get_template
    return Template(self.engine.get_template(template_name), self)
                    ^^^^^^^^^^^^^^^^^^^^^^^^^^^^^^^^^^^^^^^
  File "C:\Users\busle\AppData\Local\Programs\Python\Python312\Lib\site-packages\django\template\engine.py", line 177, in get_template
    template, origin = self.find_template(template_name)
                       ^^^^^^^^^^^^^^^^^^^^^^^^^^^^^^^^^
  File "C:\Users\busle\AppData\Local\Programs\Python\Python312\Lib\site-packages\django\template\engine.py", line 159, in find_template
    template = loader.get_template(name, skip=skip)
               ^^^^^^^^^^^^^^^^^^^^^^^^^^^^^^^^^^^^
  File "C:\Users\busle\AppData\Local\Programs\Python\Python312\Lib\site-packages\django\template\loaders\cached.py", line 57, in get_template
    template = super().get_template(template_name, skip)
               ^^^^^^^^^^^^^^^^^^^^^^^^^^^^^^^^^^^^^^^^^
  File "C:\Users\busle\AppData\Local\Programs\Python\Python312\Lib\site-packages\django\template\loaders\base.py", line 28, in get_template
    return Template(
           ^^^^^^^^^
  File "C:\Users\busle\AppData\Local\Programs\Python\Python312\Lib\site-packages\django\template\base.py", line 154, in __init__
    self.nodelist = self.compile_nodelist()
                    ^^^^^^^^^^^^^^^^^^^^^^^
  File "C:\Users\busle\AppData\Local\Programs\Python\Python312\Lib\site-packages\django\template\base.py", line 196, in compile_nodelist
    return parser.parse()
           ^^^^^^^^^^^^^^
  File "C:\Users\busle\AppData\Local\Programs\Python\Python312\Lib\site-packages\django\template\base.py", line 510, in parse
    raise self.error(token, e)
  File "C:\Users\busle\AppData\Local\Programs\Python\Python312\Lib\site-packages\django\template\base.py", line 508, in parse
    compiled_result = compile_func(self, token)
                      ^^^^^^^^^^^^^^^^^^^^^^^^^
  File "C:\Users\busle\AppData\Local\Programs\Python\Python312\Lib\site-packages\django\template\loader_tags.py", line 295, in do_extends
    nodelist = parser.parse()
               ^^^^^^^^^^^^^^
  File "C:\Users\busle\AppData\Local\Programs\Python\Python312\Lib\site-packages\django\template\base.py", line 510, in parse
    raise self.error(token, e)
  File "C:\Users\busle\AppData\Local\Programs\Python\Python312\Lib\site-packages\django\template\base.py", line 508, in parse
    compiled_result = compile_func(self, token)
                      ^^^^^^^^^^^^^^^^^^^^^^^^^
  File "C:\Users\busle\AppData\Local\Programs\Python\Python312\Lib\site-packages\django\template\loader_tags.py", line 234, in do_block
    nodelist = parser.parse(("endblock",))
               ^^^^^^^^^^^^^^^^^^^^^^^^^^^
  File "C:\Users\busle\AppData\Local\Programs\Python\Python312\Lib\site-packages\django\template\base.py", line 510, in parse
    raise self.error(token, e)
  File "C:\Users\busle\AppData\Local\Programs\Python\Python312\Lib\site-packages\django\template\base.py", line 508, in parse
    compiled_result = compile_func(self, token)
                      ^^^^^^^^^^^^^^^^^^^^^^^^^
  File "C:\Users\busle\AppData\Local\Programs\Python\Python312\Lib\site-packages\django\template\defaulttags.py", line 861, in do_for
    nodelist_loop = parser.parse(
                    ^^^^^^^^^^^^^
  File "C:\Users\busle\AppData\Local\Programs\Python\Python312\Lib\site-packages\django\template\base.py", line 504, in parse
    self.invalid_block_tag(token, command, parse_until)
  File "C:\Users\busle\AppData\Local\Programs\Python\Python312\Lib\site-packages\django\template\base.py", line 555, in invalid_block_tag
    raise self.error(
django.template.exceptions.TemplateSyntaxError: Invalid block tag on line 8: 'order.id', expected 'empty' or 'endfor'. Did you forget to register or load this tag?
"GET /myapp2/by_user/28/ HTTP/1.1" 500 195929
Watching for file changes with StatReloader
Internal Server Error: /myapp2/by_user/28/
Traceback (most recent call last):
  File "C:\Users\busle\AppData\Local\Programs\Python\Python312\Lib\site-packages\django\template\base.py", line 502, in parse
    compile_func = self.tags[command]
                   ~~~~~~~~~^^^^^^^^^
KeyError: 'order.id'

During handling of the above exception, another exception occurred:

Traceback (most recent call last):
  File "C:\Users\busle\AppData\Local\Programs\Python\Python312\Lib\site-packages\django\core\handlers\exception.py", line 55, in inner
    response = get_response(request)
               ^^^^^^^^^^^^^^^^^^^^^
  File "C:\Users\busle\AppData\Local\Programs\Python\Python312\Lib\site-packages\django\core\handlers\base.py", line 197, in _get_response
    response = wrapped_callback(request, *callback_args, **callback_kwargs)
               ^^^^^^^^^^^^^^^^^^^^^^^^^^^^^^^^^^^^^^^^^^^^^^^^^^^^^^^^^^^^
  File "C:\Users\busle\PycharmProjects\pythonProject3\myproject\myapp2\views.py", line 23, in products_ordered_by_user
    return render(request, 'myapp2/by_user.html', context)
           ^^^^^^^^^^^^^^^^^^^^^^^^^^^^^^^^^^^^^^^^^^^^^^^
  File "C:\Users\busle\AppData\Local\Programs\Python\Python312\Lib\site-packages\django\shortcuts.py", line 25, in render
    content = loader.render_to_string(template_name, context, request, using=using)
              ^^^^^^^^^^^^^^^^^^^^^^^^^^^^^^^^^^^^^^^^^^^^^^^^^^^^^^^^^^^^^^^^^^^^^
  File "C:\Users\busle\AppData\Local\Programs\Python\Python312\Lib\site-packages\django\template\loader.py", line 61, in render_to_string
    template = get_template(template_name, using=using)
               ^^^^^^^^^^^^^^^^^^^^^^^^^^^^^^^^^^^^^^^^
  File "C:\Users\busle\AppData\Local\Programs\Python\Python312\Lib\site-packages\django\template\loader.py", line 15, in get_template
    return engine.get_template(template_name)
           ^^^^^^^^^^^^^^^^^^^^^^^^^^^^^^^^^^
  File "C:\Users\busle\AppData\Local\Programs\Python\Python312\Lib\site-packages\django\template\backends\django.py", line 33, in get_template
    return Template(self.engine.get_template(template_name), self)
                    ^^^^^^^^^^^^^^^^^^^^^^^^^^^^^^^^^^^^^^^
  File "C:\Users\busle\AppData\Local\Programs\Python\Python312\Lib\site-packages\django\template\engine.py", line 177, in get_template
    template, origin = self.find_template(template_name)
                       ^^^^^^^^^^^^^^^^^^^^^^^^^^^^^^^^^
  File "C:\Users\busle\AppData\Local\Programs\Python\Python312\Lib\site-packages\django\template\engine.py", line 159, in find_template
    template = loader.get_template(name, skip=skip)
               ^^^^^^^^^^^^^^^^^^^^^^^^^^^^^^^^^^^^
  File "C:\Users\busle\AppData\Local\Programs\Python\Python312\Lib\site-packages\django\template\loaders\cached.py", line 57, in get_template
    template = super().get_template(template_name, skip)
               ^^^^^^^^^^^^^^^^^^^^^^^^^^^^^^^^^^^^^^^^^
  File "C:\Users\busle\AppData\Local\Programs\Python\Python312\Lib\site-packages\django\template\loaders\base.py", line 28, in get_template
    return Template(
           ^^^^^^^^^
  File "C:\Users\busle\AppData\Local\Programs\Python\Python312\Lib\site-packages\django\template\base.py", line 154, in __init__
    self.nodelist = self.compile_nodelist()
                    ^^^^^^^^^^^^^^^^^^^^^^^
  File "C:\Users\busle\AppData\Local\Programs\Python\Python312\Lib\site-packages\django\template\base.py", line 196, in compile_nodelist
    return parser.parse()
           ^^^^^^^^^^^^^^
  File "C:\Users\busle\AppData\Local\Programs\Python\Python312\Lib\site-packages\django\template\base.py", line 510, in parse
    raise self.error(token, e)
  File "C:\Users\busle\AppData\Local\Programs\Python\Python312\Lib\site-packages\django\template\base.py", line 508, in parse
    compiled_result = compile_func(self, token)
                      ^^^^^^^^^^^^^^^^^^^^^^^^^
  File "C:\Users\busle\AppData\Local\Programs\Python\Python312\Lib\site-packages\django\template\loader_tags.py", line 295, in do_extends
    nodelist = parser.parse()
               ^^^^^^^^^^^^^^
  File "C:\Users\busle\AppData\Local\Programs\Python\Python312\Lib\site-packages\django\template\base.py", line 510, in parse
    raise self.error(token, e)
  File "C:\Users\busle\AppData\Local\Programs\Python\Python312\Lib\site-packages\django\template\base.py", line 508, in parse
    compiled_result = compile_func(self, token)
                      ^^^^^^^^^^^^^^^^^^^^^^^^^
  File "C:\Users\busle\AppData\Local\Programs\Python\Python312\Lib\site-packages\django\template\loader_tags.py", line 234, in do_block
    nodelist = parser.parse(("endblock",))
               ^^^^^^^^^^^^^^^^^^^^^^^^^^^
  File "C:\Users\busle\AppData\Local\Programs\Python\Python312\Lib\site-packages\django\template\base.py", line 510, in parse
    raise self.error(token, e)
  File "C:\Users\busle\AppData\Local\Programs\Python\Python312\Lib\site-packages\django\template\base.py", line 508, in parse
    compiled_result = compile_func(self, token)
                      ^^^^^^^^^^^^^^^^^^^^^^^^^
  File "C:\Users\busle\AppData\Local\Programs\Python\Python312\Lib\site-packages\django\template\defaulttags.py", line 861, in do_for
    nodelist_loop = parser.parse(
                    ^^^^^^^^^^^^^
  File "C:\Users\busle\AppData\Local\Programs\Python\Python312\Lib\site-packages\django\template\base.py", line 504, in parse
    self.invalid_block_tag(token, command, parse_until)
  File "C:\Users\busle\AppData\Local\Programs\Python\Python312\Lib\site-packages\django\template\base.py", line 555, in invalid_block_tag
    raise self.error(
django.template.exceptions.TemplateSyntaxError: Invalid block tag on line 8: 'order.id', expected 'empty' or 'endfor'. Did you forget to register or load this tag?
"GET /myapp2/by_user/28/ HTTP/1.1" 500 195562
Watching for file changes with StatReloader
Internal Server Error: /myapp2/by_user/28/
Traceback (most recent call last):
  File "C:\Users\busle\AppData\Local\Programs\Python\Python312\Lib\site-packages\django\template\base.py", line 502, in parse
    compile_func = self.tags[command]
                   ~~~~~~~~~^^^^^^^^^
KeyError: 'order.id'

During handling of the above exception, another exception occurred:

Traceback (most recent call last):
  File "C:\Users\busle\AppData\Local\Programs\Python\Python312\Lib\site-packages\django\core\handlers\exception.py", line 55, in inner
    response = get_response(request)
               ^^^^^^^^^^^^^^^^^^^^^
  File "C:\Users\busle\AppData\Local\Programs\Python\Python312\Lib\site-packages\django\core\handlers\base.py", line 197, in _get_response
    response = wrapped_callback(request, *callback_args, **callback_kwargs)
               ^^^^^^^^^^^^^^^^^^^^^^^^^^^^^^^^^^^^^^^^^^^^^^^^^^^^^^^^^^^^
  File "C:\Users\busle\PycharmProjects\pythonProject3\myproject\myapp2\views.py", line 23, in products_ordered_by_user
    return render(request, 'myapp2/by_user.html', context)
           ^^^^^^^^^^^^^^^^^^^^^^^^^^^^^^^^^^^^^^^^^^^^^^^
  File "C:\Users\busle\AppData\Local\Programs\Python\Python312\Lib\site-packages\django\shortcuts.py", line 25, in render
    content = loader.render_to_string(template_name, context, request, using=using)
              ^^^^^^^^^^^^^^^^^^^^^^^^^^^^^^^^^^^^^^^^^^^^^^^^^^^^^^^^^^^^^^^^^^^^^
  File "C:\Users\busle\AppData\Local\Programs\Python\Python312\Lib\site-packages\django\template\loader.py", line 61, in render_to_string
    template = get_template(template_name, using=using)
               ^^^^^^^^^^^^^^^^^^^^^^^^^^^^^^^^^^^^^^^^
  File "C:\Users\busle\AppData\Local\Programs\Python\Python312\Lib\site-packages\django\template\loader.py", line 15, in get_template
    return engine.get_template(template_name)
           ^^^^^^^^^^^^^^^^^^^^^^^^^^^^^^^^^^
  File "C:\Users\busle\AppData\Local\Programs\Python\Python312\Lib\site-packages\django\template\backends\django.py", line 33, in get_template
    return Template(self.engine.get_template(template_name), self)
                    ^^^^^^^^^^^^^^^^^^^^^^^^^^^^^^^^^^^^^^^
  File "C:\Users\busle\AppData\Local\Programs\Python\Python312\Lib\site-packages\django\template\engine.py", line 177, in get_template
    template, origin = self.find_template(template_name)
                       ^^^^^^^^^^^^^^^^^^^^^^^^^^^^^^^^^
  File "C:\Users\busle\AppData\Local\Programs\Python\Python312\Lib\site-packages\django\template\engine.py", line 159, in find_template
    template = loader.get_template(name, skip=skip)
               ^^^^^^^^^^^^^^^^^^^^^^^^^^^^^^^^^^^^
  File "C:\Users\busle\AppData\Local\Programs\Python\Python312\Lib\site-packages\django\template\loaders\cached.py", line 57, in get_template
    template = super().get_template(template_name, skip)
               ^^^^^^^^^^^^^^^^^^^^^^^^^^^^^^^^^^^^^^^^^
  File "C:\Users\busle\AppData\Local\Programs\Python\Python312\Lib\site-packages\django\template\loaders\base.py", line 28, in get_template
    return Template(
           ^^^^^^^^^
  File "C:\Users\busle\AppData\Local\Programs\Python\Python312\Lib\site-packages\django\template\base.py", line 154, in __init__
    self.nodelist = self.compile_nodelist()
                    ^^^^^^^^^^^^^^^^^^^^^^^
  File "C:\Users\busle\AppData\Local\Programs\Python\Python312\Lib\site-packages\django\template\base.py", line 196, in compile_nodelist
    return parser.parse()
           ^^^^^^^^^^^^^^
  File "C:\Users\busle\AppData\Local\Programs\Python\Python312\Lib\site-packages\django\template\base.py", line 510, in parse
    raise self.error(token, e)
  File "C:\Users\busle\AppData\Local\Programs\Python\Python312\Lib\site-packages\django\template\base.py", line 508, in parse
    compiled_result = compile_func(self, token)
                      ^^^^^^^^^^^^^^^^^^^^^^^^^
  File "C:\Users\busle\AppData\Local\Programs\Python\Python312\Lib\site-packages\django\template\loader_tags.py", line 295, in do_extends
    nodelist = parser.parse()
               ^^^^^^^^^^^^^^
  File "C:\Users\busle\AppData\Local\Programs\Python\Python312\Lib\site-packages\django\template\base.py", line 510, in parse
    raise self.error(token, e)
  File "C:\Users\busle\AppData\Local\Programs\Python\Python312\Lib\site-packages\django\template\base.py", line 508, in parse
    compiled_result = compile_func(self, token)
                      ^^^^^^^^^^^^^^^^^^^^^^^^^
  File "C:\Users\busle\AppData\Local\Programs\Python\Python312\Lib\site-packages\django\template\loader_tags.py", line 234, in do_block
    nodelist = parser.parse(("endblock",))
               ^^^^^^^^^^^^^^^^^^^^^^^^^^^
  File "C:\Users\busle\AppData\Local\Programs\Python\Python312\Lib\site-packages\django\template\base.py", line 510, in parse
    raise self.error(token, e)
  File "C:\Users\busle\AppData\Local\Programs\Python\Python312\Lib\site-packages\django\template\base.py", line 508, in parse
    compiled_result = compile_func(self, token)
                      ^^^^^^^^^^^^^^^^^^^^^^^^^
  File "C:\Users\busle\AppData\Local\Programs\Python\Python312\Lib\site-packages\django\template\defaulttags.py", line 861, in do_for
    nodelist_loop = parser.parse(
                    ^^^^^^^^^^^^^
  File "C:\Users\busle\AppData\Local\Programs\Python\Python312\Lib\site-packages\django\template\base.py", line 504, in parse
    self.invalid_block_tag(token, command, parse_until)
  File "C:\Users\busle\AppData\Local\Programs\Python\Python312\Lib\site-packages\django\template\base.py", line 555, in invalid_block_tag
    raise self.error(
django.template.exceptions.TemplateSyntaxError: Invalid block tag on line 8: 'order.id', expected 'empty' or 'endfor'. Did you forget to register or load this tag?
"GET /myapp2/by_user/28/ HTTP/1.1" 500 195219
Watching for file changes with StatReloader
Internal Server Error: /myapp2/by_user/28/
Traceback (most recent call last):
  File "C:\Users\busle\AppData\Local\Programs\Python\Python312\Lib\site-packages\django\template\base.py", line 502, in parse
    compile_func = self.tags[command]
                   ~~~~~~~~~^^^^^^^^^
KeyError: 'order.customer.name'

During handling of the above exception, another exception occurred:

Traceback (most recent call last):
  File "C:\Users\busle\AppData\Local\Programs\Python\Python312\Lib\site-packages\django\core\handlers\exception.py", line 55, in inner
    response = get_response(request)
               ^^^^^^^^^^^^^^^^^^^^^
  File "C:\Users\busle\AppData\Local\Programs\Python\Python312\Lib\site-packages\django\core\handlers\base.py", line 197, in _get_response
    response = wrapped_callback(request, *callback_args, **callback_kwargs)
               ^^^^^^^^^^^^^^^^^^^^^^^^^^^^^^^^^^^^^^^^^^^^^^^^^^^^^^^^^^^^
  File "C:\Users\busle\PycharmProjects\pythonProject3\myproject\myapp2\views.py", line 23, in products_ordered_by_user
    return render(request, 'myapp2/by_user.html', context)
           ^^^^^^^^^^^^^^^^^^^^^^^^^^^^^^^^^^^^^^^^^^^^^^^
  File "C:\Users\busle\AppData\Local\Programs\Python\Python312\Lib\site-packages\django\shortcuts.py", line 25, in render
    content = loader.render_to_string(template_name, context, request, using=using)
              ^^^^^^^^^^^^^^^^^^^^^^^^^^^^^^^^^^^^^^^^^^^^^^^^^^^^^^^^^^^^^^^^^^^^^
  File "C:\Users\busle\AppData\Local\Programs\Python\Python312\Lib\site-packages\django\template\loader.py", line 61, in render_to_string
    template = get_template(template_name, using=using)
               ^^^^^^^^^^^^^^^^^^^^^^^^^^^^^^^^^^^^^^^^
  File "C:\Users\busle\AppData\Local\Programs\Python\Python312\Lib\site-packages\django\template\loader.py", line 15, in get_template
    return engine.get_template(template_name)
           ^^^^^^^^^^^^^^^^^^^^^^^^^^^^^^^^^^
  File "C:\Users\busle\AppData\Local\Programs\Python\Python312\Lib\site-packages\django\template\backends\django.py", line 33, in get_template
    return Template(self.engine.get_template(template_name), self)
                    ^^^^^^^^^^^^^^^^^^^^^^^^^^^^^^^^^^^^^^^
  File "C:\Users\busle\AppData\Local\Programs\Python\Python312\Lib\site-packages\django\template\engine.py", line 177, in get_template
    template, origin = self.find_template(template_name)
                       ^^^^^^^^^^^^^^^^^^^^^^^^^^^^^^^^^
  File "C:\Users\busle\AppData\Local\Programs\Python\Python312\Lib\site-packages\django\template\engine.py", line 159, in find_template
    template = loader.get_template(name, skip=skip)
               ^^^^^^^^^^^^^^^^^^^^^^^^^^^^^^^^^^^^
  File "C:\Users\busle\AppData\Local\Programs\Python\Python312\Lib\site-packages\django\template\loaders\cached.py", line 57, in get_template
    template = super().get_template(template_name, skip)
               ^^^^^^^^^^^^^^^^^^^^^^^^^^^^^^^^^^^^^^^^^
  File "C:\Users\busle\AppData\Local\Programs\Python\Python312\Lib\site-packages\django\template\loaders\base.py", line 28, in get_template
    return Template(
           ^^^^^^^^^
  File "C:\Users\busle\AppData\Local\Programs\Python\Python312\Lib\site-packages\django\template\base.py", line 154, in __init__
    self.nodelist = self.compile_nodelist()
                    ^^^^^^^^^^^^^^^^^^^^^^^
  File "C:\Users\busle\AppData\Local\Programs\Python\Python312\Lib\site-packages\django\template\base.py", line 196, in compile_nodelist
    return parser.parse()
           ^^^^^^^^^^^^^^
  File "C:\Users\busle\AppData\Local\Programs\Python\Python312\Lib\site-packages\django\template\base.py", line 510, in parse
    raise self.error(token, e)
  File "C:\Users\busle\AppData\Local\Programs\Python\Python312\Lib\site-packages\django\template\base.py", line 508, in parse
    compiled_result = compile_func(self, token)
                      ^^^^^^^^^^^^^^^^^^^^^^^^^
  File "C:\Users\busle\AppData\Local\Programs\Python\Python312\Lib\site-packages\django\template\loader_tags.py", line 295, in do_extends
    nodelist = parser.parse()
               ^^^^^^^^^^^^^^
  File "C:\Users\busle\AppData\Local\Programs\Python\Python312\Lib\site-packages\django\template\base.py", line 510, in parse
    raise self.error(token, e)
  File "C:\Users\busle\AppData\Local\Programs\Python\Python312\Lib\site-packages\django\template\base.py", line 508, in parse
    compiled_result = compile_func(self, token)
                      ^^^^^^^^^^^^^^^^^^^^^^^^^
  File "C:\Users\busle\AppData\Local\Programs\Python\Python312\Lib\site-packages\django\template\loader_tags.py", line 234, in do_block
    nodelist = parser.parse(("endblock",))
               ^^^^^^^^^^^^^^^^^^^^^^^^^^^
  File "C:\Users\busle\AppData\Local\Programs\Python\Python312\Lib\site-packages\django\template\base.py", line 510, in parse
    raise self.error(token, e)
  File "C:\Users\busle\AppData\Local\Programs\Python\Python312\Lib\site-packages\django\template\base.py", line 508, in parse
    compiled_result = compile_func(self, token)
                      ^^^^^^^^^^^^^^^^^^^^^^^^^
  File "C:\Users\busle\AppData\Local\Programs\Python\Python312\Lib\site-packages\django\template\defaulttags.py", line 861, in do_for
    nodelist_loop = parser.parse(
                    ^^^^^^^^^^^^^
  File "C:\Users\busle\AppData\Local\Programs\Python\Python312\Lib\site-packages\django\template\base.py", line 504, in parse
    self.invalid_block_tag(token, command, parse_until)
  File "C:\Users\busle\AppData\Local\Programs\Python\Python312\Lib\site-packages\django\template\base.py", line 555, in invalid_block_tag
    raise self.error(
django.template.exceptions.TemplateSyntaxError: Invalid block tag on line 8: 'order.customer.name', expected 'empty' or 'endfor'. Did you forget to register or load this tag?
"GET /myapp2/by_user/28/ HTTP/1.1" 500 195428
Watching for file changes with StatReloader
"GET /myapp2/by_user/28/ HTTP/1.1" 200 4618
"GET /myapp2/by_user/28/ HTTP/1.1" 200 4506
"GET /myapp2/by_user/28/ HTTP/1.1" 200 4497
C:\Users\busle\PycharmProjects\pythonProject3\myproject\myapp2\views.py changed, reloading.
Watching for file changes with StatReloader
C:\Users\busle\PycharmProjects\pythonProject3\myproject\myapp2\views.py changed, reloading.
Watching for file changes with StatReloader
C:\Users\busle\PycharmProjects\pythonProject3\myproject\myapp2\views.py changed, reloading.
Watching for file changes with StatReloader
C:\Users\busle\PycharmProjects\pythonProject3\myproject\myapp2\views.py changed, reloading.
Watching for file changes with StatReloader
Internal Server Error: /myapp2/by_user/28/
Traceback (most recent call last):
  File "C:\Users\busle\AppData\Local\Programs\Python\Python312\Lib\site-packages\django\core\handlers\exception.py", line 55, in inner
    response = get_response(request)
               ^^^^^^^^^^^^^^^^^^^^^
  File "C:\Users\busle\AppData\Local\Programs\Python\Python312\Lib\site-packages\django\core\handlers\base.py", line 197, in _get_response
    response = wrapped_callback(request, *callback_args, **callback_kwargs)
               ^^^^^^^^^^^^^^^^^^^^^^^^^^^^^^^^^^^^^^^^^^^^^^^^^^^^^^^^^^^^
  File "C:\Users\busle\PycharmProjects\pythonProject3\myproject\myapp2\views.py", line 20, in products_ordered_by_user
    products=order_ht_product_ht.from_db(order=order).distinct()
             ^^^^^^^^^^^^^^^^^^^^^^^^^^^^^^^^^^^^^^^^
TypeError: Model.from_db() got an unexpected keyword argument 'order'
"GET /myapp2/by_user/28/ HTTP/1.1" 500 70832
C:\Users\busle\PycharmProjects\pythonProject3\myproject\myapp2\views.py changed, reloading.
Watching for file changes with StatReloader
Internal Server Error: /myapp2/by_user/28/
Traceback (most recent call last):
  File "C:\Users\busle\AppData\Local\Programs\Python\Python312\Lib\site-packages\django\core\handlers\exception.py", line 55, in inner
    response = get_response(request)
               ^^^^^^^^^^^^^^^^^^^^^
  File "C:\Users\busle\AppData\Local\Programs\Python\Python312\Lib\site-packages\django\core\handlers\base.py", line 197, in _get_response
    response = wrapped_callback(request, *callback_args, **callback_kwargs)
               ^^^^^^^^^^^^^^^^^^^^^^^^^^^^^^^^^^^^^^^^^^^^^^^^^^^^^^^^^^^^
  File "C:\Users\busle\PycharmProjects\pythonProject3\myproject\myapp2\views.py", line 20, in products_ordered_by_user
    product=order_ht_product_ht.from_db(order=order).distinct()
            ^^^^^^^^^^^^^^^^^^^^^^^^^^^^^^^^^^^^^^^^
TypeError: Model.from_db() got an unexpected keyword argument 'order'
"GET /myapp2/by_user/28/ HTTP/1.1" 500 70819
Internal Server Error: /myapp2/by_user/28/
Traceback (most recent call last):
  File "C:\Users\busle\AppData\Local\Programs\Python\Python312\Lib\site-packages\django\core\handlers\exception.py", line 55, in inner
    response = get_response(request)
               ^^^^^^^^^^^^^^^^^^^^^
  File "C:\Users\busle\AppData\Local\Programs\Python\Python312\Lib\site-packages\django\core\handlers\base.py", line 197, in _get_response
    response = wrapped_callback(request, *callback_args, **callback_kwargs)
               ^^^^^^^^^^^^^^^^^^^^^^^^^^^^^^^^^^^^^^^^^^^^^^^^^^^^^^^^^^^^
  File "C:\Users\busle\PycharmProjects\pythonProject3\myproject\myapp2\views.py", line 20, in products_ordered_by_user
    product=order_ht_product_ht.from_db(order=order).distinct()
            ^^^^^^^^^^^^^^^^^^^^^^^^^^^^^^^^^^^^^^^^
TypeError: Model.from_db() got an unexpected keyword argument 'order'
"GET /myapp2/by_user/28/ HTTP/1.1" 500 70819
C:\Users\busle\PycharmProjects\pythonProject3\myproject\myapp2\views.py changed, reloading.
Watching for file changes with StatReloader
"GET /myapp2/by_user/28/ HTTP/1.1" 200 4478
C:\Users\busle\PycharmProjects\pythonProject3\myproject\myapp2\views.py changed, reloading.
Watching for file changes with StatReloader
"GET /myapp2/by_user/28/ HTTP/1.1" 200 4478
C:\Users\busle\PycharmProjects\pythonProject3\myproject\myapp2\views.py changed, reloading.
Watching for file changes with StatReloader
"GET /myapp2/by_user/28/ HTTP/1.1" 200 4478
C:\Users\busle\PycharmProjects\pythonProject3\myproject\myapp2\views.py changed, reloading.
Watching for file changes with StatReloader
Internal Server Error: /myapp2/by_user/28/
Traceback (most recent call last):
  File "C:\Users\busle\AppData\Local\Programs\Python\Python312\Lib\site-packages\django\core\handlers\exception.py", line 55, in inner
    response = get_response(request)
               ^^^^^^^^^^^^^^^^^^^^^
  File "C:\Users\busle\AppData\Local\Programs\Python\Python312\Lib\site-packages\django\core\handlers\base.py", line 197, in _get_response
    response = wrapped_callback(request, *callback_args, **callback_kwargs)
               ^^^^^^^^^^^^^^^^^^^^^^^^^^^^^^^^^^^^^^^^^^^^^^^^^^^^^^^^^^^^
  File "C:\Users\busle\PycharmProjects\pythonProject3\myproject\myapp2\views.py", line 21, in products_ordered_by_user
    print(product.name)
          ^^^^^^^^^^^^
AttributeError: 'QuerySet' object has no attribute 'name'
"GET /myapp2/by_user/28/ HTTP/1.1" 500 75209
C:\Users\busle\PycharmProjects\pythonProject3\myproject\myapp2\views.py changed, reloading.
Watching for file changes with StatReloader
Internal Server Error: /myapp2/by_user/28/
Traceback (most recent call last):
  File "C:\Users\busle\AppData\Local\Programs\Python\Python312\Lib\site-packages\django\core\handlers\exception.py", line 55, in inner
    response = get_response(request)
               ^^^^^^^^^^^^^^^^^^^^^
  File "C:\Users\busle\AppData\Local\Programs\Python\Python312\Lib\site-packages\django\core\handlers\base.py", line 197, in _get_response
    response = wrapped_callback(request, *callback_args, **callback_kwargs)
               ^^^^^^^^^^^^^^^^^^^^^^^^^^^^^^^^^^^^^^^^^^^^^^^^^^^^^^^^^^^^
  File "C:\Users\busle\PycharmProjects\pythonProject3\myproject\myapp2\views.py", line 21, in products_ordered_by_user
    print(product.id.name)
          ^^^^^^^^^^
AttributeError: 'QuerySet' object has no attribute 'id'
"GET /myapp2/by_user/28/ HTTP/1.1" 500 75203
C:\Users\busle\PycharmProjects\pythonProject3\myproject\myapp2\views.py changed, reloading.
Watching for file changes with StatReloader
"GET /myapp2/by_user/28/ HTTP/1.1" 200 4478
C:\Users\busle\PycharmProjects\pythonProject3\myproject\myapp2\views.py changed, reloading.
Watching for file changes with StatReloader
Internal Server Error: /myapp2/by_user/28/
Traceback (most recent call last):
  File "C:\Users\busle\AppData\Local\Programs\Python\Python312\Lib\site-packages\django\core\handlers\exception.py", line 55, in inner
    response = get_response(request)
               ^^^^^^^^^^^^^^^^^^^^^
  File "C:\Users\busle\AppData\Local\Programs\Python\Python312\Lib\site-packages\django\core\handlers\base.py", line 197, in _get_response
    response = wrapped_callback(request, *callback_args, **callback_kwargs)
               ^^^^^^^^^^^^^^^^^^^^^^^^^^^^^^^^^^^^^^^^^^^^^^^^^^^^^^^^^^^^
  File "C:\Users\busle\PycharmProjects\pythonProject3\myproject\myapp2\views.py", line 22, in products_ordered_by_user
    print(pr.name)
          ^^^^^^^
AttributeError: 'order_ht_product_ht' object has no attribute 'name'
"GET /myapp2/by_user/28/ HTTP/1.1" 500 75727
C:\Users\busle\PycharmProjects\pythonProject3\myproject\myapp2\views.py changed, reloading.
Watching for file changes with StatReloader
"GET /myapp2/by_user/28/ HTTP/1.1" 200 4478
C:\Users\busle\PycharmProjects\pythonProject3\myproject\myapp2\views.py changed, reloading.
Watching for file changes with StatReloader
"GET /myapp2/by_user/28/ HTTP/1.1" 200 4478
C:\Users\busle\PycharmProjects\pythonProject3\myproject\myapp2\views.py changed, reloading.
Watching for file changes with StatReloader
"GET /myapp2/by_user/28/ HTTP/1.1" 200 4478
C:\Users\busle\PycharmProjects\pythonProject3\myproject\myapp2\views.py changed, reloading.
Watching for file changes with StatReloader
"GET /myapp2/by_user/28/ HTTP/1.1" 200 183
"GET /myapp2/by_user/28/ HTTP/1.1" 200 183
"GET /myapp2/by_user/28/ HTTP/1.1" 200 183
"GET /myapp2/by_user/28/ HTTP/1.1" 200 183
"GET /myapp2/by_user/28/ HTTP/1.1" 200 183
"GET /myapp2/by_user/28/ HTTP/1.1" 200 183
"GET /myapp2/by_user/28/ HTTP/1.1" 200 183
"GET /myapp2/by_user/28/ HTTP/1.1" 200 183
"GET /myapp2/by_user/28/ HTTP/1.1" 200 183
"GET /myapp2/by_user/28/ HTTP/1.1" 200 183
"GET /myapp2/by_user/28/ HTTP/1.1" 200 183
Watching for file changes with StatReloader
"GET /myapp2/by_user/28/ HTTP/1.1" 200 191
"GET /myapp2/by_user/28/ HTTP/1.1" 200 191
"GET /myapp2/by_user/28/ HTTP/1.1" 200 191
"GET /myapp2/by_user/28/ HTTP/1.1" 200 191
"GET /myapp2/by_user/28/ HTTP/1.1" 200 191
"GET /myapp2/by_user/28/ HTTP/1.1" 200 191
"GET /myapp2/by_user/28/ HTTP/1.1" 200 191
C:\Users\busle\PycharmProjects\pythonProject3\myproject\myapp2\views.py changed, reloading.
Watching for file changes with StatReloader
"GET /myapp2/by_user/28/ HTTP/1.1" 200 191
C:\Users\busle\PycharmProjects\pythonProject3\myproject\myapp2\views.py changed, reloading.
Watching for file changes with StatReloader
"GET /myapp2/by_user/28/ HTTP/1.1" 200 191
C:\Users\busle\PycharmProjects\pythonProject3\myproject\myapp2\views.py changed, reloading.
Watching for file changes with StatReloader
"GET /myapp2/by_user/28/ HTTP/1.1" 200 191
C:\Users\busle\PycharmProjects\pythonProject3\myproject\myapp2\views.py changed, reloading.
Watching for file changes with StatReloader
C:\Users\busle\PycharmProjects\pythonProject3\myproject\myapp2\views.py changed, reloading.
Watching for file changes with StatReloader
"GET /myapp2/by_user/28/ HTTP/1.1" 200 251
C:\Users\busle\PycharmProjects\pythonProject3\myproject\myapp2\views.py changed, reloading.
Watching for file changes with StatReloader
"GET /myapp2/by_user/28/ HTTP/1.1" 200 285
"GET /myapp2/by_user/28/ HTTP/1.1" 200 327
"GET /myapp2/by_user/28/ HTTP/1.1" 200 326
"GET /myapp2/by_user/28/ HTTP/1.1" 200 384
C:\Users\busle\PycharmProjects\pythonProject3\myproject\myapp2\views.py changed, reloading.
Watching for file changes with StatReloader
Internal Server Error: /myapp2/by_user/28/7/
Traceback (most recent call last):
  File "C:\Users\busle\AppData\Local\Programs\Python\Python312\Lib\site-packages\django\core\handlers\exception.py", line 55, in inner
    response = get_response(request)
               ^^^^^^^^^^^^^^^^^^^^^
  File "C:\Users\busle\AppData\Local\Programs\Python\Python312\Lib\site-packages\django\core\handlers\base.py", line 197, in _get_response
    response = wrapped_callback(request, *callback_args, **callback_kwargs)
               ^^^^^^^^^^^^^^^^^^^^^^^^^^^^^^^^^^^^^^^^^^^^^^^^^^^^^^^^^^^^
  File "C:\Users\busle\PycharmProjects\pythonProject3\myproject\myapp2\views.py", line 15, in products_ordered_by_user
    print((datetime.date-q_day))
           ~~~~~~~~~~~~~^~~~~~
TypeError: unsupported operand type(s) for -: 'type' and 'int'
"GET /myapp2/by_user/28/7/ HTTP/1.1" 500 66133
C:\Users\busle\PycharmProjects\pythonProject3\myproject\myapp2\views.py changed, reloading.
Watching for file changes with StatReloader
"GET /myapp2/by_user/28/7/ HTTP/1.1" 200 384
C:\Users\busle\PycharmProjects\pythonProject3\myproject\myapp2\views.py changed, reloading.
Watching for file changes with StatReloader
Internal Server Error: /myapp2/by_user/28/7/
Traceback (most recent call last):
  File "C:\Users\busle\AppData\Local\Programs\Python\Python312\Lib\site-packages\django\core\handlers\exception.py", line 55, in inner
    response = get_response(request)
               ^^^^^^^^^^^^^^^^^^^^^
  File "C:\Users\busle\AppData\Local\Programs\Python\Python312\Lib\site-packages\django\core\handlers\base.py", line 197, in _get_response
    response = wrapped_callback(request, *callback_args, **callback_kwargs)
               ^^^^^^^^^^^^^^^^^^^^^^^^^^^^^^^^^^^^^^^^^^^^^^^^^^^^^^^^^^^^
  File "C:\Users\busle\PycharmProjects\pythonProject3\myproject\myapp2\views.py", line 16, in products_ordered_by_user
    print(type(datetime.now()))
               ^^^^^^^^^^^^
AttributeError: module 'datetime' has no attribute 'now'
"GET /myapp2/by_user/28/7/ HTTP/1.1" 500 66270
C:\Users\busle\PycharmProjects\pythonProject3\myproject\myapp2\views.py changed, reloading.
Watching for file changes with StatReloader
"GET /myapp2/by_user/28/7/ HTTP/1.1" 200 384
C:\Users\busle\PycharmProjects\pythonProject3\myproject\myapp2\views.py changed, reloading.
Watching for file changes with StatReloader
"GET /myapp2/by_user/28/7/ HTTP/1.1" 200 385
"GET /myapp2/by_user/28/7/ HTTP/1.1" 200 385
"GET /myapp2/by_user/28/7/ HTTP/1.1" 200 385
"GET /myapp2/by_user/28/7/ HTTP/1.1" 200 385
Watching for file changes with StatReloader
"GET /myapp2/by_user/28/7/ HTTP/1.1" 200 385
"GET /myapp2/by_user/28/7/ HTTP/1.1" 200 385
C:\Users\busle\PycharmProjects\pythonProject3\myproject\myapp2\views.py changed, reloading.
Watching for file changes with StatReloader
"GET /myapp2/by_user/28/7/ HTTP/1.1" 200 385
"GET /myapp2/by_user/28/7/ HTTP/1.1" 200 386
"GET /myapp2/by_user/28/365/ HTTP/1.1" 200 388
C:\Users\busle\PycharmProjects\pythonProject3\myproject\myapp2\views.py changed, reloading.
Watching for file changes with StatReloader
"GET /myapp2/by_user/28/365/ HTTP/1.1" 200 388
C:\Users\busle\PycharmProjects\pythonProject3\myproject\myapp2\views.py changed, reloading.
Watching for file changes with StatReloader
"GET /myapp2/by_user/28/365/ HTTP/1.1" 200 388
C:\Users\busle\PycharmProjects\pythonProject3\myproject\myapp2\views.py changed, reloading.
Watching for file changes with StatReloader
C:\Users\busle\PycharmProjects\pythonProject3\myproject\myapp2\views.py changed, reloading.
Watching for file changes with StatReloader
C:\Users\busle\PycharmProjects\pythonProject3\myproject\myapp2\views.py changed, reloading.
Watching for file changes with StatReloader
"GET /myapp2/by_user/28/365/ HTTP/1.1" 200 328
"GET /myapp2/by_user/28/365/ HTTP/1.1" 200 328
Internal Server Error: /myapp2/by_user/28/1/
Traceback (most recent call last):
  File "C:\Users\busle\AppData\Local\Programs\Python\Python312\Lib\site-packages\django\core\handlers\exception.py", line 55, in inner
    response = get_response(request)
               ^^^^^^^^^^^^^^^^^^^^^
  File "C:\Users\busle\AppData\Local\Programs\Python\Python312\Lib\site-packages\django\core\handlers\base.py", line 197, in _get_response
    response = wrapped_callback(request, *callback_args, **callback_kwargs)
               ^^^^^^^^^^^^^^^^^^^^^^^^^^^^^^^^^^^^^^^^^^^^^^^^^^^^^^^^^^^^
  File "C:\Users\busle\PycharmProjects\pythonProject3\myproject\myapp2\views.py", line 28, in products_ordered_by_user
    'product': product,
               ^^^^^^^
UnboundLocalError: cannot access local variable 'product' where it is not associated with a value
"GET /myapp2/by_user/28/1/ HTTP/1.1" 500 66595
Internal Server Error: /myapp2/by_user/28/1/
Traceback (most recent call last):
  File "C:\Users\busle\AppData\Local\Programs\Python\Python312\Lib\site-packages\django\core\handlers\exception.py", line 55, in inner
    response = get_response(request)
               ^^^^^^^^^^^^^^^^^^^^^
  File "C:\Users\busle\AppData\Local\Programs\Python\Python312\Lib\site-packages\django\core\handlers\base.py", line 197, in _get_response
    response = wrapped_callback(request, *callback_args, **callback_kwargs)
               ^^^^^^^^^^^^^^^^^^^^^^^^^^^^^^^^^^^^^^^^^^^^^^^^^^^^^^^^^^^^
  File "C:\Users\busle\PycharmProjects\pythonProject3\myproject\myapp2\views.py", line 28, in products_ordered_by_user
    'product': product,
               ^^^^^^^
UnboundLocalError: cannot access local variable 'product' where it is not associated with a value
"GET /myapp2/by_user/28/1/ HTTP/1.1" 500 66732
Internal Server Error: /myapp2/by_user/28/1/
Traceback (most recent call last):
  File "C:\Users\busle\AppData\Local\Programs\Python\Python312\Lib\site-packages\django\core\handlers\exception.py", line 55, in inner
    response = get_response(request)
               ^^^^^^^^^^^^^^^^^^^^^
  File "C:\Users\busle\AppData\Local\Programs\Python\Python312\Lib\site-packages\django\core\handlers\base.py", line 197, in _get_response
    response = wrapped_callback(request, *callback_args, **callback_kwargs)
               ^^^^^^^^^^^^^^^^^^^^^^^^^^^^^^^^^^^^^^^^^^^^^^^^^^^^^^^^^^^^
  File "C:\Users\busle\PycharmProjects\pythonProject3\myproject\myapp2\views.py", line 28, in products_ordered_by_user
    'product': product,
               ^^^^^^^
UnboundLocalError: cannot access local variable 'product' where it is not associated with a value
"GET /myapp2/by_user/28/1/ HTTP/1.1" 500 66732
Watching for file changes with StatReloader
Internal Server Error: /myapp2/by_user/28/1/
Traceback (most recent call last):
  File "C:\Users\busle\AppData\Local\Programs\Python\Python312\Lib\site-packages\django\core\handlers\exception.py", line 55, in inner
    response = get_response(request)
               ^^^^^^^^^^^^^^^^^^^^^
  File "C:\Users\busle\AppData\Local\Programs\Python\Python312\Lib\site-packages\django\core\handlers\base.py", line 197, in _get_response
    response = wrapped_callback(request, *callback_args, **callback_kwargs)
               ^^^^^^^^^^^^^^^^^^^^^^^^^^^^^^^^^^^^^^^^^^^^^^^^^^^^^^^^^^^^
  File "C:\Users\busle\PycharmProjects\pythonProject3\myproject\myapp2\views.py", line 28, in products_ordered_by_user
    'product': product,
               ^^^^^^^
UnboundLocalError: cannot access local variable 'product' where it is not associated with a value
"GET /myapp2/by_user/28/1/ HTTP/1.1" 500 66732
C:\Users\busle\PycharmProjects\pythonProject3\myproject\myapp2\views.py changed, reloading.
Watching for file changes with StatReloader
"GET /myapp2/by_user/28/1/ HTTP/1.1" 200 284
"GET /myapp2/by_user/28/1/ HTTP/1.1" 200 284
"GET /myapp2/by_user/28/1/ HTTP/1.1" 200 284
C:\Users\busle\PycharmProjects\pythonProject3\myproject\myapp2\views.py changed, reloading.
Watching for file changes with StatReloader
"GET /myapp2/by_user/28/1/ HTTP/1.1" 200 284
"GET /myapp2/by_user/28/1/ HTTP/1.1" 200 284
"GET /myapp2/by_user/28/1/ HTTP/1.1" 200 284
"GET /myapp2/by_user/28/1/ HTTP/1.1" 200 284
C:\Users\busle\PycharmProjects\pythonProject3\myproject\myapp2\views.py changed, reloading.
Watching for file changes with StatReloader
"GET /myapp2/by_user/28/1/ HTTP/1.1" 200 284
C:\Users\busle\PycharmProjects\pythonProject3\myproject\myapp2\views.py changed, reloading.
Watching for file changes with StatReloader
"GET /myapp2/by_user/28/1/ HTTP/1.1" 200 284
"GET /myapp2/by_user/28/1/ HTTP/1.1" 200 284
C:\Users\busle\PycharmProjects\pythonProject3\myproject\myapp2\views.py changed, reloading.
Watching for file changes with StatReloader
"GET /myapp2/by_user/28/1/ HTTP/1.1" 200 284
"GET /myapp2/by_user/28/1/ HTTP/1.1" 200 284
C:\Users\busle\PycharmProjects\pythonProject3\myproject\myapp2\views.py changed, reloading.
Watching for file changes with StatReloader
"GET /myapp2/by_user/28/1/ HTTP/1.1" 200 284
"GET /myapp2/by_user/28/1/ HTTP/1.1" 200 284
"GET /myapp2/by_user/28/1/ HTTP/1.1" 200 284
Watching for file changes with StatReloader
"GET /myapp2/by_user/28/1/ HTTP/1.1" 200 284
C:\Users\busle\PycharmProjects\pythonProject3\myproject\myapp2\views.py changed, reloading.
Watching for file changes with StatReloader
"GET /myapp2/by_user/28/1/ HTTP/1.1" 200 284
C:\Users\busle\PycharmProjects\pythonProject3\myproject\myapp2\views.py changed, reloading.
Watching for file changes with StatReloader
"GET /myapp2/by_user/28/1/ HTTP/1.1" 200 284
C:\Users\busle\PycharmProjects\pythonProject3\myproject\myapp2\views.py changed, reloading.
Watching for file changes with StatReloader
"GET /myapp2/by_user/35/1/ HTTP/1.1" 200 284
Watching for file changes with StatReloader
"GET /myapp2/by_user/35/1/ HTTP/1.1" 200 284
"GET /myapp2/by_user/35/1/ HTTP/1.1" 200 284
"GET /myapp2/by_user/35/1/ HTTP/1.1" 200 284
C:\Users\busle\PycharmProjects\pythonProject3\myproject\myapp2\views.py changed, reloading.
Watching for file changes with StatReloader
"GET /myapp2/by_user/35/1/ HTTP/1.1" 200 284
Watching for file changes with StatReloader
"GET /myapp2/by_user/35/1/ HTTP/1.1" 200 284
C:\Users\busle\PycharmProjects\pythonProject3\myproject\myapp2\views.py changed, reloading.
Watching for file changes with StatReloader
"GET /myapp2/by_user/35/1/ HTTP/1.1" 200 284
C:\Users\busle\PycharmProjects\pythonProject3\myproject\myapp2\views.py changed, reloading.
Watching for file changes with StatReloader
"GET /myapp2/by_user/35/1/ HTTP/1.1" 200 284
"GET /myapp2/by_user/35/1/ HTTP/1.1" 200 284
"GET /myapp2/by_user/35/1/ HTTP/1.1" 200 284
"GET /myapp2/by_user/35/1/ HTTP/1.1" 200 284
"GET /myapp2/by_user/35/1/ HTTP/1.1" 200 284
"GET /myapp2/by_user/35/1/ HTTP/1.1" 200 284
"GET /myapp2/by_user/35/1/ HTTP/1.1" 200 284
"GET /myapp2/by_user/28/1/ HTTP/1.1" 200 386
"GET /myapp2/by_user/28/365/ HTTP/1.1" 200 286
"GET /myapp2/by_user/28/30/ HTTP/1.1" 200 285
"GET /myapp2/by_user/28/5/ HTTP/1.1" 200 386
"GET /myapp2/by_user/28/50/ HTTP/1.1" 200 285
Not Found: /myapp2/by_user/28/-20/
"GET /myapp2/by_user/28/-20/ HTTP/1.1" 404 3520
"GET /myapp2/by_user/28/20/ HTTP/1.1" 200 285
"GET /myapp2/by_user/28/7/ HTTP/1.1" 200 284
"GET /myapp2/by_user/28/6/ HTTP/1.1" 200 284
"GET /myapp2/by_user/28/5/ HTTP/1.1" 200 386
"GET /myapp2/by_user/28/5/ HTTP/1.1" 200 386
"GET /myapp2/by_user/28/364/ HTTP/1.1" 200 286
"GET /myapp2/by_user/28/30/ HTTP/1.1" 200 285
"GET /myapp2/by_user/28/7/ HTTP/1.1" 200 284
"GET /myapp2/by_user/28/5/ HTTP/1.1" 200 386
